This is pdfTeX, Version 3.14159265-2.6-1.40.16 (TeX Live 2015/Debian) (preloaded format=pdflatex 2015.10.22)  28 JAN 2016 00:30
entering extended mode
 restricted \write18 enabled.
 %&-line parsing enabled.
**refman.tex
(./refman.tex
LaTeX2e <2015/01/01>
Babel <3.9l> and hyphenation patterns for 9 languages loaded.
(/usr/share/texlive/texmf-dist/tex/latex/base/book.cls
Document Class: book 2014/09/29 v1.4h Standard LaTeX document class
(/usr/share/texlive/texmf-dist/tex/latex/base/bk10.clo
File: bk10.clo 2014/09/29 v1.4h Standard LaTeX file (size option)
)
\c@part=\count79
\c@chapter=\count80
\c@section=\count81
\c@subsection=\count82
\c@subsubsection=\count83
\c@paragraph=\count84
\c@subparagraph=\count85
\c@figure=\count86
\c@table=\count87
\abovecaptionskip=\skip41
\belowcaptionskip=\skip42
\bibindent=\dimen102
)
(/usr/share/texlive/texmf-dist/tex/latex/base/fixltx2e.sty
Package: fixltx2e 2015/02/21 v2.0a fixes to LaTeX (obsolete)


Package fixltx2e Warning: fixltx2e is not required with releases after 2015
(fixltx2e)                All fixes are now in the LaTeX kernel.
(fixltx2e)                See the latexrelease package for details.

) (/usr/share/texlive/texmf-dist/tex/latex/tools/calc.sty
Package: calc 2014/10/28 v4.3 Infix arithmetic (KKT,FJ)
\calc@Acount=\count88
\calc@Bcount=\count89
\calc@Adimen=\dimen103
\calc@Bdimen=\dimen104
\calc@Askip=\skip43
\calc@Bskip=\skip44
LaTeX Info: Redefining \setlength on input line 80.
LaTeX Info: Redefining \addtolength on input line 81.
\calc@Ccount=\count90
\calc@Cskip=\skip45
) (./doxygen.sty
Package: doxygen 

(/usr/share/texlive/texmf-dist/tex/latex/base/alltt.sty
Package: alltt 1997/06/16 v2.0g defines alltt environment
)
(/usr/share/texlive/texmf-dist/tex/latex/tools/array.sty
Package: array 2014/10/28 v2.4c Tabular extension package (FMi)
\col@sep=\dimen105
\extrarowheight=\dimen106
\NC@list=\toks14
\extratabsurround=\skip46
\backup@length=\skip47
)
(/usr/share/texlive/texmf-dist/tex/latex/float/float.sty
Package: float 2001/11/08 v1.3d Float enhancements (AL)
\c@float@type=\count91
\float@exts=\toks15
\float@box=\box26
\@float@everytoks=\toks16
\@floatcapt=\box27
)
(/usr/share/texlive/texmf-dist/tex/latex/base/ifthen.sty
Package: ifthen 2014/09/29 v1.1c Standard LaTeX ifthen package (DPC)
)
(/usr/share/texlive/texmf-dist/tex/latex/tools/verbatim.sty
Package: verbatim 2014/10/28 v1.5q LaTeX2e package for verbatim enhancements
\every@verbatim=\toks17
\verbatim@line=\toks18
\verbatim@in@stream=\read1
)
(/usr/share/texlive/texmf-dist/tex/latex/xcolor/xcolor.sty
Package: xcolor 2007/01/21 v2.11 LaTeX color extensions (UK)

(/usr/share/texlive/texmf-dist/tex/latex/latexconfig/color.cfg
File: color.cfg 2007/01/18 v1.5 color configuration of teTeX/TeXLive
)
Package xcolor Info: Driver file: pdftex.def on input line 225.

(/usr/share/texlive/texmf-dist/tex/latex/pdftex-def/pdftex.def
File: pdftex.def 2011/05/27 v0.06d Graphics/color for pdfTeX

(/usr/share/texlive/texmf-dist/tex/generic/oberdiek/infwarerr.sty
Package: infwarerr 2010/04/08 v1.3 Providing info/warning/error messages (HO)
)
(/usr/share/texlive/texmf-dist/tex/generic/oberdiek/ltxcmds.sty
Package: ltxcmds 2011/11/09 v1.22 LaTeX kernel commands for general use (HO)
)
\Gread@gobject=\count92
)
(/usr/share/texlive/texmf-dist/tex/latex/colortbl/colortbl.sty
Package: colortbl 2012/02/13 v1.0a Color table columns (DPC)
\everycr=\toks19
\minrowclearance=\skip48
)
\rownum=\count93
Package xcolor Info: Model `cmy' substituted by `cmy0' on input line 1337.
Package xcolor Info: Model `hsb' substituted by `rgb' on input line 1341.
Package xcolor Info: Model `RGB' extended on input line 1353.
Package xcolor Info: Model `HTML' substituted by `rgb' on input line 1355.
Package xcolor Info: Model `Hsb' substituted by `hsb' on input line 1356.
Package xcolor Info: Model `tHsb' substituted by `hsb' on input line 1357.
Package xcolor Info: Model `HSB' substituted by `hsb' on input line 1358.
Package xcolor Info: Model `Gray' substituted by `gray' on input line 1359.
Package xcolor Info: Model `wave' substituted by `hsb' on input line 1360.
)
(/usr/share/texlive/texmf-dist/tex/latex/xtab/xtab.sty
Package: xtab 2011/07/31 v2.3f Extended supertabular package
\c@tracingst=\count94
\PWSTcapht=\dimen107
\ST@wd=\dimen108
\ST@rightskip=\skip49
\ST@leftskip=\skip50
\ST@parfillskip=\skip51
\c@PWSTtable=\count95
\PWSTlastpage=\count96
\PWSTpenultimate=\count97
\PWSTcurpage=\count98
\PWSTtempc=\count99
\PWSTlines=\count100
\PWST@lastht=\dimen109
\PWST@generalht=\dimen110
\PWST@ht=\dimen111
\ST@pageleft=\dimen112
\ST@headht=\dimen113
\ST@tailht=\dimen114
\ST@pagesofar=\dimen115
\ST@pboxht=\dimen116
\ST@lineht=\dimen117
\ST@stretchht=\dimen118
\ST@prevht=\dimen119
\ST@toadd=\dimen120
\ST@dimen=\dimen121
\ST@pbox=\box28
)
\xrefbox=\box29
\xreflength=\skip52
\tmplength=\skip53
)
(/usr/share/texlive/texmf-dist/tex/latex/adjustbox/adjustbox.sty
Package: adjustbox 2012/05/21 v1.0 Adjusting TeX boxes (trim, clip, ...)

(/usr/share/texlive/texmf-dist/tex/latex/xkeyval/xkeyval.sty
Package: xkeyval 2014/12/03 v2.7a package option processing (HA)

(/usr/share/texlive/texmf-dist/tex/generic/xkeyval/xkeyval.tex
(/usr/share/texlive/texmf-dist/tex/generic/xkeyval/xkvutils.tex
\XKV@toks=\toks20
\XKV@tempa@toks=\toks21

(/usr/share/texlive/texmf-dist/tex/generic/xkeyval/keyval.tex))
\XKV@depth=\count101
File: xkeyval.tex 2014/12/03 v2.7a key=value parser (HA)
))
(/usr/share/texlive/texmf-dist/tex/latex/adjustbox/adjcalc.sty
Package: adjcalc 2012/05/16 v1.1 Provides advanced setlength with multiple back
-ends (calc, etex, pgfmath)
)
(/usr/share/texlive/texmf-dist/tex/latex/adjustbox/trimclip.sty
Package: trimclip 2012/05/16 v1.0 Trim and clip general TeX material

(/usr/share/texlive/texmf-dist/tex/latex/graphics/graphicx.sty
Package: graphicx 2014/10/28 v1.0g Enhanced LaTeX Graphics (DPC,SPQR)

(/usr/share/texlive/texmf-dist/tex/latex/graphics/graphics.sty
Package: graphics 2014/10/28 v1.0p Standard LaTeX Graphics (DPC,SPQR)

(/usr/share/texlive/texmf-dist/tex/latex/graphics/trig.sty
Package: trig 1999/03/16 v1.09 sin cos tan (DPC)
)
(/usr/share/texlive/texmf-dist/tex/latex/latexconfig/graphics.cfg
File: graphics.cfg 2010/04/23 v1.9 graphics configuration of TeX Live
)
Package graphics Info: Driver file: pdftex.def on input line 94.
)
\Gin@req@height=\dimen122
\Gin@req@width=\dimen123
)
(/usr/share/texlive/texmf-dist/tex/latex/collectbox/collectbox.sty
Package: collectbox 2012/05/17 v0.4b Collect macro arguments as boxes
\collectedbox=\box30
)
\tc@llx=\dimen124
\tc@lly=\dimen125
\tc@urx=\dimen126
\tc@ury=\dimen127
Package trimclip Info: Using driver 'tc-pdftex.def'.

(/usr/share/texlive/texmf-dist/tex/latex/adjustbox/tc-pdftex.def
File: tc-pdftex.def 2012/05/13 v1.0 Clipping driver for pdftex
))
\adjbox@Width=\dimen128
\adjbox@Height=\dimen129
\adjbox@Depth=\dimen130
\adjbox@Totalheight=\dimen131

(/usr/share/texlive/texmf-dist/tex/latex/ifoddpage/ifoddpage.sty
Package: ifoddpage 2011/09/13 v1.0 Conditionals for odd/even page detection
\c@checkoddpage=\count102
)
(/usr/share/texlive/texmf-dist/tex/latex/varwidth/varwidth.sty
Package: varwidth 2009/03/30 ver 0.92;  Variable-width minipages
\@vwid@box=\box31
\sift@deathcycles=\count103
\@vwid@loff=\dimen132
\@vwid@roff=\dimen133
))
(/usr/share/texlive/texmf-dist/tex/latex/base/inputenc.sty
Package: inputenc 2015/03/17 v1.2c Input encoding file
\inpenc@prehook=\toks22
\inpenc@posthook=\toks23

(/usr/share/texlive/texmf-dist/tex/latex/base/utf8.def
File: utf8.def 2014/09/29 v1.1m UTF-8 support for inputenc
Now handling font encoding OML ...
... no UTF-8 mapping file for font encoding OML
Now handling font encoding T1 ...
... processing UTF-8 mapping file for font encoding T1

(/usr/share/texlive/texmf-dist/tex/latex/base/t1enc.dfu
File: t1enc.dfu 2014/09/29 v1.1m UTF-8 support for inputenc
   defining Unicode char U+00A1 (decimal 161)
   defining Unicode char U+00A3 (decimal 163)
   defining Unicode char U+00AB (decimal 171)
   defining Unicode char U+00BB (decimal 187)
   defining Unicode char U+00BF (decimal 191)
   defining Unicode char U+00C0 (decimal 192)
   defining Unicode char U+00C1 (decimal 193)
   defining Unicode char U+00C2 (decimal 194)
   defining Unicode char U+00C3 (decimal 195)
   defining Unicode char U+00C4 (decimal 196)
   defining Unicode char U+00C5 (decimal 197)
   defining Unicode char U+00C6 (decimal 198)
   defining Unicode char U+00C7 (decimal 199)
   defining Unicode char U+00C8 (decimal 200)
   defining Unicode char U+00C9 (decimal 201)
   defining Unicode char U+00CA (decimal 202)
   defining Unicode char U+00CB (decimal 203)
   defining Unicode char U+00CC (decimal 204)
   defining Unicode char U+00CD (decimal 205)
   defining Unicode char U+00CE (decimal 206)
   defining Unicode char U+00CF (decimal 207)
   defining Unicode char U+00D0 (decimal 208)
   defining Unicode char U+00D1 (decimal 209)
   defining Unicode char U+00D2 (decimal 210)
   defining Unicode char U+00D3 (decimal 211)
   defining Unicode char U+00D4 (decimal 212)
   defining Unicode char U+00D5 (decimal 213)
   defining Unicode char U+00D6 (decimal 214)
   defining Unicode char U+00D8 (decimal 216)
   defining Unicode char U+00D9 (decimal 217)
   defining Unicode char U+00DA (decimal 218)
   defining Unicode char U+00DB (decimal 219)
   defining Unicode char U+00DC (decimal 220)
   defining Unicode char U+00DD (decimal 221)
   defining Unicode char U+00DE (decimal 222)
   defining Unicode char U+00DF (decimal 223)
   defining Unicode char U+00E0 (decimal 224)
   defining Unicode char U+00E1 (decimal 225)
   defining Unicode char U+00E2 (decimal 226)
   defining Unicode char U+00E3 (decimal 227)
   defining Unicode char U+00E4 (decimal 228)
   defining Unicode char U+00E5 (decimal 229)
   defining Unicode char U+00E6 (decimal 230)
   defining Unicode char U+00E7 (decimal 231)
   defining Unicode char U+00E8 (decimal 232)
   defining Unicode char U+00E9 (decimal 233)
   defining Unicode char U+00EA (decimal 234)
   defining Unicode char U+00EB (decimal 235)
   defining Unicode char U+00EC (decimal 236)
   defining Unicode char U+00ED (decimal 237)
   defining Unicode char U+00EE (decimal 238)
   defining Unicode char U+00EF (decimal 239)
   defining Unicode char U+00F0 (decimal 240)
   defining Unicode char U+00F1 (decimal 241)
   defining Unicode char U+00F2 (decimal 242)
   defining Unicode char U+00F3 (decimal 243)
   defining Unicode char U+00F4 (decimal 244)
   defining Unicode char U+00F5 (decimal 245)
   defining Unicode char U+00F6 (decimal 246)
   defining Unicode char U+00F8 (decimal 248)
   defining Unicode char U+00F9 (decimal 249)
   defining Unicode char U+00FA (decimal 250)
   defining Unicode char U+00FB (decimal 251)
   defining Unicode char U+00FC (decimal 252)
   defining Unicode char U+00FD (decimal 253)
   defining Unicode char U+00FE (decimal 254)
   defining Unicode char U+00FF (decimal 255)
   defining Unicode char U+0102 (decimal 258)
   defining Unicode char U+0103 (decimal 259)
   defining Unicode char U+0104 (decimal 260)
   defining Unicode char U+0105 (decimal 261)
   defining Unicode char U+0106 (decimal 262)
   defining Unicode char U+0107 (decimal 263)
   defining Unicode char U+010C (decimal 268)
   defining Unicode char U+010D (decimal 269)
   defining Unicode char U+010E (decimal 270)
   defining Unicode char U+010F (decimal 271)
   defining Unicode char U+0110 (decimal 272)
   defining Unicode char U+0111 (decimal 273)
   defining Unicode char U+0118 (decimal 280)
   defining Unicode char U+0119 (decimal 281)
   defining Unicode char U+011A (decimal 282)
   defining Unicode char U+011B (decimal 283)
   defining Unicode char U+011E (decimal 286)
   defining Unicode char U+011F (decimal 287)
   defining Unicode char U+0130 (decimal 304)
   defining Unicode char U+0131 (decimal 305)
   defining Unicode char U+0132 (decimal 306)
   defining Unicode char U+0133 (decimal 307)
   defining Unicode char U+0139 (decimal 313)
   defining Unicode char U+013A (decimal 314)
   defining Unicode char U+013D (decimal 317)
   defining Unicode char U+013E (decimal 318)
   defining Unicode char U+0141 (decimal 321)
   defining Unicode char U+0142 (decimal 322)
   defining Unicode char U+0143 (decimal 323)
   defining Unicode char U+0144 (decimal 324)
   defining Unicode char U+0147 (decimal 327)
   defining Unicode char U+0148 (decimal 328)
   defining Unicode char U+014A (decimal 330)
   defining Unicode char U+014B (decimal 331)
   defining Unicode char U+0150 (decimal 336)
   defining Unicode char U+0151 (decimal 337)
   defining Unicode char U+0152 (decimal 338)
   defining Unicode char U+0153 (decimal 339)
   defining Unicode char U+0154 (decimal 340)
   defining Unicode char U+0155 (decimal 341)
   defining Unicode char U+0158 (decimal 344)
   defining Unicode char U+0159 (decimal 345)
   defining Unicode char U+015A (decimal 346)
   defining Unicode char U+015B (decimal 347)
   defining Unicode char U+015E (decimal 350)
   defining Unicode char U+015F (decimal 351)
   defining Unicode char U+0160 (decimal 352)
   defining Unicode char U+0161 (decimal 353)
   defining Unicode char U+0162 (decimal 354)
   defining Unicode char U+0163 (decimal 355)
   defining Unicode char U+0164 (decimal 356)
   defining Unicode char U+0165 (decimal 357)
   defining Unicode char U+016E (decimal 366)
   defining Unicode char U+016F (decimal 367)
   defining Unicode char U+0170 (decimal 368)
   defining Unicode char U+0171 (decimal 369)
   defining Unicode char U+0178 (decimal 376)
   defining Unicode char U+0179 (decimal 377)
   defining Unicode char U+017A (decimal 378)
   defining Unicode char U+017B (decimal 379)
   defining Unicode char U+017C (decimal 380)
   defining Unicode char U+017D (decimal 381)
   defining Unicode char U+017E (decimal 382)
   defining Unicode char U+200C (decimal 8204)
   defining Unicode char U+2013 (decimal 8211)
   defining Unicode char U+2014 (decimal 8212)
   defining Unicode char U+2018 (decimal 8216)
   defining Unicode char U+2019 (decimal 8217)
   defining Unicode char U+201A (decimal 8218)
   defining Unicode char U+201C (decimal 8220)
   defining Unicode char U+201D (decimal 8221)
   defining Unicode char U+201E (decimal 8222)
   defining Unicode char U+2030 (decimal 8240)
   defining Unicode char U+2031 (decimal 8241)
   defining Unicode char U+2039 (decimal 8249)
   defining Unicode char U+203A (decimal 8250)
   defining Unicode char U+2423 (decimal 9251)
)
Now handling font encoding OT1 ...
... processing UTF-8 mapping file for font encoding OT1

(/usr/share/texlive/texmf-dist/tex/latex/base/ot1enc.dfu
File: ot1enc.dfu 2014/09/29 v1.1m UTF-8 support for inputenc
   defining Unicode char U+00A1 (decimal 161)
   defining Unicode char U+00A3 (decimal 163)
   defining Unicode char U+00B8 (decimal 184)
   defining Unicode char U+00BF (decimal 191)
   defining Unicode char U+00C5 (decimal 197)
   defining Unicode char U+00C6 (decimal 198)
   defining Unicode char U+00D8 (decimal 216)
   defining Unicode char U+00DF (decimal 223)
   defining Unicode char U+00E6 (decimal 230)
   defining Unicode char U+00EC (decimal 236)
   defining Unicode char U+00ED (decimal 237)
   defining Unicode char U+00EE (decimal 238)
   defining Unicode char U+00EF (decimal 239)
   defining Unicode char U+00F8 (decimal 248)
   defining Unicode char U+0131 (decimal 305)
   defining Unicode char U+0141 (decimal 321)
   defining Unicode char U+0142 (decimal 322)
   defining Unicode char U+0152 (decimal 338)
   defining Unicode char U+0153 (decimal 339)
   defining Unicode char U+2013 (decimal 8211)
   defining Unicode char U+2014 (decimal 8212)
   defining Unicode char U+2018 (decimal 8216)
   defining Unicode char U+2019 (decimal 8217)
   defining Unicode char U+201C (decimal 8220)
   defining Unicode char U+201D (decimal 8221)
)
Now handling font encoding OMS ...
... processing UTF-8 mapping file for font encoding OMS

(/usr/share/texlive/texmf-dist/tex/latex/base/omsenc.dfu
File: omsenc.dfu 2014/09/29 v1.1m UTF-8 support for inputenc
   defining Unicode char U+00A7 (decimal 167)
   defining Unicode char U+00B6 (decimal 182)
   defining Unicode char U+00B7 (decimal 183)
   defining Unicode char U+2020 (decimal 8224)
   defining Unicode char U+2021 (decimal 8225)
   defining Unicode char U+2022 (decimal 8226)
)
Now handling font encoding OMX ...
... no UTF-8 mapping file for font encoding OMX
Now handling font encoding U ...
... no UTF-8 mapping file for font encoding U
   defining Unicode char U+00A9 (decimal 169)
   defining Unicode char U+00AA (decimal 170)
   defining Unicode char U+00AE (decimal 174)
   defining Unicode char U+00BA (decimal 186)
   defining Unicode char U+02C6 (decimal 710)
   defining Unicode char U+02DC (decimal 732)
   defining Unicode char U+200C (decimal 8204)
   defining Unicode char U+2026 (decimal 8230)
   defining Unicode char U+2122 (decimal 8482)
   defining Unicode char U+2423 (decimal 9251)
))
(/usr/share/texlive/texmf-dist/tex/latex/base/makeidx.sty
Package: makeidx 2014/09/29 v1.0m Standard LaTeX package
)
(/usr/share/texlive/texmf-dist/tex/latex/tools/multicol.sty
Package: multicol 2015/03/31 v1.8m multicolumn formatting (FMi)
\c@tracingmulticols=\count104
\mult@box=\box32
\multicol@leftmargin=\dimen134
\c@unbalance=\count105
\c@collectmore=\count106
\doublecol@number=\count107
\multicoltolerance=\count108
\multicolpretolerance=\count109
\full@width=\dimen135
\page@free=\dimen136
\premulticols=\dimen137
\postmulticols=\dimen138
\multicolsep=\skip54
\multicolbaselineskip=\skip55
\partial@page=\box33
\last@line=\box34
\maxbalancingoverflow=\dimen139
\mult@rightbox=\box35
\mult@grightbox=\box36
\mult@gfirstbox=\box37
\mult@firstbox=\box38
\@tempa=\box39
\@tempa=\box40
\@tempa=\box41
\@tempa=\box42
\@tempa=\box43
\@tempa=\box44
\@tempa=\box45
\@tempa=\box46
\@tempa=\box47
\@tempa=\box48
\@tempa=\box49
\@tempa=\box50
\@tempa=\box51
\@tempa=\box52
\@tempa=\box53
\@tempa=\box54
\@tempa=\box55
\c@columnbadness=\count110
\c@finalcolumnbadness=\count111
\last@try=\dimen140
\multicolovershoot=\dimen141
\multicolundershoot=\dimen142
\mult@nat@firstbox=\box56
\colbreak@box=\box57
\mc@col@check@num=\count112
)
(/usr/share/texlive/texmf-dist/tex/latex/multirow/multirow.sty
\bigstrutjot=\dimen143
)
(/usr/share/texlive/texmf-dist/tex/latex/base/textcomp.sty
Package: textcomp 2005/09/27 v1.99g Standard LaTeX package
Package textcomp Info: Sub-encoding information:
(textcomp)               5 = only ISO-Adobe without \textcurrency
(textcomp)               4 = 5 + \texteuro
(textcomp)               3 = 4 + \textohm
(textcomp)               2 = 3 + \textestimated + \textcurrency
(textcomp)               1 = TS1 - \textcircled - \t
(textcomp)               0 = TS1 (full)
(textcomp)             Font families with sub-encoding setting implement
(textcomp)             only a restricted character set as indicated.
(textcomp)             Family '?' is the default used for unknown fonts.
(textcomp)             See the documentation for details.
Package textcomp Info: Setting ? sub-encoding to TS1/1 on input line 79.

(/usr/share/texlive/texmf-dist/tex/latex/base/ts1enc.def
File: ts1enc.def 2001/06/05 v3.0e (jk/car/fm) Standard LaTeX file
Now handling font encoding TS1 ...
... processing UTF-8 mapping file for font encoding TS1

(/usr/share/texlive/texmf-dist/tex/latex/base/ts1enc.dfu
File: ts1enc.dfu 2014/09/29 v1.1m UTF-8 support for inputenc
   defining Unicode char U+00A2 (decimal 162)
   defining Unicode char U+00A3 (decimal 163)
   defining Unicode char U+00A4 (decimal 164)
   defining Unicode char U+00A5 (decimal 165)
   defining Unicode char U+00A6 (decimal 166)
   defining Unicode char U+00A7 (decimal 167)
   defining Unicode char U+00A8 (decimal 168)
   defining Unicode char U+00A9 (decimal 169)
   defining Unicode char U+00AA (decimal 170)
   defining Unicode char U+00AC (decimal 172)
   defining Unicode char U+00AE (decimal 174)
   defining Unicode char U+00AF (decimal 175)
   defining Unicode char U+00B0 (decimal 176)
   defining Unicode char U+00B1 (decimal 177)
   defining Unicode char U+00B2 (decimal 178)
   defining Unicode char U+00B3 (decimal 179)
   defining Unicode char U+00B4 (decimal 180)
   defining Unicode char U+00B5 (decimal 181)
   defining Unicode char U+00B6 (decimal 182)
   defining Unicode char U+00B7 (decimal 183)
   defining Unicode char U+00B9 (decimal 185)
   defining Unicode char U+00BA (decimal 186)
   defining Unicode char U+00BC (decimal 188)
   defining Unicode char U+00BD (decimal 189)
   defining Unicode char U+00BE (decimal 190)
   defining Unicode char U+00D7 (decimal 215)
   defining Unicode char U+00F7 (decimal 247)
   defining Unicode char U+0192 (decimal 402)
   defining Unicode char U+02C7 (decimal 711)
   defining Unicode char U+02D8 (decimal 728)
   defining Unicode char U+02DD (decimal 733)
   defining Unicode char U+0E3F (decimal 3647)
   defining Unicode char U+2016 (decimal 8214)
   defining Unicode char U+2020 (decimal 8224)
   defining Unicode char U+2021 (decimal 8225)
   defining Unicode char U+2022 (decimal 8226)
   defining Unicode char U+2030 (decimal 8240)
   defining Unicode char U+2031 (decimal 8241)
   defining Unicode char U+203B (decimal 8251)
   defining Unicode char U+203D (decimal 8253)
   defining Unicode char U+2044 (decimal 8260)
   defining Unicode char U+204E (decimal 8270)
   defining Unicode char U+2052 (decimal 8274)
   defining Unicode char U+20A1 (decimal 8353)
   defining Unicode char U+20A4 (decimal 8356)
   defining Unicode char U+20A6 (decimal 8358)
   defining Unicode char U+20A9 (decimal 8361)
   defining Unicode char U+20AB (decimal 8363)
   defining Unicode char U+20AC (decimal 8364)
   defining Unicode char U+20B1 (decimal 8369)
   defining Unicode char U+2103 (decimal 8451)
   defining Unicode char U+2116 (decimal 8470)
   defining Unicode char U+2117 (decimal 8471)
   defining Unicode char U+211E (decimal 8478)
   defining Unicode char U+2120 (decimal 8480)
   defining Unicode char U+2122 (decimal 8482)
   defining Unicode char U+2126 (decimal 8486)
   defining Unicode char U+2127 (decimal 8487)
   defining Unicode char U+212E (decimal 8494)
   defining Unicode char U+2190 (decimal 8592)
   defining Unicode char U+2191 (decimal 8593)
   defining Unicode char U+2192 (decimal 8594)
   defining Unicode char U+2193 (decimal 8595)
   defining Unicode char U+2329 (decimal 9001)
   defining Unicode char U+232A (decimal 9002)
   defining Unicode char U+2422 (decimal 9250)
   defining Unicode char U+25E6 (decimal 9702)
   defining Unicode char U+25EF (decimal 9711)
   defining Unicode char U+266A (decimal 9834)
))
LaTeX Info: Redefining \oldstylenums on input line 334.
Package textcomp Info: Setting cmr sub-encoding to TS1/0 on input line 349.
Package textcomp Info: Setting cmss sub-encoding to TS1/0 on input line 350.
Package textcomp Info: Setting cmtt sub-encoding to TS1/0 on input line 351.
Package textcomp Info: Setting cmvtt sub-encoding to TS1/0 on input line 352.
Package textcomp Info: Setting cmbr sub-encoding to TS1/0 on input line 353.
Package textcomp Info: Setting cmtl sub-encoding to TS1/0 on input line 354.
Package textcomp Info: Setting ccr sub-encoding to TS1/0 on input line 355.
Package textcomp Info: Setting ptm sub-encoding to TS1/4 on input line 356.
Package textcomp Info: Setting pcr sub-encoding to TS1/4 on input line 357.
Package textcomp Info: Setting phv sub-encoding to TS1/4 on input line 358.
Package textcomp Info: Setting ppl sub-encoding to TS1/3 on input line 359.
Package textcomp Info: Setting pag sub-encoding to TS1/4 on input line 360.
Package textcomp Info: Setting pbk sub-encoding to TS1/4 on input line 361.
Package textcomp Info: Setting pnc sub-encoding to TS1/4 on input line 362.
Package textcomp Info: Setting pzc sub-encoding to TS1/4 on input line 363.
Package textcomp Info: Setting bch sub-encoding to TS1/4 on input line 364.
Package textcomp Info: Setting put sub-encoding to TS1/5 on input line 365.
Package textcomp Info: Setting uag sub-encoding to TS1/5 on input line 366.
Package textcomp Info: Setting ugq sub-encoding to TS1/5 on input line 367.
Package textcomp Info: Setting ul8 sub-encoding to TS1/4 on input line 368.
Package textcomp Info: Setting ul9 sub-encoding to TS1/4 on input line 369.
Package textcomp Info: Setting augie sub-encoding to TS1/5 on input line 370.
Package textcomp Info: Setting dayrom sub-encoding to TS1/3 on input line 371.
Package textcomp Info: Setting dayroms sub-encoding to TS1/3 on input line 372.

Package textcomp Info: Setting pxr sub-encoding to TS1/0 on input line 373.
Package textcomp Info: Setting pxss sub-encoding to TS1/0 on input line 374.
Package textcomp Info: Setting pxtt sub-encoding to TS1/0 on input line 375.
Package textcomp Info: Setting txr sub-encoding to TS1/0 on input line 376.
Package textcomp Info: Setting txss sub-encoding to TS1/0 on input line 377.
Package textcomp Info: Setting txtt sub-encoding to TS1/0 on input line 378.
Package textcomp Info: Setting lmr sub-encoding to TS1/0 on input line 379.
Package textcomp Info: Setting lmdh sub-encoding to TS1/0 on input line 380.
Package textcomp Info: Setting lmss sub-encoding to TS1/0 on input line 381.
Package textcomp Info: Setting lmssq sub-encoding to TS1/0 on input line 382.
Package textcomp Info: Setting lmvtt sub-encoding to TS1/0 on input line 383.
Package textcomp Info: Setting lmtt sub-encoding to TS1/0 on input line 384.
Package textcomp Info: Setting qhv sub-encoding to TS1/0 on input line 385.
Package textcomp Info: Setting qag sub-encoding to TS1/0 on input line 386.
Package textcomp Info: Setting qbk sub-encoding to TS1/0 on input line 387.
Package textcomp Info: Setting qcr sub-encoding to TS1/0 on input line 388.
Package textcomp Info: Setting qcs sub-encoding to TS1/0 on input line 389.
Package textcomp Info: Setting qpl sub-encoding to TS1/0 on input line 390.
Package textcomp Info: Setting qtm sub-encoding to TS1/0 on input line 391.
Package textcomp Info: Setting qzc sub-encoding to TS1/0 on input line 392.
Package textcomp Info: Setting qhvc sub-encoding to TS1/0 on input line 393.
Package textcomp Info: Setting futs sub-encoding to TS1/4 on input line 394.
Package textcomp Info: Setting futx sub-encoding to TS1/4 on input line 395.
Package textcomp Info: Setting futj sub-encoding to TS1/4 on input line 396.
Package textcomp Info: Setting hlh sub-encoding to TS1/3 on input line 397.
Package textcomp Info: Setting hls sub-encoding to TS1/3 on input line 398.
Package textcomp Info: Setting hlst sub-encoding to TS1/3 on input line 399.
Package textcomp Info: Setting hlct sub-encoding to TS1/5 on input line 400.
Package textcomp Info: Setting hlx sub-encoding to TS1/5 on input line 401.
Package textcomp Info: Setting hlce sub-encoding to TS1/5 on input line 402.
Package textcomp Info: Setting hlcn sub-encoding to TS1/5 on input line 403.
Package textcomp Info: Setting hlcw sub-encoding to TS1/5 on input line 404.
Package textcomp Info: Setting hlcf sub-encoding to TS1/5 on input line 405.
Package textcomp Info: Setting pplx sub-encoding to TS1/3 on input line 406.
Package textcomp Info: Setting pplj sub-encoding to TS1/3 on input line 407.
Package textcomp Info: Setting ptmx sub-encoding to TS1/4 on input line 408.
Package textcomp Info: Setting ptmj sub-encoding to TS1/4 on input line 409.
)
(/usr/share/texlive/texmf-dist/tex/latex/wasysym/wasysym.sty
Package: wasysym 2003/10/30 v2.0 Wasy-2 symbol support package
\symwasy=\mathgroup4
LaTeX Font Info:    Overwriting symbol font `wasy' in version `bold'
(Font)                  U/wasy/m/n --> U/wasy/b/n on input line 90.
)
(/usr/share/texlive/texmf-dist/tex/latex/base/fontenc.sty
Package: fontenc 2005/09/27 v1.99g Standard LaTeX package

(/usr/share/texlive/texmf-dist/tex/latex/base/t1enc.def
File: t1enc.def 2005/09/27 v1.99g Standard LaTeX file
LaTeX Font Info:    Redeclaring font encoding T1 on input line 48.
))
(/usr/share/texlive/texmf-dist/tex/latex/psnfss/helvet.sty
Package: helvet 2005/04/12 PSNFSS-v9.2a (WaS) 
)
(/usr/share/texlive/texmf-dist/tex/latex/psnfss/courier.sty
Package: courier 2005/04/12 PSNFSS-v9.2a (WaS) 
)
(/usr/share/texlive/texmf-dist/tex/latex/amsfonts/amssymb.sty
Package: amssymb 2013/01/14 v3.01 AMS font symbols

(/usr/share/texlive/texmf-dist/tex/latex/amsfonts/amsfonts.sty
Package: amsfonts 2013/01/14 v3.01 Basic AMSFonts support
\@emptytoks=\toks24
\symAMSa=\mathgroup5
\symAMSb=\mathgroup6
LaTeX Font Info:    Overwriting math alphabet `\mathfrak' in version `bold'
(Font)                  U/euf/m/n --> U/euf/b/n on input line 106.
))
(/usr/share/texlive/texmf-dist/tex/latex/sectsty/sectsty.sty
Package: sectsty 2002/02/25 v2.0.2 Commands to change all sectional heading sty
les
)
(/usr/share/texlive/texmf-dist/tex/latex/geometry/geometry.sty
Package: geometry 2010/09/12 v5.6 Page Geometry

(/usr/share/texlive/texmf-dist/tex/generic/oberdiek/ifpdf.sty
Package: ifpdf 2011/01/30 v2.3 Provides the ifpdf switch (HO)
Package ifpdf Info: pdfTeX in PDF mode is detected.
)
(/usr/share/texlive/texmf-dist/tex/generic/oberdiek/ifvtex.sty
Package: ifvtex 2010/03/01 v1.5 Detect VTeX and its facilities (HO)
Package ifvtex Info: VTeX not detected.
)
(/usr/share/texlive/texmf-dist/tex/generic/ifxetex/ifxetex.sty
Package: ifxetex 2010/09/12 v0.6 Provides ifxetex conditional
)
\Gm@cnth=\count113
\Gm@cntv=\count114
\c@Gm@tempcnt=\count115
\Gm@bindingoffset=\dimen144
\Gm@wd@mp=\dimen145
\Gm@odd@mp=\dimen146
\Gm@even@mp=\dimen147
\Gm@layoutwidth=\dimen148
\Gm@layoutheight=\dimen149
\Gm@layouthoffset=\dimen150
\Gm@layoutvoffset=\dimen151
\Gm@dimlist=\toks25
)
(/usr/share/texlive/texmf-dist/tex/latex/fancyhdr/fancyhdr.sty
\fancy@headwidth=\skip56
\f@ncyO@elh=\skip57
\f@ncyO@erh=\skip58
\f@ncyO@olh=\skip59
\f@ncyO@orh=\skip60
\f@ncyO@elf=\skip61
\f@ncyO@erf=\skip62
\f@ncyO@olf=\skip63
\f@ncyO@orf=\skip64
)
(/usr/share/texlive/texmf-dist/tex/latex/natbib/natbib.sty
Package: natbib 2010/09/13 8.31b (PWD, AO)
\bibhang=\skip65
\bibsep=\skip66
LaTeX Info: Redefining \cite on input line 694.
\c@NAT@ctr=\count116
)
(/usr/share/texlive/texmf-dist/tex/latex/tocloft/tocloft.sty
Package: tocloft 2013/05/02 v2.3f parameterised ToC, etc., typesetting
Package tocloft Info: The document has chapter divisions on input line 44.
\cftparskip=\skip67
\cftbeforetoctitleskip=\skip68
\cftaftertoctitleskip=\skip69
\cftbeforepartskip=\skip70
\cftpartnumwidth=\skip71
\cftpartindent=\skip72
\cftbeforechapskip=\skip73
\cftchapindent=\skip74
\cftchapnumwidth=\skip75
\cftbeforesecskip=\skip76
\cftsecindent=\skip77
\cftsecnumwidth=\skip78
\cftbeforesubsecskip=\skip79
\cftsubsecindent=\skip80
\cftsubsecnumwidth=\skip81
\cftbeforesubsubsecskip=\skip82
\cftsubsubsecindent=\skip83
\cftsubsubsecnumwidth=\skip84
\cftbeforeparaskip=\skip85
\cftparaindent=\skip86
\cftparanumwidth=\skip87
\cftbeforesubparaskip=\skip88
\cftsubparaindent=\skip89
\cftsubparanumwidth=\skip90
\cftbeforeloftitleskip=\skip91
\cftafterloftitleskip=\skip92
\cftbeforefigskip=\skip93
\cftfigindent=\skip94
\cftfignumwidth=\skip95
\c@lofdepth=\count117
\c@lotdepth=\count118
\cftbeforelottitleskip=\skip96
\cftafterlottitleskip=\skip97
\cftbeforetabskip=\skip98
\cfttabindent=\skip99
\cfttabnumwidth=\skip100
)
\@indexfile=\write3
\openout3 = `refman.idx'.


Writing index file refman.idx
(/usr/share/texlive/texmf-dist/tex/latex/hyperref/hyperref.sty
Package: hyperref 2012/11/06 v6.83m Hypertext links for LaTeX

(/usr/share/texlive/texmf-dist/tex/generic/oberdiek/hobsub-hyperref.sty
Package: hobsub-hyperref 2012/05/28 v1.13 Bundle oberdiek, subset hyperref (HO)


(/usr/share/texlive/texmf-dist/tex/generic/oberdiek/hobsub-generic.sty
Package: hobsub-generic 2012/05/28 v1.13 Bundle oberdiek, subset generic (HO)
Package: hobsub 2012/05/28 v1.13 Construct package bundles (HO)
Package hobsub Info: Skipping package `infwarerr' (already loaded).
Package hobsub Info: Skipping package `ltxcmds' (already loaded).
Package: ifluatex 2010/03/01 v1.3 Provides the ifluatex switch (HO)
Package ifluatex Info: LuaTeX not detected.
Package hobsub Info: Skipping package `ifvtex' (already loaded).
Package: intcalc 2007/09/27 v1.1 Expandable calculations with integers (HO)
Package hobsub Info: Skipping package `ifpdf' (already loaded).
Package: etexcmds 2011/02/16 v1.5 Avoid name clashes with e-TeX commands (HO)
Package etexcmds Info: Could not find \expanded.
(etexcmds)             That can mean that you are not using pdfTeX 1.50 or
(etexcmds)             that some package has redefined \expanded.
(etexcmds)             In the latter case, load this package earlier.
Package: kvsetkeys 2012/04/25 v1.16 Key value parser (HO)
Package: kvdefinekeys 2011/04/07 v1.3 Define keys (HO)
Package: pdftexcmds 2011/11/29 v0.20 Utility functions of pdfTeX for LuaTeX (HO
)
Package pdftexcmds Info: LuaTeX not detected.
Package pdftexcmds Info: \pdf@primitive is available.
Package pdftexcmds Info: \pdf@ifprimitive is available.
Package pdftexcmds Info: \pdfdraftmode found.
Package: pdfescape 2011/11/25 v1.13 Implements pdfTeX's escape features (HO)
Package: bigintcalc 2012/04/08 v1.3 Expandable calculations on big integers (HO
)
Package: bitset 2011/01/30 v1.1 Handle bit-vector datatype (HO)
Package: uniquecounter 2011/01/30 v1.2 Provide unlimited unique counter (HO)
)
Package hobsub Info: Skipping package `hobsub' (already loaded).
Package: letltxmacro 2010/09/02 v1.4 Let assignment for LaTeX macros (HO)
Package: hopatch 2012/05/28 v1.2 Wrapper for package hooks (HO)
Package: xcolor-patch 2011/01/30 xcolor patch
Package: atveryend 2011/06/30 v1.8 Hooks at the very end of document (HO)
Package atveryend Info: \enddocument detected (standard20110627).
Package: atbegshi 2011/10/05 v1.16 At begin shipout hook (HO)
Package: refcount 2011/10/16 v3.4 Data extraction from label references (HO)
Package: hycolor 2011/01/30 v1.7 Color options for hyperref/bookmark (HO)
)
(/usr/share/texlive/texmf-dist/tex/latex/oberdiek/auxhook.sty
Package: auxhook 2011/03/04 v1.3 Hooks for auxiliary files (HO)
)
(/usr/share/texlive/texmf-dist/tex/latex/oberdiek/kvoptions.sty
Package: kvoptions 2011/06/30 v3.11 Key value format for package options (HO)
)
\@linkdim=\dimen152
\Hy@linkcounter=\count119
\Hy@pagecounter=\count120

(/usr/share/texlive/texmf-dist/tex/latex/hyperref/pd1enc.def
File: pd1enc.def 2012/11/06 v6.83m Hyperref: PDFDocEncoding definition (HO)
Now handling font encoding PD1 ...
... no UTF-8 mapping file for font encoding PD1
)
\Hy@SavedSpaceFactor=\count121

(/usr/share/texlive/texmf-dist/tex/latex/latexconfig/hyperref.cfg
File: hyperref.cfg 2002/06/06 v1.2 hyperref configuration of TeXLive
)
Package hyperref Info: Hyper figures OFF on input line 4443.
Package hyperref Info: Link nesting OFF on input line 4448.
Package hyperref Info: Hyper index ON on input line 4451.
Package hyperref Info: Plain pages OFF on input line 4458.
Package hyperref Info: Backreferencing ON on input line 4461.
Package hyperref Info: Implicit mode ON; LaTeX internals redefined.
Package hyperref Info: Bookmarks ON on input line 4688.

(/usr/share/texlive/texmf-dist/tex/latex/hyperref/backref.sty
Package: backref 2012/07/25 v1.38 Bibliographical back referencing

(/usr/share/texlive/texmf-dist/tex/latex/oberdiek/rerunfilecheck.sty
Package: rerunfilecheck 2011/04/15 v1.7 Rerun checks for auxiliary files (HO)
Package uniquecounter Info: New unique counter `rerunfilecheck' on input line 2
82.
))
\c@Hy@tempcnt=\count122

(/usr/share/texlive/texmf-dist/tex/latex/url/url.sty
\Urlmuskip=\muskip10
Package: url 2013/09/16  ver 3.4  Verb mode for urls, etc.
)
LaTeX Info: Redefining \url on input line 5041.
\XeTeXLinkMargin=\dimen153
\Fld@menulength=\count123
\Field@Width=\dimen154
\Fld@charsize=\dimen155
Package hyperref Info: Hyper figures OFF on input line 6295.
Package hyperref Info: Link nesting OFF on input line 6300.
Package hyperref Info: Hyper index ON on input line 6303.
Package hyperref Info: backreferencing ON on input line 6308.
Package hyperref Info: Link coloring OFF on input line 6315.
Package hyperref Info: Link coloring with OCG OFF on input line 6320.
Package hyperref Info: PDF/A mode OFF on input line 6325.
LaTeX Info: Redefining \ref on input line 6365.
LaTeX Info: Redefining \pageref on input line 6369.
\Hy@abspage=\count124
\c@Item=\count125
\c@Hfootnote=\count126
)

Package hyperref Message: Driver: hpdftex.

(/usr/share/texlive/texmf-dist/tex/latex/hyperref/hpdftex.def
File: hpdftex.def 2012/11/06 v6.83m Hyperref driver for pdfTeX
\Fld@listcount=\count127
\c@bookmark@seq@number=\count128
\Hy@SectionHShift=\skip101
)
Package hyperref Info: Option `colorlinks' set `true' on input line 105.
Package hyperref Info: Option `unicode' set `true' on input line 105.

(/usr/share/texlive/texmf-dist/tex/latex/hyperref/puenc.def
File: puenc.def 2012/11/06 v6.83m Hyperref: PDF Unicode definition (HO)
Now handling font encoding PU ...
... no UTF-8 mapping file for font encoding PU
) (./refman.aux
(./project_overview.aux))
\openout1 = `refman.aux'.

LaTeX Font Info:    Checking defaults for OML/cmm/m/it on input line 115.
LaTeX Font Info:    ... okay on input line 115.
LaTeX Font Info:    Checking defaults for T1/cmr/m/n on input line 115.
LaTeX Font Info:    ... okay on input line 115.
LaTeX Font Info:    Checking defaults for OT1/cmr/m/n on input line 115.
LaTeX Font Info:    ... okay on input line 115.
LaTeX Font Info:    Checking defaults for OMS/cmsy/m/n on input line 115.
LaTeX Font Info:    ... okay on input line 115.
LaTeX Font Info:    Checking defaults for OMX/cmex/m/n on input line 115.
LaTeX Font Info:    ... okay on input line 115.
LaTeX Font Info:    Checking defaults for U/cmr/m/n on input line 115.
LaTeX Font Info:    ... okay on input line 115.
LaTeX Font Info:    Checking defaults for TS1/cmr/m/n on input line 115.
LaTeX Font Info:    Try loading font information for TS1+cmr on input line 115.


(/usr/share/texlive/texmf-dist/tex/latex/base/ts1cmr.fd
File: ts1cmr.fd 2014/09/29 v2.5h Standard LaTeX font definitions
)
LaTeX Font Info:    ... okay on input line 115.
LaTeX Font Info:    Checking defaults for PD1/pdf/m/n on input line 115.
LaTeX Font Info:    ... okay on input line 115.
LaTeX Font Info:    Checking defaults for PU/pdf/m/n on input line 115.
LaTeX Font Info:    ... okay on input line 115.
LaTeX Font Info:    Try loading font information for T1+phv on input line 115.

(/usr/share/texlive/texmf-dist/tex/latex/psnfss/t1phv.fd
File: t1phv.fd 2001/06/04 scalable font definitions for T1/phv.
)
LaTeX Font Info:    Font shape `T1/phv/m/n' will be
(Font)              scaled to size 8.99994pt on input line 115.

(/usr/share/texlive/texmf-dist/tex/context/base/supp-pdf.mkii
[Loading MPS to PDF converter (version 2006.09.02).]
\scratchcounter=\count129
\scratchdimen=\dimen156
\scratchbox=\box58
\nofMPsegments=\count130
\nofMParguments=\count131
\everyMPshowfont=\toks26
\MPscratchCnt=\count132
\MPscratchDim=\dimen157
\MPnumerator=\count133
\makeMPintoPDFobject=\count134
\everyMPtoPDFconversion=\toks27
) (/usr/share/texlive/texmf-dist/tex/latex/oberdiek/epstopdf-base.sty
Package: epstopdf-base 2010/02/09 v2.5 Base part for package epstopdf

(/usr/share/texlive/texmf-dist/tex/latex/oberdiek/grfext.sty
Package: grfext 2010/08/19 v1.1 Manage graphics extensions (HO)
)
Package grfext Info: Graphics extension search list:
(grfext)             [.png,.pdf,.jpg,.mps,.jpeg,.jbig2,.jb2,.PNG,.PDF,.JPG,.JPE
G,.JBIG2,.JB2,.eps]
(grfext)             \AppendGraphicsExtensions on input line 452.

(/usr/share/texlive/texmf-dist/tex/latex/latexconfig/epstopdf-sys.cfg
File: epstopdf-sys.cfg 2010/07/13 v1.3 Configuration of (r)epstopdf for TeX Liv
e
))
*geometry* driver: auto-detecting
*geometry* detected driver: pdftex
*geometry* verbose mode - [ preamble ] result:
* driver: pdftex
* paper: a4paper
* layout: <same size as paper>
* layoutoffset:(h,v)=(0.0pt,0.0pt)
* modes: twoside 
* h-part:(L,W,R)=(71.13188pt, 455.24411pt, 71.13188pt)
* v-part:(T,H,B)=(71.13188pt, 702.78308pt, 71.13188pt)
* \paperwidth=597.50787pt
* \paperheight=845.04684pt
* \textwidth=455.24411pt
* \textheight=702.78308pt
* \oddsidemargin=-1.1381pt
* \evensidemargin=-1.1381pt
* \topmargin=-31.2056pt
* \headheight=12.0pt
* \headsep=18.06749pt
* \topskip=10.0pt
* \footskip=25.29494pt
* \marginparwidth=125.0pt
* \marginparsep=7.0pt
* \columnsep=10.0pt
* \skip\footins=9.0pt plus 4.0pt minus 2.0pt
* \hoffset=0.0pt
* \voffset=0.0pt
* \mag=1000
* \@twocolumnfalse
* \@twosidetrue
* \@mparswitchtrue
* \@reversemarginfalse
* (1in=72.27pt=25.4mm, 1cm=28.453pt)

\AtBeginShipoutBox=\box59
Package backref Info: ** backref set up for natbib ** on input line 115.
Package hyperref Info: Link coloring ON on input line 115.
(/usr/share/texlive/texmf-dist/tex/latex/hyperref/nameref.sty
Package: nameref 2012/10/27 v2.43 Cross-referencing by name of section

(/usr/share/texlive/texmf-dist/tex/generic/oberdiek/gettitlestring.sty
Package: gettitlestring 2010/12/03 v1.4 Cleanup title references (HO)
)
\c@section@level=\count135
)
LaTeX Info: Redefining \ref on input line 115.
LaTeX Info: Redefining \pageref on input line 115.
LaTeX Info: Redefining \nameref on input line 115.

(./refman.out) (./refman.out)
\@outlinefile=\write4
\openout4 = `refman.out'.

Package hyperref Info: Option `pageanchor' set `false' on input line 122.


Package hyperref Warning: Option `bookmarks' has already been used,
(hyperref)                setting the option has no effect on input line 122.

Package hyperref Info: Option `bookmarksnumbered' set `true' on input line 122.

Package hyperref Info: Option `unicode' set `true' on input line 122.
LaTeX Font Info:    Font shape `T1/phv/m/n' will be
(Font)              scaled to size 12.9599pt on input line 127.
LaTeX Font Info:    Font shape `T1/phv/m/n' will be
(Font)              scaled to size 10.79993pt on input line 129.
LaTeX Font Info:    Font shape `T1/phv/m/n' will be
(Font)              scaled to size 8.09995pt on input line 131.
[1


{/var/lib/texmf/fonts/map/pdftex/updmap/pdftex.map}] [2

]
LaTeX Font Info:    Font shape `T1/phv/m/n' will be
(Font)              scaled to size 22.39185pt on input line 135.
LaTeX Font Info:    Font shape `T1/phv/bx/n' in size <24.88> not available
(Font)              Font shape `T1/phv/b/n' tried instead on input line 135.
LaTeX Font Info:    Font shape `T1/phv/b/n' will be
(Font)              scaled to size 22.39185pt on input line 135.
LaTeX Font Info:    Font shape `T1/phv/bc/n' will be
(Font)              scaled to size 22.39185pt on input line 135.
 (./refman.toc
LaTeX Font Info:    Font shape `T1/phv/bx/n' in size <10> not available
(Font)              Font shape `T1/phv/b/n' tried instead on input line 1.
LaTeX Font Info:    Font shape `T1/phv/b/n' will be
(Font)              scaled to size 8.99994pt on input line 1.
LaTeX Font Info:    Try loading font information for U+wasy on input line 1.

(/usr/share/texlive/texmf-dist/tex/latex/wasysym/uwasy.fd
File: uwasy.fd 2003/10/30 v2.0 Wasy-2 symbol font definitions
)
LaTeX Font Info:    Try loading font information for U+msa on input line 1.

(/usr/share/texlive/texmf-dist/tex/latex/amsfonts/umsa.fd
File: umsa.fd 2013/01/14 v3.01 AMS symbols A
)
LaTeX Font Info:    Try loading font information for U+msb on input line 1.

(/usr/share/texlive/texmf-dist/tex/latex/amsfonts/umsb.fd
File: umsb.fd 2013/01/14 v3.01 AMS symbols B
)
LaTeX Font Info:    Font shape `T1/phv/m/n' will be
(Font)              scaled to size 6.29996pt on input line 16.
 [3

]
LaTeX Font Info:    Font shape `T1/phv/bx/n' in size <7> not available
(Font)              Font shape `T1/phv/b/n' tried instead on input line 70.
LaTeX Font Info:    Font shape `T1/phv/b/n' will be
(Font)              scaled to size 6.29996pt on input line 70.
 [4] [5] [6]
[7] [8] [9] [10] [11])
\tf@toc=\write5
\openout5 = `refman.toc'.

 [12]
Package hyperref Info: Option `pageanchor' set `true' on input line 138.

Chapter 1.
LaTeX Font Info:    Font shape `T1/phv/m/n' will be
(Font)              scaled to size 18.66588pt on input line 141.
LaTeX Font Info:    Font shape `T1/phv/bx/n' in size <20.74> not available
(Font)              Font shape `T1/phv/b/n' tried instead on input line 141.
LaTeX Font Info:    Font shape `T1/phv/b/n' will be
(Font)              scaled to size 18.66588pt on input line 141.
LaTeX Font Info:    Font shape `T1/phv/bc/n' will be
(Font)              scaled to size 18.66588pt on input line 141.
(./index.tex
LaTeX Font Info:    Font shape `T1/phv/bc/n' will be
(Font)              scaled to size 8.99994pt on input line 1.

Underfull \hbox (badness 10000) detected at line 1
[][][]
 []

[1


]
\openout2 = `project_overview.aux'.

 (./project_overview.tex
LaTeX Font Info:    Font shape `T1/phv/bx/n' in size <14.4> not available
(Font)              Font shape `T1/phv/b/n' tried instead on input line 1.
LaTeX Font Info:    Font shape `T1/phv/b/n' will be
(Font)              scaled to size 12.9599pt on input line 1.
LaTeX Font Info:    Font shape `T1/phv/bc/n' will be
(Font)              scaled to size 12.9599pt on input line 1.
LaTeX Font Info:    Font shape `T1/phv/bx/n' in size <12> not available
(Font)              Font shape `T1/phv/b/n' tried instead on input line 5.
LaTeX Font Info:    Font shape `T1/phv/b/n' will be
(Font)              scaled to size 10.79993pt on input line 5.
LaTeX Font Info:    Font shape `T1/phv/bc/n' will be
(Font)              scaled to size 10.79993pt on input line 5.
LaTeX Font Info:    Try loading font information for TS1+phv on input line 7.

(/usr/share/texlive/texmf-dist/tex/latex/psnfss/ts1phv.fd
File: ts1phv.fd 2001/06/04 scalable font definitions for TS1/phv.
)
LaTeX Font Info:    Font shape `TS1/phv/m/n' will be
(Font)              scaled to size 8.99994pt on input line 7.
LaTeX Font Info:    Font shape `T1/phv/m/it' in size <10> not available
(Font)              Font shape `T1/phv/m/sl' tried instead on input line 21.
LaTeX Font Info:    Font shape `T1/phv/m/sl' will be
(Font)              scaled to size 8.99994pt on input line 21.
LaTeX Font Info:    Try loading font information for T1+pcr on input line 21.

(/usr/share/texlive/texmf-dist/tex/latex/psnfss/t1pcr.fd
File: t1pcr.fd 2001/06/04 font definitions for T1/pcr.
)
LaTeX Font Info:    Try loading font information for TS1+pcr on input line 24.

(/usr/share/texlive/texmf-dist/tex/latex/psnfss/ts1pcr.fd
File: ts1pcr.fd 2001/06/04 font definitions for TS1/pcr.
)
Underfull \hbox (badness 10000) in paragraph at lines 27--28
[]\T1/pcr/m/n/10 -lglut (the GL utility Toolkit - make sure 'freeglut' is insta
lled,
 []

) [2

])
Chapter 2.
(./namespaces.tex) [3


] [4

]
Chapter 3.
(./annotated.tex) [5] [6

]
Chapter 4.
(./files.tex) [7] [8

]
Chapter 5.
(./namespacestd.tex
LaTeX Font Info:    Font shape `T1/phv/m/it' in size <9> not available
(Font)              Font shape `T1/phv/m/sl' tried instead on input line 39.
LaTeX Font Info:    Font shape `T1/phv/m/sl' will be
(Font)              scaled to size 8.09995pt on input line 39.
LaTeX Font Info:    Font shape `T1/phv/m/it' in size <7> not available
(Font)              Font shape `T1/phv/m/sl' tried instead on input line 49.
LaTeX Font Info:    Font shape `T1/phv/m/sl' will be
(Font)              scaled to size 6.29996pt on input line 49.
 [9]
LaTeX Font Info:    Font shape `T1/phv/bc/n' will be
(Font)              scaled to size 6.29996pt on input line 94.
LaTeX Font Info:    Font shape `T1/phv/bc/it' in size <10> not available
(Font)              Font shape `T1/phv/bc/sl' tried instead on input line 94.
LaTeX Font Info:    Font shape `T1/phv/bc/sl' will be
(Font)              scaled to size 8.99994pt on input line 94.
LaTeX Font Info:    Font shape `T1/phv/bc/it' in size <7> not available
(Font)              Font shape `T1/phv/bc/sl' tried instead on input line 106.
LaTeX Font Info:    Font shape `T1/phv/bc/sl' will be
(Font)              scaled to size 6.29996pt on input line 106.
 [10]
<namespacestd_a21cb14ca4c41a856be94b8fc9ff59c5a_cgraph.pdf, id=2063, 516.93124p
t x 111.41624pt>
File: namespacestd_a21cb14ca4c41a856be94b8fc9ff59c5a_cgraph.pdf Graphic file (t
ype pdf)

<use namespacestd_a21cb14ca4c41a856be94b8fc9ff59c5a_cgraph.pdf>
Package pdftex.def Info: namespacestd_a21cb14ca4c41a856be94b8fc9ff59c5a_cgraph.
pdf used on input line 132.
(pdftex.def)             Requested size: 350.0pt x 75.43903pt.

Underfull \hbox (badness 10000) detected at line 154
[][][]
 []


<namespacestd_a8bde1e030dd347ced2d32f063f983420_cgraph.pdf, id=2064, 382.42876p
t x 176.66pt>
File: namespacestd_a8bde1e030dd347ced2d32f063f983420_cgraph.pdf Graphic file (t
ype pdf)
 <use namespacestd_a8bde1e030dd347ced2d32f063f983420_cgraph.pdf>
Package pdftex.def Info: namespacestd_a8bde1e030dd347ced2d32f063f983420_cgraph.
pdf used on input line 183.
(pdftex.def)             Requested size: 350.0pt x 161.68813pt.

[11 <./namespacestd_a21cb14ca4c41a856be94b8fc9ff59c5a_cgraph.pdf> <./namespaces
td_a8bde1e030dd347ced2d32f063f983420_cgraph.pdf

pdfTeX warning: /usr/bin/pdflatex (file ./namespacestd_a8bde1e030dd347ced2d32f0
63f983420_cgraph.pdf): PDF inclusion: multiple pdfs with page group included in
 a single page
>]
<namespacestd_a799147cff61c9c79a5ef80489d410fe2_cgraph.pdf, id=2082, 402.50375p
t x 176.66pt>
File: namespacestd_a799147cff61c9c79a5ef80489d410fe2_cgraph.pdf Graphic file (t
ype pdf)
 <use namespacestd_a799147cff61c9c79a5ef80489d410fe2_cgraph.pdf>
Package pdftex.def Info: namespacestd_a799147cff61c9c79a5ef80489d410fe2_cgraph.
pdf used on input line 226.
(pdftex.def)             Requested size: 350.0pt x 153.61478pt.

Underfull \hbox (badness 10000) detected at line 238
[][][]
 []


<namespacestd_a4b332ac1eb524b67a49cfc0187f70b75_cgraph.pdf, id=2083, 288.07625p
t x 176.66pt>
File: namespacestd_a4b332ac1eb524b67a49cfc0187f70b75_cgraph.pdf Graphic file (t
ype pdf)
 <use namespacestd_a4b332ac1eb524b67a49cfc0187f70b75_cgraph.pdf>
Package pdftex.def Info: namespacestd_a4b332ac1eb524b67a49cfc0187f70b75_cgraph.
pdf used on input line 247.
(pdftex.def)             Requested size: 287.0pt x 176.00722pt.

[12 <./namespacestd_a799147cff61c9c79a5ef80489d410fe2_cgraph.pdf> <./namespaces
td_a4b332ac1eb524b67a49cfc0187f70b75_cgraph.pdf

pdfTeX warning: /usr/bin/pdflatex (file ./namespacestd_a4b332ac1eb524b67a49cfc0
187f70b75_cgraph.pdf): PDF inclusion: multiple pdfs with page group included in
 a single page
>]
<namespacestd_a6a2a5c73fecc45374baf25b7b05dbc97_cgraph.pdf, id=2099, 415.5525pt
 x 252.945pt>
File: namespacestd_a6a2a5c73fecc45374baf25b7b05dbc97_cgraph.pdf Graphic file (t
ype pdf)
 <use namespacestd_a6a2a5c73fecc45374baf25b7b05dbc97_cgraph.pdf>
Package pdftex.def Info: namespacestd_a6a2a5c73fecc45374baf25b7b05dbc97_cgraph.
pdf used on input line 279.
(pdftex.def)             Requested size: 350.0pt x 213.05128pt.

<namespacestd_ae925c3874f2dd2ec669c4640831d17b6_cgraph.pdf, id=2118, 491.8375pt
 x 176.66pt>
File: namespacestd_ae925c3874f2dd2ec669c4640831d17b6_cgraph.pdf Graphic file (t
ype pdf)
 <use namespacestd_ae925c3874f2dd2ec669c4640831d17b6_cgraph.pdf>
Package pdftex.def Info: namespacestd_ae925c3874f2dd2ec669c4640831d17b6_cgraph.
pdf used on input line 323.
(pdftex.def)             Requested size: 350.0pt x 125.7179pt.

Underfull \vbox (badness 10000) has occurred while \output is active []

 [13 <./namespacestd_a6a2a5c73fecc45374baf25b7b05dbc97_cgraph.pdf>]
<namespacestd_af9b93750ea7aaecab7885d024fd822a2_cgraph.pdf, id=2131, 427.5975pt
 x 252.945pt>
File: namespacestd_af9b93750ea7aaecab7885d024fd822a2_cgraph.pdf Graphic file (t
ype pdf)
 <use namespacestd_af9b93750ea7aaecab7885d024fd822a2_cgraph.pdf>
Package pdftex.def Info: namespacestd_af9b93750ea7aaecab7885d024fd822a2_cgraph.
pdf used on input line 367.
(pdftex.def)             Requested size: 350.0pt x 207.04185pt.

<namespacestd_a8f17d2dea5f0758f77d130979a6ce6bf_cgraph.pdf, id=2132, 349.305pt 
x 100.375pt>
File: namespacestd_a8f17d2dea5f0758f77d130979a6ce6bf_cgraph.pdf Graphic file (t
ype pdf)
 <use namespacestd_a8f17d2dea5f0758f77d130979a6ce6bf_cgraph.pdf>
Package pdftex.def Info: namespacestd_a8f17d2dea5f0758f77d130979a6ce6bf_cgraph.
pdf used on input line 391.
(pdftex.def)             Requested size: 348.0pt x 100.00562pt.

Underfull \vbox (badness 1033) has occurred while \output is active []

 [14 <./namespacestd_ae925c3874f2dd2ec669c4640831d17b6_cgraph.pdf> <./namespace
std_af9b93750ea7aaecab7885d024fd822a2_cgraph.pdf

pdfTeX warning: /usr/bin/pdflatex (file ./namespacestd_af9b93750ea7aaecab7885d0
24fd822a2_cgraph.pdf): PDF inclusion: multiple pdfs with page group included in
 a single page
>] [15 <./namespacestd_a8f17d2dea5f0758f77d130979a6ce6bf_cgraph.pdf>]) [16]
Chapter 6.
(./classAccelerometer.tex
<classAccelerometer__coll__graph.pdf, id=2162, 217.81375pt x 370.38374pt>
File: classAccelerometer__coll__graph.pdf Graphic file (type pdf)

<use classAccelerometer__coll__graph.pdf>
Package pdftex.def Info: classAccelerometer__coll__graph.pdf used on input line
 13.
(pdftex.def)             Requested size: 217.0pt x 368.99818pt.

Underfull \vbox (badness 10000) has occurred while \output is active []

 [17

 <./classAccelerometer__coll__graph.pdf>]
Underfull \hbox (badness 10000) in paragraph at lines 79--83

 []


<classAccelerometer_aa01d756f8ba70acaaab7938dff643d4d_cgraph.pdf, id=2197, 579.
16376pt x 138.5175pt>
File: classAccelerometer_aa01d756f8ba70acaaab7938dff643d4d_cgraph.pdf Graphic f
ile (type pdf)

<use classAccelerometer_aa01d756f8ba70acaaab7938dff643d4d_cgraph.pdf>
Package pdftex.def Info: classAccelerometer_aa01d756f8ba70acaaab7938dff643d4d_c
graph.pdf used on input line 106.
(pdftex.def)             Requested size: 350.0pt x 83.70927pt.
 [18]
<classAccelerometer_ac5ae04cdfd2ad1e500fd5cd4c1d10a19_cgraph.pdf, id=2230, 705.
63625pt x 229.85875pt>
File: classAccelerometer_ac5ae04cdfd2ad1e500fd5cd4c1d10a19_cgraph.pdf Graphic f
ile (type pdf)

<use classAccelerometer_ac5ae04cdfd2ad1e500fd5cd4c1d10a19_cgraph.pdf>
Package pdftex.def Info: classAccelerometer_ac5ae04cdfd2ad1e500fd5cd4c1d10a19_c
graph.pdf used on input line 134.
(pdftex.def)             Requested size: 350.0pt x 114.01015pt.


Package hyperref Warning: Token not allowed in a PDF string (Unicode):
(hyperref)                removing `math shift' on input line 145.


Package hyperref Warning: Token not allowed in a PDF string (Unicode):
(hyperref)                removing `\sim' on input line 145.


Package hyperref Warning: Token not allowed in a PDF string (Unicode):
(hyperref)                removing `math shift' on input line 145.


<classAccelerometer_acb6a7d9c61f2084ec4aec4a8ff35d622_cgraph.pdf, id=2231, 595.
22375pt x 111.41624pt>
File: classAccelerometer_acb6a7d9c61f2084ec4aec4a8ff35d622_cgraph.pdf Graphic f
ile (type pdf)

<use classAccelerometer_acb6a7d9c61f2084ec4aec4a8ff35d622_cgraph.pdf>
Package pdftex.def Info: classAccelerometer_acb6a7d9c61f2084ec4aec4a8ff35d622_c
graph.pdf used on input line 154.
(pdftex.def)             Requested size: 350.0pt x 65.51399pt.

Underfull \vbox (badness 10000) has occurred while \output is active []

 [19 <./classAccelerometer_aa01d756f8ba70acaaab7938dff643d4d_cgraph.pdf> <./cla
ssAccelerometer_ac5ae04cdfd2ad1e500fd5cd4c1d10a19_cgraph.pdf

pdfTeX warning: /usr/bin/pdflatex (file ./classAccelerometer_ac5ae04cdfd2ad1e50
0fd5cd4c1d10a19_cgraph.pdf): PDF inclusion: multiple pdfs with page group inclu
ded in a single page
>]

LaTeX Font Warning: Font shape `T1/pcr/bc/n' undefined
(Font)              using `T1/pcr/m/n' instead on input line 169.


<classAccelerometer_a148aaf7f305b2085c5eacf672007d126_cgraph.pdf, id=2250, 516.
93124pt x 150.5625pt>
File: classAccelerometer_a148aaf7f305b2085c5eacf672007d126_cgraph.pdf Graphic f
ile (type pdf)

<use classAccelerometer_a148aaf7f305b2085c5eacf672007d126_cgraph.pdf>
Package pdftex.def Info: classAccelerometer_a148aaf7f305b2085c5eacf672007d126_c
graph.pdf used on input line 185.
(pdftex.def)             Requested size: 350.0pt x 101.94463pt.

<classAccelerometer_ab8a7687fc06b233e12368b04ec402357_cgraph.pdf, id=2253, 403.
5075pt x 111.41624pt>
File: classAccelerometer_ab8a7687fc06b233e12368b04ec402357_cgraph.pdf Graphic f
ile (type pdf)

<use classAccelerometer_ab8a7687fc06b233e12368b04ec402357_cgraph.pdf>
Package pdftex.def Info: classAccelerometer_ab8a7687fc06b233e12368b04ec402357_c
graph.pdf used on input line 203.
(pdftex.def)             Requested size: 350.0pt x 96.64233pt.
 [20 <./classAccelerometer_acb6a7d9c61f2084ec4aec4a8ff35d622_cgraph.pdf> <./cla
ssAccelerometer_a148aaf7f305b2085c5eacf672007d126_cgraph.pdf

pdfTeX warning: /usr/bin/pdflatex (file ./classAccelerometer_a148aaf7f305b2085c
5eacf672007d126_cgraph.pdf): PDF inclusion: multiple pdfs with page group inclu
ded in a single page
> <./classAccelerometer_ab8a7687fc06b233e12368b04ec402357_cgraph.pdf

pdfTeX warning: /usr/bin/pdflatex (file ./classAccelerometer_ab8a7687fc06b233e1
2368b04ec402357_cgraph.pdf): PDF inclusion: multiple pdfs with page group inclu
ded in a single page
>]
Underfull \hbox (badness 10000) detected at line 227
[][][]
 []


Underfull \hbox (badness 10000) detected at line 237
[][][]
 []


Underfull \hbox (badness 10000) detected at line 247
[][][]
 []


<classAccelerometer_ae79d97fb2ca83127b10ca309b0732cba_cgraph.pdf, id=2275, 393.
47pt x 138.5175pt>
File: classAccelerometer_ae79d97fb2ca83127b10ca309b0732cba_cgraph.pdf Graphic f
ile (type pdf)

<use classAccelerometer_ae79d97fb2ca83127b10ca309b0732cba_cgraph.pdf>
Package pdftex.def Info: classAccelerometer_ae79d97fb2ca83127b10ca309b0732cba_c
graph.pdf used on input line 263.
(pdftex.def)             Requested size: 350.0pt x 123.21254pt.
 [21 <./classAccelerometer_ae79d97fb2ca83127b10ca309b0732cba_cgraph.pdf>]
Underfull \hbox (badness 10000) detected at line 294
[][][]
 []

) (./structImage.tex
<structImage__coll__graph.pdf, id=2289, 157.58875pt x 248.93pt>
File: structImage__coll__graph.pdf Graphic file (type pdf)

<use structImage__coll__graph.pdf>
Package pdftex.def Info: structImage__coll__graph.pdf used on input line 9.
(pdftex.def)             Requested size: 157.0pt x 248.01398pt.
 [22] [23 <./structImage__coll__graph.pdf>])
(./structIMAGE.tex
<structIMAGE__coll__graph.pdf, id=2338, 134.5025pt x 215.80624pt>
File: structIMAGE__coll__graph.pdf Graphic file (type pdf)

<use structIMAGE__coll__graph.pdf>
Package pdftex.def Info: structIMAGE__coll__graph.pdf used on input line 13.
(pdftex.def)             Requested size: 134.0pt x 215.00223pt.
 [24 <./structIMAGE__coll__graph.pdf>])
(./classMass.tex <classMass__coll__graph.pdf, id=2359, 180.675pt x 409.53pt>
File: classMass__coll__graph.pdf Graphic file (type pdf)

<use classMass__coll__graph.pdf>
Package pdftex.def Info: classMass__coll__graph.pdf used on input line 13.
(pdftex.def)             Requested size: 180.0pt x 408.00424pt.

Underfull \vbox (badness 10000) has occurred while \output is active []

 [25]
[26 <./classMass__coll__graph.pdf>]

LaTeX Font Warning: Font shape `T1/pcr/bc/it' undefined
(Font)              using `T1/pcr/bc/n' instead on input line 89.

[27]

Package hyperref Warning: Token not allowed in a PDF string (Unicode):
(hyperref)                removing `math shift' on input line 144.


Package hyperref Warning: Token not allowed in a PDF string (Unicode):
(hyperref)                removing `\sim' on input line 144.


Package hyperref Warning: Token not allowed in a PDF string (Unicode):
(hyperref)                removing `math shift' on input line 144.


Underfull \hbox (badness 10000) detected at line 167
[][][]
 []


Underfull \hbox (badness 10000) detected at line 179
[][][]
 []


Underfull \hbox (badness 10000) detected at line 189
[][][]
 []


Underfull \hbox (badness 10000) detected at line 199
[][][]
 []

[28] [29] [30]) (./classstd_1_1MipMap.tex
<classstd_1_1MipMap__coll__graph.pdf, id=2465, 152.57pt x 204.765pt>
File: classstd_1_1MipMap__coll__graph.pdf Graphic file (type pdf)

<use classstd_1_1MipMap__coll__graph.pdf>
Package pdftex.def Info: classstd_1_1MipMap__coll__graph.pdf used on input line
 13.
(pdftex.def)             Requested size: 152.0pt x 204.00835pt.

Underfull \vbox (badness 10000) has occurred while \output is active []

 [31]

Package hyperref Warning: Token not allowed in a PDF string (Unicode):
(hyperref)                removing `math shift' on input line 61.


Package hyperref Warning: Token not allowed in a PDF string (Unicode):
(hyperref)                removing `\sim' on input line 61.


Package hyperref Warning: Token not allowed in a PDF string (Unicode):
(hyperref)                removing `math shift' on input line 61.

[32 <./classstd_1_1MipMap__coll__graph.pdf>]
<classstd_1_1MipMap_aa52b162bb516ffe6b7fb5bdc3604ac7d_cgraph.pdf, id=2499, 683.
55376pt x 176.66pt>
File: classstd_1_1MipMap_aa52b162bb516ffe6b7fb5bdc3604ac7d_cgraph.pdf Graphic f
ile (type pdf)

<use classstd_1_1MipMap_aa52b162bb516ffe6b7fb5bdc3604ac7d_cgraph.pdf>
Package pdftex.def Info: classstd_1_1MipMap_aa52b162bb516ffe6b7fb5bdc3604ac7d_c
graph.pdf used on input line 87.
(pdftex.def)             Requested size: 350.0pt x 90.4566pt.

<classstd_1_1MipMap_a623e530b676d04b9cd5b07fea6172602_cgraph.pdf, id=2502, 548.
0475pt x 176.66pt>
File: classstd_1_1MipMap_a623e530b676d04b9cd5b07fea6172602_cgraph.pdf Graphic f
ile (type pdf)

<use classstd_1_1MipMap_a623e530b676d04b9cd5b07fea6172602_cgraph.pdf>
Package pdftex.def Info: classstd_1_1MipMap_a623e530b676d04b9cd5b07fea6172602_c
graph.pdf used on input line 134.
(pdftex.def)             Requested size: 350.0pt x 112.8221pt.

Underfull \vbox (badness 10000) has occurred while \output is active []

 [33 <./classstd_1_1MipMap_aa52b162bb516ffe6b7fb5bdc3604ac7d_cgraph.pdf>])
(./classstd_1_1Scene.tex
<classstd_1_1Scene__coll__graph.pdf, id=2517, 275.0275pt x 398.48875pt>
File: classstd_1_1Scene__coll__graph.pdf Graphic file (type pdf)

<use classstd_1_1Scene__coll__graph.pdf>
Package pdftex.def Info: classstd_1_1Scene__coll__graph.pdf used on input line 
13.
(pdftex.def)             Requested size: 274.0pt x 397.03455pt.

Underfull \vbox (badness 10000) has occurred while \output is active []

 [34 <./classstd_1_1MipMap_a623e530b676d04b9cd5b07fea6172602_cgraph.pdf>] [35 <
./classstd_1_1Scene__coll__graph.pdf>]

Package hyperref Warning: Token not allowed in a PDF string (Unicode):
(hyperref)                removing `math shift' on input line 97.


Package hyperref Warning: Token not allowed in a PDF string (Unicode):
(hyperref)                removing `\sim' on input line 97.


Package hyperref Warning: Token not allowed in a PDF string (Unicode):
(hyperref)                removing `math shift' on input line 97.


<classstd_1_1Scene_acf0a57cadc3904cb157058a3f12d8b9a_cgraph.pdf, id=2572, 693.5
9125pt x 111.41624pt>
File: classstd_1_1Scene_acf0a57cadc3904cb157058a3f12d8b9a_cgraph.pdf Graphic fi
le (type pdf)

<use classstd_1_1Scene_acf0a57cadc3904cb157058a3f12d8b9a_cgraph.pdf>
Package pdftex.def Info: classstd_1_1Scene_acf0a57cadc3904cb157058a3f12d8b9a_cg
raph.pdf used on input line 114.
(pdftex.def)             Requested size: 350.0pt x 56.2248pt.
 [36 <./classstd_1_1Scene_acf0a57cadc3904cb157058a3f12d8b9a_cgraph.pdf>]
Underfull \hbox (badness 10000) detected at line 126
[][][]
 []


<classstd_1_1Scene_a3e68e24782a8a3d20434b2480ffa46ef_cgraph.pdf, id=2591, 366.3
6874pt x 138.5175pt>
File: classstd_1_1Scene_a3e68e24782a8a3d20434b2480ffa46ef_cgraph.pdf Graphic fi
le (type pdf)

<use classstd_1_1Scene_a3e68e24782a8a3d20434b2480ffa46ef_cgraph.pdf>
Package pdftex.def Info: classstd_1_1Scene_a3e68e24782a8a3d20434b2480ffa46ef_cg
raph.pdf used on input line 142.
(pdftex.def)             Requested size: 350.0pt x 132.33696pt.

<classstd_1_1Scene_a6f5536cb6bf3df944508583badad1bd9_cgraph.pdf, id=2593, 350.3
0875pt x 100.375pt>
File: classstd_1_1Scene_a6f5536cb6bf3df944508583badad1bd9_cgraph.pdf Graphic fi
le (type pdf)

<use classstd_1_1Scene_a6f5536cb6bf3df944508583badad1bd9_cgraph.pdf>
Package pdftex.def Info: classstd_1_1Scene_a6f5536cb6bf3df944508583badad1bd9_cg
raph.pdf used on input line 191.
(pdftex.def)             Requested size: 349.0pt x 100.00716pt.
 [37 <./classstd_1_1Scene_a3e68e24782a8a3d20434b2480ffa46ef_cgraph.pdf>]
<classstd_1_1Scene_afe443c3e9196ee13a701a0813e435239_cgraph.pdf, id=2605, 971.6
3pt x 405.515pt>
File: classstd_1_1Scene_afe443c3e9196ee13a701a0813e435239_cgraph.pdf Graphic fi
le (type pdf)

<use classstd_1_1Scene_afe443c3e9196ee13a701a0813e435239_cgraph.pdf>
Package pdftex.def Info: classstd_1_1Scene_afe443c3e9196ee13a701a0813e435239_cg
raph.pdf used on input line 209.
(pdftex.def)             Requested size: 350.0pt x 146.0719pt.
 [38 <./classstd_1_1Scene_a6f5536cb6bf3df944508583badad1bd9_cgraph.pdf> <./clas
sstd_1_1Scene_afe443c3e9196ee13a701a0813e435239_cgraph.pdf

pdfTeX warning: /usr/bin/pdflatex (file ./classstd_1_1Scene_afe443c3e9196ee13a7
01a0813e435239_cgraph.pdf): PDF inclusion: multiple pdfs with page group includ
ed in a single page
>]) (./classstd_1_1Simulation.tex
<classstd_1_1Simulation__coll__graph.pdf, id=2624, 162.6075pt x 138.5175pt>
File: classstd_1_1Simulation__coll__graph.pdf Graphic file (type pdf)

<use classstd_1_1Simulation__coll__graph.pdf>
Package pdftex.def Info: classstd_1_1Simulation__coll__graph.pdf used on input 
line 13.
(pdftex.def)             Requested size: 162.0pt x 138.00987pt.

Underfull \hbox (badness 10000) detected at line 42
[][][]
 []

LaTeX Font Info:    Font shape `T1/phv/bx/it' in size <10> not available
(Font)              Font shape `T1/phv/b/it' tried instead on input line 46.
LaTeX Font Info:    Font shape `T1/phv/b/it' in size <10> not available
(Font)              Font shape `T1/phv/b/sl' tried instead on input line 46.
LaTeX Font Info:    Font shape `T1/phv/b/sl' will be
(Font)              scaled to size 8.99994pt on input line 46.
LaTeX Font Info:    Font shape `T1/phv/bx/it' in size <7> not available
(Font)              Font shape `T1/phv/b/it' tried instead on input line 46.
LaTeX Font Info:    Font shape `T1/phv/b/it' in size <7> not available
(Font)              Font shape `T1/phv/b/sl' tried instead on input line 46.
LaTeX Font Info:    Font shape `T1/phv/b/sl' will be
(Font)              scaled to size 6.29996pt on input line 46.
[39 <./classstd_1_1Simulation__coll__graph.pdf>] [40]
<classstd_1_1Simulation_a0e50b0ce3a31b7ac77cf99b1aa7e3d62_cgraph.pdf, id=2658, 
672.5125pt x 351.3125pt>
File: classstd_1_1Simulation_a0e50b0ce3a31b7ac77cf99b1aa7e3d62_cgraph.pdf Graph
ic file (type pdf)

<use classstd_1_1Simulation_a0e50b0ce3a31b7ac77cf99b1aa7e3d62_cgraph.pdf>
Package pdftex.def Info: classstd_1_1Simulation_a0e50b0ce3a31b7ac77cf99b1aa7e3d
62_cgraph.pdf used on input line 84.
(pdftex.def)             Requested size: 350.0pt x 182.83363pt.
)
(./classSpring.tex
<classSpring__coll__graph.pdf, id=2661, 180.675pt x 603.25375pt>
File: classSpring__coll__graph.pdf Graphic file (type pdf)

<use classSpring__coll__graph.pdf>
Package pdftex.def Info: classSpring__coll__graph.pdf used on input line 13.
(pdftex.def)             Requested size: 164.72601pt x 550.0pt.

Underfull \vbox (badness 10000) has occurred while \output is active []

 [41 <./classstd_1_1Simulation_a0e50b0ce3a31b7ac77cf99b1aa7e3d62_cgraph.pdf>] [
42 <./classSpring__coll__graph.pdf>] [43]

Package hyperref Warning: Token not allowed in a PDF string (Unicode):
(hyperref)                removing `math shift' on input line 121.


Package hyperref Warning: Token not allowed in a PDF string (Unicode):
(hyperref)                removing `\sim' on input line 121.


Package hyperref Warning: Token not allowed in a PDF string (Unicode):
(hyperref)                removing `math shift' on input line 121.


Underfull \hbox (badness 10000) detected at line 137
[][][]
 []


<classSpring_a274a8d1cdb7de865bbf90ad6d95d789f_cgraph.pdf, id=2723, 256.96pt x 
100.375pt>
File: classSpring_a274a8d1cdb7de865bbf90ad6d95d789f_cgraph.pdf Graphic file (ty
pe pdf)
 <use classSpring_a274a8d1cdb7de865bbf90ad6d95d789f_cgraph.pdf>
Package pdftex.def Info: classSpring_a274a8d1cdb7de865bbf90ad6d95d789f_cgraph.p
df used on input line 161.
(pdftex.def)             Requested size: 256.0pt x 100.00716pt.

[44 <./classSpring_a274a8d1cdb7de865bbf90ad6d95d789f_cgraph.pdf>]) [45]
[46

]
Chapter 7.
(./Accelerometer_8cpp.tex
<Accelerometer_8cpp__incl.pdf, id=2744, 475.7775pt x 212.795pt>
File: Accelerometer_8cpp__incl.pdf Graphic file (type pdf)

<use Accelerometer_8cpp__incl.pdf>
Package pdftex.def Info: Accelerometer_8cpp__incl.pdf used on input line 14.
(pdftex.def)             Requested size: 350.0pt x 156.54692pt.
) (./Accelerometer_8h.tex
<Accelerometer_8h__incl.pdf, id=2746, 387.4475pt x 156.585pt>
File: Accelerometer_8h__incl.pdf Graphic file (type pdf)

<use Accelerometer_8h__incl.pdf>
Package pdftex.def Info: Accelerometer_8h__incl.pdf used on input line 12.
(pdftex.def)             Requested size: 350.0pt x 141.45322pt.
 [47 <./Accelerometer_8cpp__incl.pdf>]
<Accelerometer_8h__dep__incl.pdf, id=2759, 404.51125pt x 156.585pt>
File: Accelerometer_8h__dep__incl.pdf Graphic file (type pdf)

<use Accelerometer_8h__dep__incl.pdf>
Package pdftex.def Info: Accelerometer_8h__dep__incl.pdf used on input line 19.

(pdftex.def)             Requested size: 350.0pt x 135.48715pt.
) (./Collision_8cpp.tex
<Collision_8cpp__incl.pdf, id=2762, 452.69125pt x 269.005pt>
File: Collision_8cpp__incl.pdf Graphic file (type pdf)

<use Collision_8cpp__incl.pdf>
Package pdftex.def Info: Collision_8cpp__incl.pdf used on input line 14.
(pdftex.def)             Requested size: 350.0pt x 207.98004pt.
 [48 <./Accelerometer_8h__incl.pdf> <./Accelerometer_8h__dep__incl.pdf

pdfTeX warning: /usr/bin/pdflatex (file ./Accelerometer_8h__dep__incl.pdf): PDF
 inclusion: multiple pdfs with page group included in a single page
>]) (./Collision_8h.tex
<Collision_8h__incl.pdf, id=2786, 293.095pt x 212.795pt>
File: Collision_8h__incl.pdf Graphic file (type pdf)

<use Collision_8h__incl.pdf>
Package pdftex.def Info: Collision_8h__incl.pdf used on input line 10.
(pdftex.def)             Requested size: 292.0pt x 211.99895pt.

Underfull \vbox (badness 2057) has occurred while \output is active []

 [49 <./Collision_8cpp__incl.pdf>]
<Collision_8h__dep__incl.pdf, id=2801, 269.005pt x 156.585pt>
File: Collision_8h__dep__incl.pdf Graphic file (type pdf)

<use Collision_8h__dep__incl.pdf>
Package pdftex.def Info: Collision_8h__dep__incl.pdf used on input line 17.
(pdftex.def)             Requested size: 268.0pt x 156.00162pt.
) (./dice_8c.tex
<dice_8c__incl.pdf, id=2805, 214.8025pt x 212.795pt>
File: dice_8c__incl.pdf Graphic file (type pdf)
 <use dice_8c__incl.pdf>
Package pdftex.def Info: dice_8c__incl.pdf used on input line 10.
(pdftex.def)             Requested size: 214.0pt x 212.0022pt.

[50 <./Collision_8h__incl.pdf> <./Collision_8h__dep__incl.pdf

pdfTeX warning: /usr/bin/pdflatex (file ./Collision_8h__dep__incl.pdf): PDF inc
lusion: multiple pdfs with page group included in a single page
>] [51 <./dice_8c__incl.pdf>] [52] [53] [54]) (./dice_8h.tex
<dice_8h__incl.pdf, id=2891, 198.7425pt x 156.585pt>
File: dice_8h__incl.pdf Graphic file (type pdf)
 <use dice_8h__incl.pdf>
Package pdftex.def Info: dice_8h__incl.pdf used on input line 9.
(pdftex.def)             Requested size: 198.0pt x 156.004pt.

<dice_8h__dep__incl.pdf, id=2892, 139.52126pt x 156.585pt>
File: dice_8h__dep__incl.pdf Graphic file (type pdf)

<use dice_8h__dep__incl.pdf>
Package pdftex.def Info: dice_8h__dep__incl.pdf used on input line 16.
(pdftex.def)             Requested size: 139.0pt x 156.004pt.
 [55 <./dice_8h__incl.pdf> <./dice_8h__dep__incl.pdf

pdfTeX warning: /usr/bin/pdflatex (file ./dice_8h__dep__incl.pdf): PDF inclusio
n: multiple pdfs with page group included in a single page
>] [56]) (./main_8cpp.tex
<main_8cpp__incl.pdf, id=2954, 1018.80624pt x 325.215pt>
File: main_8cpp__incl.pdf Graphic file (type pdf)

<use main_8cpp__incl.pdf>
Package pdftex.def Info: main_8cpp__incl.pdf used on input line 18.
(pdftex.def)             Requested size: 350.0pt x 111.7229pt.

<main_8cpp_a96162111a8d4ce79c3a93988682de9d4_cgraph.pdf, id=2968, 1264.725pt x 
405.515pt>
File: main_8cpp_a96162111a8d4ce79c3a93988682de9d4_cgraph.pdf Graphic file (type
 pdf)
 <use main_8cpp_a96162111a8d4ce79c3a93988682de9d4_cgraph.pdf>
Package pdftex.def Info: main_8cpp_a96162111a8d4ce79c3a93988682de9d4_cgraph.pdf
 used on input line 67.
(pdftex.def)             Requested size: 350.0pt x 112.21925pt.

[57 <./main_8cpp__incl.pdf>]
Underfull \hbox (badness 10000) detected at line 79
[][][]
 []


<main_8cpp_a25a40b6614565f755233080a384c35f1_cgraph.pdf, id=2993, 810.02625pt x
 214.8025pt>
File: main_8cpp_a25a40b6614565f755233080a384c35f1_cgraph.pdf Graphic file (type
 pdf)
 <use main_8cpp_a25a40b6614565f755233080a384c35f1_cgraph.pdf>
Package pdftex.def Info: main_8cpp_a25a40b6614565f755233080a384c35f1_cgraph.pdf
 used on input line 102.
(pdftex.def)             Requested size: 350.0pt x 92.81558pt.

[58 <./main_8cpp_a96162111a8d4ce79c3a93988682de9d4_cgraph.pdf> <./main_8cpp_a25
a40b6614565f755233080a384c35f1_cgraph.pdf

pdfTeX warning: /usr/bin/pdflatex (file ./main_8cpp_a25a40b6614565f755233080a38
4c35f1_cgraph.pdf): PDF inclusion: multiple pdfs with page group included in a 
single page
>]
Underfull \hbox (badness 10000) detected at line 136
[][][]
 []


<main_8cpp_a0ddf1224851353fc92bfbff6f499fa97_cgraph.pdf, id=3009, 1454.43375pt 
x 632.3625pt>
File: main_8cpp_a0ddf1224851353fc92bfbff6f499fa97_cgraph.pdf Graphic file (type
 pdf)
 <use main_8cpp_a0ddf1224851353fc92bfbff6f499fa97_cgraph.pdf>
Package pdftex.def Info: main_8cpp_a0ddf1224851353fc92bfbff6f499fa97_cgraph.pdf
 used on input line 145.
(pdftex.def)             Requested size: 350.0pt x 152.17535pt.

<main_8cpp_a582135b73e5577fe41fa9361870272b1_cgraph.pdf, id=3010, 1105.12875pt 
x 405.515pt>
File: main_8cpp_a582135b73e5577fe41fa9361870272b1_cgraph.pdf Graphic file (type
 pdf)
 <use main_8cpp_a582135b73e5577fe41fa9361870272b1_cgraph.pdf>
Package pdftex.def Info: main_8cpp_a582135b73e5577fe41fa9361870272b1_cgraph.pdf
 used on input line 209.
(pdftex.def)             Requested size: 350.0pt x 128.42471pt.

[59 <./main_8cpp_a0ddf1224851353fc92bfbff6f499fa97_cgraph.pdf>])
(./Mass_8cpp.tex <Mass_8cpp__incl.pdf, id=3021, 411.5375pt x 212.795pt>
File: Mass_8cpp__incl.pdf Graphic file (type pdf)

<use Mass_8cpp__incl.pdf>
Package pdftex.def Info: Mass_8cpp__incl.pdf used on input line 11.
(pdftex.def)             Requested size: 350.0pt x 180.97725pt.
 [60 <./main_8cpp_a582135b73e5577fe41fa9361870272b1_cgraph.pdf> <./Mass_8cpp__i
ncl.pdf

pdfTeX warning: /usr/bin/pdflatex (file ./Mass_8cpp__incl.pdf): PDF inclusion: 
multiple pdfs with page group included in a single page
>]) (./Mass_8h.tex <Mass_8h__incl.pdf, id=3042, 283.0575pt x 156.585pt>
File: Mass_8h__incl.pdf Graphic file (type pdf)

<use Mass_8h__incl.pdf>
Package pdftex.def Info: Mass_8h__incl.pdf used on input line 10.
(pdftex.def)             Requested size: 282.0pt x 156.01357pt.

<Mass_8h__dep__incl.pdf, id=3043, 622.325pt x 269.005pt>
File: Mass_8h__dep__incl.pdf Graphic file (type pdf)

<use Mass_8h__dep__incl.pdf>
Package pdftex.def Info: Mass_8h__dep__incl.pdf used on input line 17.
(pdftex.def)             Requested size: 350.0pt x 151.2903pt.
) (./MipMap_8cpp.tex
<MipMap_8cpp__incl.pdf, id=3045, 413.545pt x 212.795pt>
File: MipMap_8cpp__incl.pdf Graphic file (type pdf)

<use MipMap_8cpp__incl.pdf>
Package pdftex.def Info: MipMap_8cpp__incl.pdf used on input line 12.
(pdftex.def)             Requested size: 350.0pt x 180.10056pt.
 [61 <./Mass_8h__incl.pdf> <./Mass_8h__dep__incl.pdf

pdfTeX warning: /usr/bin/pdflatex (file ./Mass_8h__dep__incl.pdf): PDF inclusio
n: multiple pdfs with page group included in a single page
>]) (./MipMap_8h.tex <MipMap_8h__incl.pdf, id=3064, 192.72pt x 156.585pt>
File: MipMap_8h__incl.pdf Graphic file (type pdf)

<use MipMap_8h__incl.pdf>
Package pdftex.def Info: MipMap_8h__incl.pdf used on input line 9.
(pdftex.def)             Requested size: 192.0pt x 155.99922pt.

<MipMap_8h__dep__incl.pdf, id=3065, 258.9675pt x 156.585pt>
File: MipMap_8h__dep__incl.pdf Graphic file (type pdf)

<use MipMap_8h__dep__incl.pdf>
Package pdftex.def Info: MipMap_8h__dep__incl.pdf used on input line 16.
(pdftex.def)             Requested size: 258.0pt x 156.01595pt.

Underfull \vbox (badness 10000) has occurred while \output is active []

 [62 <./MipMap_8cpp__incl.pdf> <./MipMap_8h__incl.pdf

pdfTeX warning: /usr/bin/pdflatex (file ./MipMap_8h__incl.pdf): PDF inclusion: 
multiple pdfs with page group included in a single page
>]) (./model__mapping_8cpp.tex
<model__mapping_8cpp__incl.pdf, id=3085, 324.21124pt x 212.795pt>
File: model__mapping_8cpp__incl.pdf Graphic file (type pdf)

<use model__mapping_8cpp__incl.pdf>
Package pdftex.def Info: model__mapping_8cpp__incl.pdf used on input line 11.
(pdftex.def)             Requested size: 323.0pt x 212.01193pt.
 [63 <./MipMap_8h__dep__incl.pdf> <./model__mapping_8cpp__incl.pdf

pdfTeX warning: /usr/bin/pdflatex (file ./model__mapping_8cpp__incl.pdf): PDF i
nclusion: multiple pdfs with page group included in a single page
>] [64]) (./model__mapping_8h.tex
<model__mapping_8h__incl.pdf, id=3147, 196.735pt x 156.585pt>
File: model__mapping_8h__incl.pdf Graphic file (type pdf)

<use model__mapping_8h__incl.pdf>
Package pdftex.def Info: model__mapping_8h__incl.pdf used on input line 9.
(pdftex.def)             Requested size: 196.0pt x 155.99922pt.

<model__mapping_8h__dep__incl.pdf, id=3148, 485.815pt x 156.585pt>
File: model__mapping_8h__dep__incl.pdf Graphic file (type pdf)

<use model__mapping_8h__dep__incl.pdf>
Package pdftex.def Info: model__mapping_8h__dep__incl.pdf used on input line 16
.
(pdftex.def)             Requested size: 350.0pt x 112.808pt.
 [65 <./model__mapping_8h__incl.pdf> <./model__mapping_8h__dep__incl.pdf

pdfTeX warning: /usr/bin/pdflatex (file ./model__mapping_8h__dep__incl.pdf): PD
F inclusion: multiple pdfs with page group included in a single page
>]) (./ResourcePath_8h.tex
<ResourcePath_8h__incl.pdf, id=3168, 194.7275pt x 156.585pt>
File: ResourcePath_8h__incl.pdf Graphic file (type pdf)

<use ResourcePath_8h__incl.pdf>
Package pdftex.def Info: ResourcePath_8h__incl.pdf used on input line 9.
(pdftex.def)             Requested size: 194.0pt x 156.0064pt.

<ResourcePath_8h__dep__incl.pdf, id=3169, 195.73125pt x 156.585pt>
File: ResourcePath_8h__dep__incl.pdf Graphic file (type pdf)

<use ResourcePath_8h__dep__incl.pdf>
Package pdftex.def Info: ResourcePath_8h__dep__incl.pdf used on input line 16.
(pdftex.def)             Requested size: 195.0pt x 156.00879pt.
 [66 <./ResourcePath_8h__incl.pdf> <./ResourcePath_8h__dep__incl.pdf

pdfTeX warning: /usr/bin/pdflatex (file ./ResourcePath_8h__dep__incl.pdf): PDF 
inclusion: multiple pdfs with page group included in a single page
>]
Underfull \hbox (badness 10000) detected at line 48
[][][]
 []


Underfull \hbox (badness 10000) detected at line 76
[][][]
 []


<ResourcePath_8h_ac072528545a90c4040a7b43c161a8e5a_cgraph.pdf, id=3194, 282.053
76pt x 100.375pt>
File: ResourcePath_8h_ac072528545a90c4040a7b43c161a8e5a_cgraph.pdf Graphic file
 (type pdf)

<use ResourcePath_8h_ac072528545a90c4040a7b43c161a8e5a_cgraph.pdf>
Package pdftex.def Info: ResourcePath_8h_ac072528545a90c4040a7b43c161a8e5a_cgra
ph.pdf used on input line 85.
(pdftex.def)             Requested size: 281.0pt x 100.00716pt.
)
(./Scene_8cpp.tex <Scene_8cpp__incl.pdf, id=3195, 847.165pt x 325.215pt>
File: Scene_8cpp__incl.pdf Graphic file (type pdf)

<use Scene_8cpp__incl.pdf>
Package pdftex.def Info: Scene_8cpp__incl.pdf used on input line 19.
(pdftex.def)             Requested size: 350.0pt x 134.3563pt.
 [67 <./ResourcePath_8h_ac072528545a90c4040a7b43c161a8e5a_cgraph.pdf>]) (./Scen
e_8h.tex
<Scene_8h__incl.pdf, id=3208, 283.0575pt x 269.005pt>
File: Scene_8h__incl.pdf Graphic file (type pdf)
 <use Scene_8h__incl.pdf>
Package pdftex.def Info: Scene_8h__incl.pdf used on input line 10.
(pdftex.def)             Requested size: 282.0pt x 268.0233pt.

Underfull \vbox (badness 10000) has occurred while \output is active []

 [68 <./Scene_8cpp__incl.pdf>] <Scene_8h__dep__incl.pdf, id=3220, 369.38pt x 15
6.585pt>
File: Scene_8h__dep__incl.pdf Graphic file (type pdf)

<use Scene_8h__dep__incl.pdf>
Package pdftex.def Info: Scene_8h__dep__incl.pdf used on input line 17.
(pdftex.def)             Requested size: 350.0pt x 148.37022pt.
) (./SGIimage_8c.tex
<SGIimage_8c__incl.pdf, id=3223, 279.0425pt x 156.585pt>
File: SGIimage_8c__incl.pdf Graphic file (type pdf)

<use SGIimage_8c__incl.pdf>
Package pdftex.def Info: SGIimage_8c__incl.pdf used on input line 10.
(pdftex.def)             Requested size: 278.0pt x 156.004pt.
 [69 <./Scene_8h__incl.pdf> <./Scene_8h__dep__incl.pdf

pdfTeX warning: /usr/bin/pdflatex (file ./Scene_8h__dep__incl.pdf): PDF inclusi
on: multiple pdfs with page group included in a single page
>] [70 <./SGIimage_8c__incl.pdf>]
<SGIimage_8c_a4b37c80287479ac74c394a49b7369004_cgraph.pdf, id=3278, 298.11375pt
 x 100.375pt>
File: SGIimage_8c_a4b37c80287479ac74c394a49b7369004_cgraph.pdf Graphic file (ty
pe pdf)
 <use SGIimage_8c_a4b37c80287479ac74c394a49b7369004_cgraph.pdf>
Package pdftex.def Info: SGIimage_8c_a4b37c80287479ac74c394a49b7369004_cgraph.p
df used on input line 94.
(pdftex.def)             Requested size: 297.0pt x 100.00562pt.

<SGIimage_8c_a6655dfddda5907fa62719e900116cacc_cgraph.pdf, id=3279, 399.4925pt 
x 176.66pt>
File: SGIimage_8c_a6655dfddda5907fa62719e900116cacc_cgraph.pdf Graphic file (ty
pe pdf)
 <use SGIimage_8c_a6655dfddda5907fa62719e900116cacc_cgraph.pdf>
Package pdftex.def Info: SGIimage_8c_a6655dfddda5907fa62719e900116cacc_cgraph.p
df used on input line 122.
(pdftex.def)             Requested size: 350.0pt x 154.78198pt.
)
(./SGIimage_8h.tex
<SGIimage_8h__dep__incl.pdf, id=3280, 271.0125pt x 156.585pt>
File: SGIimage_8h__dep__incl.pdf Graphic file (type pdf)

<use SGIimage_8h__dep__incl.pdf>
Package pdftex.def Info: SGIimage_8h__dep__incl.pdf used on input line 7.
(pdftex.def)             Requested size: 270.0pt x 156.0064pt.

Underfull \vbox (badness 10000) has occurred while \output is active []

 [71 <./SGIimage_8c_a4b37c80287479ac74c394a49b7369004_cgraph.pdf> <./SGIimage_8
c_a6655dfddda5907fa62719e900116cacc_cgraph.pdf

pdfTeX warning: /usr/bin/pdflatex (file ./SGIimage_8c_a6655dfddda5907fa62719e90
0116cacc_cgraph.pdf): PDF inclusion: multiple pdfs with page group included in 
a single page
>]
<SGIimage_8h_a88909bcb62b3659d8bc06beb0fdbca3c_cgraph.pdf, id=3300, 399.4925pt 
x 176.66pt>
File: SGIimage_8h_a88909bcb62b3659d8bc06beb0fdbca3c_cgraph.pdf Graphic file (ty
pe pdf)
 <use SGIimage_8h_a88909bcb62b3659d8bc06beb0fdbca3c_cgraph.pdf>
Package pdftex.def Info: SGIimage_8h_a88909bcb62b3659d8bc06beb0fdbca3c_cgraph.p
df used on input line 36.
(pdftex.def)             Requested size: 350.0pt x 154.78198pt.
)
(./Simulation_8cpp.tex
<Simulation_8cpp__incl.pdf, id=3301, 805.0075pt x 325.215pt>
File: Simulation_8cpp__incl.pdf Graphic file (type pdf)

<use Simulation_8cpp__incl.pdf>
Package pdftex.def Info: Simulation_8cpp__incl.pdf used on input line 15.
(pdftex.def)             Requested size: 350.0pt x 141.39294pt.

Underfull \vbox (badness 2050) has occurred while \output is active []

 [72 <./SGIimage_8h__dep__incl.pdf> <./SGIimage_8h_a88909bcb62b3659d8bc06beb0fd
bca3c_cgraph.pdf

pdfTeX warning: /usr/bin/pdflatex (file ./SGIimage_8h_a88909bcb62b3659d8bc06beb
0fdbca3c_cgraph.pdf): PDF inclusion: multiple pdfs with page group included in 
a single page
>]) (./Simulation_8h.tex
<Simulation_8h__dep__incl.pdf, id=3344, 277.035pt x 156.585pt>
File: Simulation_8h__dep__incl.pdf Graphic file (type pdf)

<use Simulation_8h__dep__incl.pdf>
Package pdftex.def Info: Simulation_8h__dep__incl.pdf used on input line 7.
(pdftex.def)             Requested size: 276.0pt x 156.00162pt.
 [73 <./Simulation_8cpp__incl.pdf>])
(./skirt__sphere_8c.tex
<skirt__sphere_8c__incl.pdf, id=3361, 231.86626pt x 212.795pt>
File: skirt__sphere_8c__incl.pdf Graphic file (type pdf)

<use skirt__sphere_8c__incl.pdf>
Package pdftex.def Info: skirt__sphere_8c__incl.pdf used on input line 10.
(pdftex.def)             Requested size: 231.0pt x 212.00543pt.
 [74 <./Simulation_8h__dep__incl.pdf> <./skirt__sphere_8c__incl.pdf

pdfTeX warning: /usr/bin/pdflatex (file ./skirt__sphere_8c__incl.pdf): PDF incl
usion: multiple pdfs with page group included in a single page
>] [75] [76]) (./skirt__sphere_8h.tex
<skirt__sphere_8h__incl.pdf, id=3431, 198.7425pt x 156.585pt>
File: skirt__sphere_8h__incl.pdf Graphic file (type pdf)

<use skirt__sphere_8h__incl.pdf>
Package pdftex.def Info: skirt__sphere_8h__incl.pdf used on input line 9.
(pdftex.def)             Requested size: 198.0pt x 156.004pt.

<skirt__sphere_8h__dep__incl.pdf, id=3432, 315.1775pt x 156.585pt>
File: skirt__sphere_8h__dep__incl.pdf Graphic file (type pdf)

<use skirt__sphere_8h__dep__incl.pdf>
Package pdftex.def Info: skirt__sphere_8h__dep__incl.pdf used on input line 16.

(pdftex.def)             Requested size: 314.0pt x 156.00879pt.

Underfull \vbox (badness 10000) has occurred while \output is active []

 [77 <./skirt__sphere_8h__incl.pdf>] [78 <./skirt__sphere_8h__dep__incl.pdf>])
(./Spring_8cpp.tex <Spring_8cpp__incl.pdf, id=3495, 302.12875pt x 269.005pt>
File: Spring_8cpp__incl.pdf Graphic file (type pdf)

<use Spring_8cpp__incl.pdf>
Package pdftex.def Info: Spring_8cpp__incl.pdf used on input line 9.
(pdftex.def)             Requested size: 301.0pt x 267.99867pt.

Underfull \vbox (badness 10000) has occurred while \output is active []

 [79])
(./Spring_8h.tex <Spring_8h__incl.pdf, id=3503, 283.0575pt x 212.795pt>
File: Spring_8h__incl.pdf Graphic file (type pdf)

<use Spring_8h__incl.pdf>
Package pdftex.def Info: Spring_8h__incl.pdf used on input line 8.
(pdftex.def)             Requested size: 282.0pt x 212.01843pt.

Underfull \vbox (badness 10000) has occurred while \output is active []

 [80 <./Spring_8cpp__incl.pdf>]
<Spring_8h__dep__incl.pdf, id=3517, 426.59375pt x 212.795pt>
File: Spring_8h__dep__incl.pdf Graphic file (type pdf)

<use Spring_8h__dep__incl.pdf>
Package pdftex.def Info: Spring_8h__dep__incl.pdf used on input line 15.
(pdftex.def)             Requested size: 350.0pt x 174.60016pt.
) [81 <./Spring_8h__incl.pdf> <./Spring_8h__dep__incl.pdf

pdfTeX warning: /usr/bin/pdflatex (file ./Spring_8h__dep__incl.pdf): PDF inclus
ion: multiple pdfs with page group included in a single page
>] [82

]
No file refman.ind.
Package atveryend Info: Empty hook `BeforeClearDocument' on input line 195.
Package atveryend Info: Empty hook `AfterLastShipout' on input line 195.
(./refman.aux (./project_overview.aux))
Package atveryend Info: Executing hook `AtVeryEndDocument' on input line 195.
Package atveryend Info: Executing hook `AtEndAfterFileList' on input line 195.
Package rerunfilecheck Info: File `refman.out' has not changed.
(rerunfilecheck)             Checksum: B43F82C9A7EE36E8494A57525084B9F7;66964.


LaTeX Font Warning: Some font shapes were not available, defaults substituted.

Package atveryend Info: Empty hook `AtVeryVeryEnd' on input line 195.
 ) 
Here is how much of TeX's memory you used:
 14883 strings out of 494907
 238132 string characters out of 6177793
 296939 words of memory out of 5000000
 16968 multiletter control sequences out of 15000+600000
 69577 words of font info for 73 fonts, out of 8000000 for 9000
 36 hyphenation exceptions out of 8191
 48i,16n,43p,2073b,520s stack positions out of 5000i,500n,10000p,200000b,80000s
{/usr/share/texlive/texmf-dist/fonts/enc/dvips/base/8r.enc}</usr/share/texliv
e/texmf-dist/fonts/type1/public/amsfonts/cm/cmmi10.pfb></usr/share/texlive/texm
f-dist/fonts/type1/public/amsfonts/cm/cmmi7.pfb></usr/share/texlive/texmf-dist/
fonts/type1/public/amsfonts/cm/cmsy10.pfb></usr/share/texlive/texmf-dist/fonts/
type1/public/amsfonts/cm/cmsy7.pfb></usr/share/texlive/texmf-dist/fonts/type1/u
rw/courier/ucrr8a.pfb></usr/share/texlive/texmf-dist/fonts/type1/urw/helvetic/u
hvb8a.pfb></usr/share/texlive/texmf-dist/fonts/type1/urw/helvetic/uhvb8ac.pfb><
/usr/share/texlive/texmf-dist/fonts/type1/urw/helvetic/uhvbo8a.pfb></usr/share/
texlive/texmf-dist/fonts/type1/urw/helvetic/uhvbo8ac.pfb></usr/share/texlive/te
xmf-dist/fonts/type1/urw/helvetic/uhvr8a.pfb></usr/share/texlive/texmf-dist/fon
ts/type1/urw/helvetic/uhvro8a.pfb>
Output written on refman.pdf (94 pages, 468409 bytes).
PDF statistics:
 3745 PDF objects out of 4296 (max. 8388607)
 3459 compressed objects within 35 object streams
 787 named destinations out of 1000 (max. 500000)
 3169 words of extra memory for PDF output out of 10000 (max. 10000000)

