\BOOKMARK [0][-]{chapter.1}{\376\377\0001\000\040\000P\000r\000o\000j\000e\000c\000t\000\040\000O\000v\000e\000r\000v\000i\000e\000w}{}% 1
\BOOKMARK [1][-]{section.1.1}{\376\377\0001\000.\0001\000\040\000I\000n\000t\000r\000o\000d\000u\000c\000t\000i\000o\000n}{chapter.1}% 2
\BOOKMARK [1][-]{section.1.2}{\376\377\0001\000.\0002\000\040\000I\000n\000s\000t\000a\000l\000l\000a\000t\000i\000o\000n}{chapter.1}% 3
\BOOKMARK [2][-]{subsection.1.2.1}{\376\377\0001\000.\0002\000.\0001\000\040\000M\000i\000n\000i\000m\000a\000l\000\040\000R\000e\000q\000u\000i\000r\000e\000m\000e\000n\000t\000s}{section.1.2}% 4
\BOOKMARK [2][-]{subsection.1.2.2}{\376\377\0001\000.\0002\000.\0002\000\040\000D\000e\000p\000e\000n\000d\000e\000n\000c\000i\000e\000s}{section.1.2}% 5
\BOOKMARK [2][-]{subsection.1.2.3}{\376\377\0001\000.\0002\000.\0003\000\040\000C\000o\000m\000p\000i\000l\000i\000n\000g}{section.1.2}% 6
\BOOKMARK [0][-]{chapter.2}{\376\377\0002\000\040\000N\000a\000m\000e\000s\000p\000a\000c\000e\000\040\000I\000n\000d\000e\000x}{}% 7
\BOOKMARK [1][-]{section.2.1}{\376\377\0002\000.\0001\000\040\000N\000a\000m\000e\000s\000p\000a\000c\000e\000\040\000L\000i\000s\000t}{chapter.2}% 8
\BOOKMARK [0][-]{chapter.3}{\376\377\0003\000\040\000C\000l\000a\000s\000s\000\040\000I\000n\000d\000e\000x}{}% 9
\BOOKMARK [1][-]{section.3.1}{\376\377\0003\000.\0001\000\040\000C\000l\000a\000s\000s\000\040\000L\000i\000s\000t}{chapter.3}% 10
\BOOKMARK [0][-]{chapter.4}{\376\377\0004\000\040\000F\000i\000l\000e\000\040\000I\000n\000d\000e\000x}{}% 11
\BOOKMARK [1][-]{section.4.1}{\376\377\0004\000.\0001\000\040\000F\000i\000l\000e\000\040\000L\000i\000s\000t}{chapter.4}% 12
\BOOKMARK [0][-]{chapter.5}{\376\377\0005\000\040\000N\000a\000m\000e\000s\000p\000a\000c\000e\000\040\000D\000o\000c\000u\000m\000e\000n\000t\000a\000t\000i\000o\000n}{}% 13
\BOOKMARK [1][-]{section.5.1}{\376\377\0005\000.\0001\000\040\000s\000t\000d\000\040\000N\000a\000m\000e\000s\000p\000a\000c\000e\000\040\000R\000e\000f\000e\000r\000e\000n\000c\000e}{chapter.5}% 14
\BOOKMARK [2][-]{subsection.5.1.1}{\376\377\0005\000.\0001\000.\0001\000\040\000F\000u\000n\000c\000t\000i\000o\000n\000\040\000D\000o\000c\000u\000m\000e\000n\000t\000a\000t\000i\000o\000n}{section.5.1}% 15
\BOOKMARK [3][-]{subsubsection.5.1.1.1}{\376\377\0005\000.\0001\000.\0001\000.\0001\000\040\000b\000a\000r\000y\000V\000e\000r\000t\000e\000x\000I\000n\000T\000r\000i\000a\000n\000g\000l\000e}{subsection.5.1.1}% 16
\BOOKMARK [3][-]{subsubsection.5.1.1.2}{\376\377\0005\000.\0001\000.\0001\000.\0002\000\040\000c\000o\000l\000l\000i\000s\000i\000o\000n\000D\000e\000t\000e\000c\000t\000i\000o\000n\000A\000n\000d\000R\000e\000s\000p\000o\000n\000s\000e}{subsection.5.1.1}% 17
\BOOKMARK [3][-]{subsubsection.5.1.1.3}{\376\377\0005\000.\0001\000.\0001\000.\0003\000\040\000f\000\137\000i\000n\000t}{subsection.5.1.1}% 18
\BOOKMARK [3][-]{subsubsection.5.1.1.4}{\376\377\0005\000.\0001\000.\0001\000.\0004\000\040\000f\000o\000r\000c\000e}{subsection.5.1.1}% 19
\BOOKMARK [3][-]{subsubsection.5.1.1.5}{\376\377\0005\000.\0001\000.\0001\000.\0005\000\040\000f\000w\000d\000\137\000e\000u\000l\000e\000r}{subsection.5.1.1}% 20
\BOOKMARK [3][-]{subsubsection.5.1.1.6}{\376\377\0005\000.\0001\000.\0001\000.\0006\000\040\000g\000r\000a\000v\000i\000t\000y}{subsection.5.1.1}% 21
\BOOKMARK [3][-]{subsubsection.5.1.1.7}{\376\377\0005\000.\0001\000.\0001\000.\0007\000\040\000l\000e\000a\000p\000f\000r\000o\000g}{subsection.5.1.1}% 22
\BOOKMARK [3][-]{subsubsection.5.1.1.8}{\376\377\0005\000.\0001\000.\0001\000.\0008\000\040\000m\000i\000d\000p\000o\000i\000n\000t}{subsection.5.1.1}% 23
\BOOKMARK [3][-]{subsubsection.5.1.1.9}{\376\377\0005\000.\0001\000.\0001\000.\0009\000\040\000s\000y\000m\000p\000l\000e\000c\000t\000i\000c}{subsection.5.1.1}% 24
\BOOKMARK [3][-]{subsubsection.5.1.1.10}{\376\377\0005\000.\0001\000.\0001\000.\0001\0000\000\040\000v\000e\000r\000t\000e\000x\000I\000n\000T\000r\000i\000a\000n\000g\000l\000e}{subsection.5.1.1}% 25
\BOOKMARK [2][-]{subsection.5.1.2}{\376\377\0005\000.\0001\000.\0002\000\040\000V\000a\000r\000i\000a\000b\000l\000e\000\040\000D\000o\000c\000u\000m\000e\000n\000t\000a\000t\000i\000o\000n}{section.5.1}% 26
\BOOKMARK [3][-]{subsubsection.5.1.2.1}{\376\377\0005\000.\0001\000.\0002\000.\0001\000\040\000f\000l\000o\000o\000r\000L\000e\000v\000e\000l}{subsection.5.1.2}% 27
\BOOKMARK [3][-]{subsubsection.5.1.2.2}{\376\377\0005\000.\0001\000.\0002\000.\0002\000\040\000l\000e\000a\000p\000F\000r\000o\000g\000I\000n\000i\000t\000i\000a\000l\000i\000z\000e\000d}{subsection.5.1.2}% 28
\BOOKMARK [3][-]{subsubsection.5.1.2.3}{\376\377\0005\000.\0001\000.\0002\000.\0003\000\040\000m\000o\000d\000e\000l\0003\000d\000F\000w\000d\000I\000n\000d\000e\000x}{subsection.5.1.2}% 29
\BOOKMARK [3][-]{subsubsection.5.1.2.4}{\376\377\0005\000.\0001\000.\0002\000.\0004\000\040\000m\000o\000d\000e\000l\0003\000d\000F\000w\000d\000I\000n\000d\000e\000x\000L\000e\000n\000g\000t\000h}{subsection.5.1.2}% 30
\BOOKMARK [3][-]{subsubsection.5.1.2.5}{\376\377\0005\000.\0001\000.\0002\000.\0005\000\040\000m\000o\000d\000e\000l\0003\000d\000M\000a\000s\000s\000e\000s}{subsection.5.1.2}% 31
\BOOKMARK [3][-]{subsubsection.5.1.2.6}{\376\377\0005\000.\0001\000.\0002\000.\0006\000\040\000m\000o\000d\000e\000l\0003\000d\000M\000a\000s\000s\000F\000w\000d\000O\000f\000f\000s}{subsection.5.1.2}% 32
\BOOKMARK [3][-]{subsubsection.5.1.2.7}{\376\377\0005\000.\0001\000.\0002\000.\0007\000\040\000m\000o\000d\000e\000l\0003\000d\000M\000a\000s\000s\000R\000e\000v\000O\000f\000f\000s}{subsection.5.1.2}% 33
\BOOKMARK [3][-]{subsubsection.5.1.2.8}{\376\377\0005\000.\0001\000.\0002\000.\0008\000\040\000m\000o\000d\000e\000l\0003\000d\000M\000a\000s\000s\000R\000e\000v\000O\000f\000f\000s\000O\000r\000i\000g}{subsection.5.1.2}% 34
\BOOKMARK [3][-]{subsubsection.5.1.2.9}{\376\377\0005\000.\0001\000.\0002\000.\0009\000\040\000m\000o\000d\000e\000l\0003\000d\000M\000a\000s\000s\000V\000e\000r\000t\000i\000c\000e\000s}{subsection.5.1.2}% 35
\BOOKMARK [3][-]{subsubsection.5.1.2.10}{\376\377\0005\000.\0001\000.\0002\000.\0001\0000\000\040\000m\000o\000d\000e\000l\0003\000d\000N\000o\000r\000m\000a\000l\000s}{subsection.5.1.2}% 36
\BOOKMARK [3][-]{subsubsection.5.1.2.11}{\376\377\0005\000.\0001\000.\0002\000.\0001\0001\000\040\000m\000o\000d\000e\000l\0003\000d\000O\000b\000j\000e\000c\000t\000L\000e\000n\000g\000t\000h}{subsection.5.1.2}% 37
\BOOKMARK [3][-]{subsubsection.5.1.2.12}{\376\377\0005\000.\0001\000.\0002\000.\0001\0002\000\040\000m\000o\000d\000e\000l\0003\000d\000O\000b\000j\000e\000c\000t\000N\000a\000m\000e\000s}{subsection.5.1.2}% 38
\BOOKMARK [3][-]{subsubsection.5.1.2.13}{\376\377\0005\000.\0001\000.\0002\000.\0001\0003\000\040\000m\000o\000d\000e\000l\0003\000d\000O\000b\000j\000e\000c\000t\000O\000f\000f\000s\000e\000t}{subsection.5.1.2}% 39
\BOOKMARK [3][-]{subsubsection.5.1.2.14}{\376\377\0005\000.\0001\000.\0002\000.\0001\0004\000\040\000m\000o\000d\000e\000l\0003\000d\000O\000b\000j\000e\000c\000t\000s}{subsection.5.1.2}% 40
\BOOKMARK [3][-]{subsubsection.5.1.2.15}{\376\377\0005\000.\0001\000.\0002\000.\0001\0005\000\040\000m\000o\000d\000e\000l\0003\000d\000O\000b\000j\000e\000c\000t\000s\000W\000i\000t\000h\000M\000a\000s\000s}{subsection.5.1.2}% 41
\BOOKMARK [3][-]{subsubsection.5.1.2.16}{\376\377\0005\000.\0001\000.\0002\000.\0001\0006\000\040\000m\000o\000d\000e\000l\0003\000d\000P\000o\000s\000i\000t\000i\000o\000n\000s}{subsection.5.1.2}% 42
\BOOKMARK [3][-]{subsubsection.5.1.2.17}{\376\377\0005\000.\0001\000.\0002\000.\0001\0007\000\040\000m\000o\000d\000e\000l\0003\000d\000R\000e\000v\000I\000n\000d\000e\000x}{subsection.5.1.2}% 43
\BOOKMARK [3][-]{subsubsection.5.1.2.18}{\376\377\0005\000.\0001\000.\0002\000.\0001\0008\000\040\000m\000o\000d\000e\000l\0003\000d\000T\000e\000x\000e\000l\000s}{subsection.5.1.2}% 44
\BOOKMARK [3][-]{subsubsection.5.1.2.19}{\376\377\0005\000.\0001\000.\0002\000.\0001\0009\000\040\000m\000o\000d\000e\000l\0003\000d\000T\000e\000x\000t\000u\000r\000e\000F\000i\000l\000e\000P\000a\000t\000h}{subsection.5.1.2}% 45
\BOOKMARK [3][-]{subsubsection.5.1.2.20}{\376\377\0005\000.\0001\000.\0002\000.\0002\0000\000\040\000m\000o\000d\000e\000l\0003\000d\000V\000e\000r\000t\000i\000c\000e\000s}{subsection.5.1.2}% 46
\BOOKMARK [3][-]{subsubsection.5.1.2.21}{\376\377\0005\000.\0001\000.\0002\000.\0002\0001\000\040\000r\000e\000p\000u\000l\000s\000i\000v\000e\000S\000p\000r\000i\000n\000g\000C\000o\000n\000s\000t}{subsection.5.1.2}% 47
\BOOKMARK [3][-]{subsubsection.5.1.2.22}{\376\377\0005\000.\0001\000.\0002\000.\0002\0002\000\040\000t}{subsection.5.1.2}% 48
\BOOKMARK [0][-]{chapter.6}{\376\377\0006\000\040\000C\000l\000a\000s\000s\000\040\000D\000o\000c\000u\000m\000e\000n\000t\000a\000t\000i\000o\000n}{}% 49
\BOOKMARK [1][-]{section.6.1}{\376\377\0006\000.\0001\000\040\000A\000c\000c\000e\000l\000e\000r\000o\000m\000e\000t\000e\000r\000\040\000C\000l\000a\000s\000s\000\040\000R\000e\000f\000e\000r\000e\000n\000c\000e}{chapter.6}% 50
\BOOKMARK [2][-]{subsection.6.1.1}{\376\377\0006\000.\0001\000.\0001\000\040\000D\000e\000t\000a\000i\000l\000e\000d\000\040\000D\000e\000s\000c\000r\000i\000p\000t\000i\000o\000n}{section.6.1}% 51
\BOOKMARK [2][-]{subsection.6.1.2}{\376\377\0006\000.\0001\000.\0002\000\040\000C\000o\000n\000s\000t\000r\000u\000c\000t\000o\000r\000\040\000\046\000\040\000D\000e\000s\000t\000r\000u\000c\000t\000o\000r\000\040\000D\000o\000c\000u\000m\000e\000n\000t\000a\000t\000i\000o\000n}{section.6.1}% 52
\BOOKMARK [3][-]{subsubsection.6.1.2.1}{\376\377\0006\000.\0001\000.\0002\000.\0001\000\040\000A\000c\000c\000e\000l\000e\000r\000o\000m\000e\000t\000e\000r}{subsection.6.1.2}% 53
\BOOKMARK [3][-]{subsubsection.6.1.2.2}{\376\377\0006\000.\0001\000.\0002\000.\0002\000\040\000A\000c\000c\000e\000l\000e\000r\000o\000m\000e\000t\000e\000r}{subsection.6.1.2}% 54
\BOOKMARK [3][-]{subsubsection.6.1.2.3}{\376\377\0006\000.\0001\000.\0002\000.\0003\000\040\000A\000c\000c\000e\000l\000e\000r\000o\000m\000e\000t\000e\000r}{subsection.6.1.2}% 55
\BOOKMARK [2][-]{subsection.6.1.3}{\376\377\0006\000.\0001\000.\0003\000\040\000M\000e\000m\000b\000e\000r\000\040\000F\000u\000n\000c\000t\000i\000o\000n\000\040\000D\000o\000c\000u\000m\000e\000n\000t\000a\000t\000i\000o\000n}{section.6.1}% 56
\BOOKMARK [3][-]{subsubsection.6.1.3.1}{\376\377\0006\000.\0001\000.\0003\000.\0001\000\040\000a\000c\000c\000e\000l\000e\000r\000o\000m\000e\000t\000e\000r\000I\000n\000i\000t\000D\000e\000v\000i\000c\000e}{subsection.6.1.3}% 57
\BOOKMARK [3][-]{subsubsection.6.1.3.2}{\376\377\0006\000.\0001\000.\0003\000.\0002\000\040\000c\000l\000o\000s\000e\000U\000p\000d\000a\000t\000e\000T\000h\000r\000e\000a\000d}{subsection.6.1.3}% 58
\BOOKMARK [3][-]{subsubsection.6.1.3.3}{\376\377\0006\000.\0001\000.\0003\000.\0003\000\040\000d\000e\000v\000i\000c\000e\000C\000o\000n\000f\000i\000g\000F\000r\000o\000m\000F\000i\000l\000e}{subsection.6.1.3}% 59
\BOOKMARK [3][-]{subsubsection.6.1.3.4}{\376\377\0006\000.\0001\000.\0003\000.\0004\000\040\000g\000e\000t\000X}{subsection.6.1.3}% 60
\BOOKMARK [3][-]{subsubsection.6.1.3.5}{\376\377\0006\000.\0001\000.\0003\000.\0005\000\040\000g\000e\000t\000Y}{subsection.6.1.3}% 61
\BOOKMARK [3][-]{subsubsection.6.1.3.6}{\376\377\0006\000.\0001\000.\0003\000.\0006\000\040\000g\000e\000t\000Z}{subsection.6.1.3}% 62
\BOOKMARK [3][-]{subsubsection.6.1.3.7}{\376\377\0006\000.\0001\000.\0003\000.\0007\000\040\000i\000n\000i\000t\000U\000p\000d\000a\000t\000e\000T\000h\000r\000e\000a\000d}{subsection.6.1.3}% 63
\BOOKMARK [3][-]{subsubsection.6.1.3.8}{\376\377\0006\000.\0001\000.\0003\000.\0008\000\040\000i\000s\000A\000v\000a\000i\000l\000a\000b\000l\000e}{subsection.6.1.3}% 64
\BOOKMARK [3][-]{subsubsection.6.1.3.9}{\376\377\0006\000.\0001\000.\0003\000.\0009\000\040\000o\000b\000j\000e\000c\000t\000C\000o\000u\000n\000t\000e\000r}{subsection.6.1.3}% 65
\BOOKMARK [3][-]{subsubsection.6.1.3.10}{\376\377\0006\000.\0001\000.\0003\000.\0001\0000\000\040\000u\000p\000d\000a\000t\000e\000V\000a\000l\000u\000e\000s}{subsection.6.1.3}% 66
\BOOKMARK [2][-]{subsection.6.1.4}{\376\377\0006\000.\0001\000.\0004\000\040\000M\000e\000m\000b\000e\000r\000\040\000D\000a\000t\000a\000\040\000D\000o\000c\000u\000m\000e\000n\000t\000a\000t\000i\000o\000n}{section.6.1}% 67
\BOOKMARK [3][-]{subsubsection.6.1.4.1}{\376\377\0006\000.\0001\000.\0004\000.\0001\000\040\000d\000e\000v\000i\000c\000e}{subsection.6.1.4}% 68
\BOOKMARK [3][-]{subsubsection.6.1.4.2}{\376\377\0006\000.\0001\000.\0004\000.\0002\000\040\000d\000e\000v\000i\000c\000e\000P\000a\000t\000h}{subsection.6.1.4}% 69
\BOOKMARK [3][-]{subsubsection.6.1.4.3}{\376\377\0006\000.\0001\000.\0004\000.\0003\000\040\000d\000o\000n\000e}{subsection.6.1.4}% 70
\BOOKMARK [3][-]{subsubsection.6.1.4.4}{\376\377\0006\000.\0001\000.\0004\000.\0004\000\040\000m\000t\000x}{subsection.6.1.4}% 71
\BOOKMARK [3][-]{subsubsection.6.1.4.5}{\376\377\0006\000.\0001\000.\0004\000.\0005\000\040\000p\000r\000e\000s\000e\000n\000t}{subsection.6.1.4}% 72
\BOOKMARK [3][-]{subsubsection.6.1.4.6}{\376\377\0006\000.\0001\000.\0004\000.\0006\000\040\000s\000e\000n\000s\000i\000t\000i\000v\000i\000t\000y}{subsection.6.1.4}% 73
\BOOKMARK [3][-]{subsubsection.6.1.4.7}{\376\377\0006\000.\0001\000.\0004\000.\0007\000\040\000u\000p\000d\000a\000t\000e\000r\000T\000h\000r\000e\000a\000d}{subsection.6.1.4}% 74
\BOOKMARK [3][-]{subsubsection.6.1.4.8}{\376\377\0006\000.\0001\000.\0004\000.\0008\000\040\000x}{subsection.6.1.4}% 75
\BOOKMARK [3][-]{subsubsection.6.1.4.9}{\376\377\0006\000.\0001\000.\0004\000.\0009\000\040\000y}{subsection.6.1.4}% 76
\BOOKMARK [3][-]{subsubsection.6.1.4.10}{\376\377\0006\000.\0001\000.\0004\000.\0001\0000\000\040\000z}{subsection.6.1.4}% 77
\BOOKMARK [1][-]{section.6.2}{\376\377\0006\000.\0002\000\040\000I\000m\000a\000g\000e\000\040\000S\000t\000r\000u\000c\000t\000\040\000R\000e\000f\000e\000r\000e\000n\000c\000e}{chapter.6}% 78
\BOOKMARK [2][-]{subsection.6.2.1}{\376\377\0006\000.\0002\000.\0001\000\040\000M\000e\000m\000b\000e\000r\000\040\000D\000a\000t\000a\000\040\000D\000o\000c\000u\000m\000e\000n\000t\000a\000t\000i\000o\000n}{section.6.2}% 79
\BOOKMARK [3][-]{subsubsection.6.2.1.1}{\376\377\0006\000.\0002\000.\0001\000.\0001\000\040\000c\000o\000l\000o\000r\000M\000a\000p}{subsection.6.2.1}% 80
\BOOKMARK [3][-]{subsubsection.6.2.1.2}{\376\377\0006\000.\0002\000.\0001\000.\0002\000\040\000d\000i\000m}{subsection.6.2.1}% 81
\BOOKMARK [3][-]{subsubsection.6.2.1.3}{\376\377\0006\000.\0002\000.\0001\000.\0003\000\040\000f\000i\000l\000e}{subsection.6.2.1}% 82
\BOOKMARK [3][-]{subsubsection.6.2.1.4}{\376\377\0006\000.\0002\000.\0001\000.\0004\000\040\000i\000m\000a\000g\000i\000c}{subsection.6.2.1}% 83
\BOOKMARK [3][-]{subsubsection.6.2.1.5}{\376\377\0006\000.\0002\000.\0001\000.\0005\000\040\000m\000a\000x}{subsection.6.2.1}% 84
\BOOKMARK [3][-]{subsubsection.6.2.1.6}{\376\377\0006\000.\0002\000.\0001\000.\0006\000\040\000m\000i\000n}{subsection.6.2.1}% 85
\BOOKMARK [3][-]{subsubsection.6.2.1.7}{\376\377\0006\000.\0002\000.\0001\000.\0007\000\040\000n\000a\000m\000e}{subsection.6.2.1}% 86
\BOOKMARK [3][-]{subsubsection.6.2.1.8}{\376\377\0006\000.\0002\000.\0001\000.\0008\000\040\000r\000l\000e\000E\000n\000d}{subsection.6.2.1}% 87
\BOOKMARK [3][-]{subsubsection.6.2.1.9}{\376\377\0006\000.\0002\000.\0001\000.\0009\000\040\000r\000o\000w\000S\000i\000z\000e}{subsection.6.2.1}% 88
\BOOKMARK [3][-]{subsubsection.6.2.1.10}{\376\377\0006\000.\0002\000.\0001\000.\0001\0000\000\040\000r\000o\000w\000S\000t\000a\000r\000t}{subsection.6.2.1}% 89
\BOOKMARK [3][-]{subsubsection.6.2.1.11}{\376\377\0006\000.\0002\000.\0001\000.\0001\0001\000\040\000s\000i\000z\000e\000X}{subsection.6.2.1}% 90
\BOOKMARK [3][-]{subsubsection.6.2.1.12}{\376\377\0006\000.\0002\000.\0001\000.\0001\0002\000\040\000s\000i\000z\000e\000Y}{subsection.6.2.1}% 91
\BOOKMARK [3][-]{subsubsection.6.2.1.13}{\376\377\0006\000.\0002\000.\0001\000.\0001\0003\000\040\000s\000i\000z\000e\000Z}{subsection.6.2.1}% 92
\BOOKMARK [3][-]{subsubsection.6.2.1.14}{\376\377\0006\000.\0002\000.\0001\000.\0001\0004\000\040\000t\000m\000p}{subsection.6.2.1}% 93
\BOOKMARK [3][-]{subsubsection.6.2.1.15}{\376\377\0006\000.\0002\000.\0001\000.\0001\0005\000\040\000t\000y\000p\000e}{subsection.6.2.1}% 94
\BOOKMARK [3][-]{subsubsection.6.2.1.16}{\376\377\0006\000.\0002\000.\0001\000.\0001\0006\000\040\000w\000a\000s\000t\000e\000B\000y\000t\000e\000s}{subsection.6.2.1}% 95
\BOOKMARK [1][-]{section.6.3}{\376\377\0006\000.\0003\000\040\000I\000M\000A\000G\000E\000\040\000S\000t\000r\000u\000c\000t\000\040\000R\000e\000f\000e\000r\000e\000n\000c\000e}{chapter.6}% 96
\BOOKMARK [2][-]{subsection.6.3.1}{\376\377\0006\000.\0003\000.\0001\000\040\000M\000e\000m\000b\000e\000r\000\040\000D\000a\000t\000a\000\040\000D\000o\000c\000u\000m\000e\000n\000t\000a\000t\000i\000o\000n}{section.6.3}% 97
\BOOKMARK [3][-]{subsubsection.6.3.1.1}{\376\377\0006\000.\0003\000.\0001\000.\0001\000\040\000d\000a\000t\000a}{subsection.6.3.1}% 98
\BOOKMARK [3][-]{subsubsection.6.3.1.2}{\376\377\0006\000.\0003\000.\0001\000.\0002\000\040\000d\000i\000m}{subsection.6.3.1}% 99
\BOOKMARK [3][-]{subsubsection.6.3.1.3}{\376\377\0006\000.\0003\000.\0001\000.\0003\000\040\000i\000m\000a\000g\000i\000c}{subsection.6.3.1}% 100
\BOOKMARK [3][-]{subsubsection.6.3.1.4}{\376\377\0006\000.\0003\000.\0001\000.\0004\000\040\000n\000a\000m\000e}{subsection.6.3.1}% 101
\BOOKMARK [3][-]{subsubsection.6.3.1.5}{\376\377\0006\000.\0003\000.\0001\000.\0005\000\040\000s\000i\000z\000e\000X}{subsection.6.3.1}% 102
\BOOKMARK [3][-]{subsubsection.6.3.1.6}{\376\377\0006\000.\0003\000.\0001\000.\0006\000\040\000s\000i\000z\000e\000Y}{subsection.6.3.1}% 103
\BOOKMARK [3][-]{subsubsection.6.3.1.7}{\376\377\0006\000.\0003\000.\0001\000.\0007\000\040\000s\000i\000z\000e\000Z}{subsection.6.3.1}% 104
\BOOKMARK [3][-]{subsubsection.6.3.1.8}{\376\377\0006\000.\0003\000.\0001\000.\0008\000\040\000t\000y\000p\000e}{subsection.6.3.1}% 105
\BOOKMARK [1][-]{section.6.4}{\376\377\0006\000.\0004\000\040\000M\000a\000s\000s\000\040\000C\000l\000a\000s\000s\000\040\000R\000e\000f\000e\000r\000e\000n\000c\000e}{chapter.6}% 106
\BOOKMARK [2][-]{subsection.6.4.1}{\376\377\0006\000.\0004\000.\0001\000\040\000D\000e\000t\000a\000i\000l\000e\000d\000\040\000D\000e\000s\000c\000r\000i\000p\000t\000i\000o\000n}{section.6.4}% 107
\BOOKMARK [2][-]{subsection.6.4.2}{\376\377\0006\000.\0004\000.\0002\000\040\000C\000o\000n\000s\000t\000r\000u\000c\000t\000o\000r\000\040\000\046\000\040\000D\000e\000s\000t\000r\000u\000c\000t\000o\000r\000\040\000D\000o\000c\000u\000m\000e\000n\000t\000a\000t\000i\000o\000n}{section.6.4}% 108
\BOOKMARK [3][-]{subsubsection.6.4.2.1}{\376\377\0006\000.\0004\000.\0002\000.\0001\000\040\000M\000a\000s\000s}{subsection.6.4.2}% 109
\BOOKMARK [3][-]{subsubsection.6.4.2.2}{\376\377\0006\000.\0004\000.\0002\000.\0002\000\040\000M\000a\000s\000s}{subsection.6.4.2}% 110
\BOOKMARK [3][-]{subsubsection.6.4.2.3}{\376\377\0006\000.\0004\000.\0002\000.\0003\000\040\000M\000a\000s\000s}{subsection.6.4.2}% 111
\BOOKMARK [3][-]{subsubsection.6.4.2.4}{\376\377\0006\000.\0004\000.\0002\000.\0004\000\040\000M\000a\000s\000s}{subsection.6.4.2}% 112
\BOOKMARK [3][-]{subsubsection.6.4.2.5}{\376\377\0006\000.\0004\000.\0002\000.\0005\000\040\000M\000a\000s\000s}{subsection.6.4.2}% 113
\BOOKMARK [2][-]{subsection.6.4.3}{\376\377\0006\000.\0004\000.\0003\000\040\000M\000e\000m\000b\000e\000r\000\040\000F\000u\000n\000c\000t\000i\000o\000n\000\040\000D\000o\000c\000u\000m\000e\000n\000t\000a\000t\000i\000o\000n}{section.6.4}% 114
\BOOKMARK [3][-]{subsubsection.6.4.3.1}{\376\377\0006\000.\0004\000.\0003\000.\0001\000\040\000a\000d\000d\000F\000o\000r\000c\000e}{subsection.6.4.3}% 115
\BOOKMARK [3][-]{subsubsection.6.4.3.2}{\376\377\0006\000.\0004\000.\0003\000.\0002\000\040\000g\000e\000t\000F\000o\000r\000c\000e}{subsection.6.4.3}% 116
\BOOKMARK [3][-]{subsubsection.6.4.3.3}{\376\377\0006\000.\0004\000.\0003\000.\0003\000\040\000g\000e\000t\000P\000o\000s}{subsection.6.4.3}% 117
\BOOKMARK [3][-]{subsubsection.6.4.3.4}{\376\377\0006\000.\0004\000.\0003\000.\0004\000\040\000g\000e\000t\000U\000s\000e\000r\000F\000o\000r\000c\000e}{subsection.6.4.3}% 118
\BOOKMARK [3][-]{subsubsection.6.4.3.5}{\376\377\0006\000.\0004\000.\0003\000.\0005\000\040\000g\000e\000t\000V\000e\000l}{subsection.6.4.3}% 119
\BOOKMARK [3][-]{subsubsection.6.4.3.6}{\376\377\0006\000.\0004\000.\0003\000.\0006\000\040\000r\000e\000g\000i\000s\000t\000e\000r\000V\000e\000r\000t\000e\000x}{subsection.6.4.3}% 120
\BOOKMARK [3][-]{subsubsection.6.4.3.7}{\376\377\0006\000.\0004\000.\0003\000.\0007\000\040\000s\000e\000t\000F\000o\000r\000c\000e}{subsection.6.4.3}% 121
\BOOKMARK [3][-]{subsubsection.6.4.3.8}{\376\377\0006\000.\0004\000.\0003\000.\0008\000\040\000s\000e\000t\000P\000o\000s}{subsection.6.4.3}% 122
\BOOKMARK [3][-]{subsubsection.6.4.3.9}{\376\377\0006\000.\0004\000.\0003\000.\0009\000\040\000s\000e\000t\000U\000s\000e\000r\000F\000o\000r\000c\000e}{subsection.6.4.3}% 123
\BOOKMARK [3][-]{subsubsection.6.4.3.10}{\376\377\0006\000.\0004\000.\0003\000.\0001\0000\000\040\000s\000e\000t\000V\000e\000l}{subsection.6.4.3}% 124
\BOOKMARK [3][-]{subsubsection.6.4.3.11}{\376\377\0006\000.\0004\000.\0003\000.\0001\0001\000\040\000s\000e\000t\000X}{subsection.6.4.3}% 125
\BOOKMARK [3][-]{subsubsection.6.4.3.12}{\376\377\0006\000.\0004\000.\0003\000.\0001\0002\000\040\000s\000e\000t\000Y}{subsection.6.4.3}% 126
\BOOKMARK [3][-]{subsubsection.6.4.3.13}{\376\377\0006\000.\0004\000.\0003\000.\0001\0003\000\040\000s\000e\000t\000Z}{subsection.6.4.3}% 127
\BOOKMARK [2][-]{subsection.6.4.4}{\376\377\0006\000.\0004\000.\0004\000\040\000M\000e\000m\000b\000e\000r\000\040\000D\000a\000t\000a\000\040\000D\000o\000c\000u\000m\000e\000n\000t\000a\000t\000i\000o\000n}{section.6.4}% 128
\BOOKMARK [3][-]{subsubsection.6.4.4.1}{\376\377\0006\000.\0004\000.\0004\000.\0001\000\040\000d\000a\000m\000p\000i\000n\000g}{subsection.6.4.4}% 129
\BOOKMARK [3][-]{subsubsection.6.4.4.2}{\376\377\0006\000.\0004\000.\0004\000.\0002\000\040\000f\000i\000x\000e\000d}{subsection.6.4.4}% 130
\BOOKMARK [3][-]{subsubsection.6.4.4.3}{\376\377\0006\000.\0004\000.\0004\000.\0003\000\040\000f\000o\000r\000c\000e}{subsection.6.4.4}% 131
\BOOKMARK [3][-]{subsubsection.6.4.4.4}{\376\377\0006\000.\0004\000.\0004\000.\0004\000\040\000m\000a\000s\000s}{subsection.6.4.4}% 132
\BOOKMARK [3][-]{subsubsection.6.4.4.5}{\376\377\0006\000.\0004\000.\0004\000.\0005\000\040\000p\000o\000s\000P\000t\000r}{subsection.6.4.4}% 133
\BOOKMARK [3][-]{subsubsection.6.4.4.6}{\376\377\0006\000.\0004\000.\0004\000.\0006\000\040\000u\000s\000e\000r\000F\000o\000r\000c\000e}{subsection.6.4.4}% 134
\BOOKMARK [3][-]{subsubsection.6.4.4.7}{\376\377\0006\000.\0004\000.\0004\000.\0007\000\040\000v\000e\000l\000o\000c\000i\000t\000y}{subsection.6.4.4}% 135
\BOOKMARK [1][-]{section.6.5}{\376\377\0006\000.\0005\000\040\000s\000t\000d\000:\000:\000M\000i\000p\000M\000a\000p\000\040\000C\000l\000a\000s\000s\000\040\000R\000e\000f\000e\000r\000e\000n\000c\000e}{chapter.6}% 136
\BOOKMARK [2][-]{subsection.6.5.1}{\376\377\0006\000.\0005\000.\0001\000\040\000D\000e\000t\000a\000i\000l\000e\000d\000\040\000D\000e\000s\000c\000r\000i\000p\000t\000i\000o\000n}{section.6.5}% 137
\BOOKMARK [2][-]{subsection.6.5.2}{\376\377\0006\000.\0005\000.\0002\000\040\000C\000o\000n\000s\000t\000r\000u\000c\000t\000o\000r\000\040\000\046\000\040\000D\000e\000s\000t\000r\000u\000c\000t\000o\000r\000\040\000D\000o\000c\000u\000m\000e\000n\000t\000a\000t\000i\000o\000n}{section.6.5}% 138
\BOOKMARK [3][-]{subsubsection.6.5.2.1}{\376\377\0006\000.\0005\000.\0002\000.\0001\000\040\000M\000i\000p\000M\000a\000p}{subsection.6.5.2}% 139
\BOOKMARK [3][-]{subsubsection.6.5.2.2}{\376\377\0006\000.\0005\000.\0002\000.\0002\000\040\000M\000i\000p\000M\000a\000p}{subsection.6.5.2}% 140
\BOOKMARK [2][-]{subsection.6.5.3}{\376\377\0006\000.\0005\000.\0003\000\040\000M\000e\000m\000b\000e\000r\000\040\000F\000u\000n\000c\000t\000i\000o\000n\000\040\000D\000o\000c\000u\000m\000e\000n\000t\000a\000t\000i\000o\000n}{section.6.5}% 141
\BOOKMARK [3][-]{subsubsection.6.5.3.1}{\376\377\0006\000.\0005\000.\0003\000.\0001\000\040\000l\000o\000a\000d}{subsection.6.5.3}% 142
\BOOKMARK [3][-]{subsubsection.6.5.3.2}{\376\377\0006\000.\0005\000.\0003\000.\0002\000\040\000l\000o\000a\000d\000P\000N\000G}{subsection.6.5.3}% 143
\BOOKMARK [3][-]{subsubsection.6.5.3.3}{\376\377\0006\000.\0005\000.\0003\000.\0003\000\040\000l\000o\000a\000d\000S\000G\000I}{subsection.6.5.3}% 144
\BOOKMARK [2][-]{subsection.6.5.4}{\376\377\0006\000.\0005\000.\0004\000\040\000M\000e\000m\000b\000e\000r\000\040\000D\000a\000t\000a\000\040\000D\000o\000c\000u\000m\000e\000n\000t\000a\000t\000i\000o\000n}{section.6.5}% 145
\BOOKMARK [3][-]{subsubsection.6.5.4.1}{\376\377\0006\000.\0005\000.\0004\000.\0001\000\040\000h\000e\000i\000g\000h\000t}{subsection.6.5.4}% 146
\BOOKMARK [3][-]{subsubsection.6.5.4.2}{\376\377\0006\000.\0005\000.\0004\000.\0002\000\040\000t\000e\000x\000t\000u\000r\000e}{subsection.6.5.4}% 147
\BOOKMARK [3][-]{subsubsection.6.5.4.3}{\376\377\0006\000.\0005\000.\0004\000.\0003\000\040\000w\000i\000d\000t\000h}{subsection.6.5.4}% 148
\BOOKMARK [1][-]{section.6.6}{\376\377\0006\000.\0006\000\040\000s\000t\000d\000:\000:\000S\000c\000e\000n\000e\000\040\000C\000l\000a\000s\000s\000\040\000R\000e\000f\000e\000r\000e\000n\000c\000e}{chapter.6}% 149
\BOOKMARK [2][-]{subsection.6.6.1}{\376\377\0006\000.\0006\000.\0001\000\040\000D\000e\000t\000a\000i\000l\000e\000d\000\040\000D\000e\000s\000c\000r\000i\000p\000t\000i\000o\000n}{section.6.6}% 150
\BOOKMARK [2][-]{subsection.6.6.2}{\376\377\0006\000.\0006\000.\0002\000\040\000C\000o\000n\000s\000t\000r\000u\000c\000t\000o\000r\000\040\000\046\000\040\000D\000e\000s\000t\000r\000u\000c\000t\000o\000r\000\040\000D\000o\000c\000u\000m\000e\000n\000t\000a\000t\000i\000o\000n}{section.6.6}% 151
\BOOKMARK [3][-]{subsubsection.6.6.2.1}{\376\377\0006\000.\0006\000.\0002\000.\0001\000\040\000S\000c\000e\000n\000e}{subsection.6.6.2}% 152
\BOOKMARK [3][-]{subsubsection.6.6.2.2}{\376\377\0006\000.\0006\000.\0002\000.\0002\000\040\000S\000c\000e\000n\000e}{subsection.6.6.2}% 153
\BOOKMARK [3][-]{subsubsection.6.6.2.3}{\376\377\0006\000.\0006\000.\0002\000.\0003\000\040\000S\000c\000e\000n\000e}{subsection.6.6.2}% 154
\BOOKMARK [2][-]{subsection.6.6.3}{\376\377\0006\000.\0006\000.\0003\000\040\000M\000e\000m\000b\000e\000r\000\040\000F\000u\000n\000c\000t\000i\000o\000n\000\040\000D\000o\000c\000u\000m\000e\000n\000t\000a\000t\000i\000o\000n}{section.6.6}% 155
\BOOKMARK [3][-]{subsubsection.6.6.3.1}{\376\377\0006\000.\0006\000.\0003\000.\0001\000\040\000d\000e\000t\000e\000c\000t\000C\000o\000l\000l\000i\000s\000i\000o\000n\000s}{subsection.6.6.3}% 156
\BOOKMARK [3][-]{subsubsection.6.6.3.2}{\376\377\0006\000.\0006\000.\0003\000.\0002\000\040\000g\000e\000t\000S\000t\000e\000p}{subsection.6.6.3}% 157
\BOOKMARK [3][-]{subsubsection.6.6.3.3}{\376\377\0006\000.\0006\000.\0003\000.\0003\000\040\000i\000n\000i\000t\000i\000a\000l\000i\000z\000e}{subsection.6.6.3}% 158
\BOOKMARK [3][-]{subsubsection.6.6.3.4}{\376\377\0006\000.\0006\000.\0003\000.\0004\000\040\000i\000n\000i\000t\000P\000o\000i\000n\000t\000s\000V\000e\000c\000t\000o\000r}{subsection.6.6.3}% 159
\BOOKMARK [3][-]{subsubsection.6.6.3.5}{\376\377\0006\000.\0006\000.\0003\000.\0005\000\040\000i\000n\000i\000t\000S\000p\000r\000i\000n\000g\000s\000V\000e\000c\000t\000o\000r}{subsection.6.6.3}% 160
\BOOKMARK [3][-]{subsubsection.6.6.3.6}{\376\377\0006\000.\0006\000.\0003\000.\0006\000\040\000r\000e\000n\000d\000e\000r}{subsection.6.6.3}% 161
\BOOKMARK [3][-]{subsubsection.6.6.3.7}{\376\377\0006\000.\0006\000.\0003\000.\0007\000\040\000u\000p\000d\000a\000t\000e}{subsection.6.6.3}% 162
\BOOKMARK [3][-]{subsubsection.6.6.3.8}{\376\377\0006\000.\0006\000.\0003\000.\0008\000\040\000u\000p\000d\000a\000t\000e\000N\000o\000r\000m\000a\000l\000s}{subsection.6.6.3}% 163
\BOOKMARK [2][-]{subsection.6.6.4}{\376\377\0006\000.\0006\000.\0004\000\040\000M\000e\000m\000b\000e\000r\000\040\000D\000a\000t\000a\000\040\000D\000o\000c\000u\000m\000e\000n\000t\000a\000t\000i\000o\000n}{section.6.6}% 164
\BOOKMARK [3][-]{subsubsection.6.6.4.1}{\376\377\0006\000.\0006\000.\0004\000.\0001\000\040\000d\000a\000m\000p\000i\000n\000g}{subsection.6.6.4}% 165
\BOOKMARK [3][-]{subsubsection.6.6.4.2}{\376\377\0006\000.\0006\000.\0004\000.\0002\000\040\000m\000a\000s\000s}{subsection.6.6.4}% 166
\BOOKMARK [3][-]{subsubsection.6.6.4.3}{\376\377\0006\000.\0006\000.\0004\000.\0003\000\040\000p\000o\000i\000n\000t\000s}{subsection.6.6.4}% 167
\BOOKMARK [3][-]{subsubsection.6.6.4.4}{\376\377\0006\000.\0006\000.\0004\000.\0004\000\040\000s\000p\000r\000i\000n\000g\000s}{subsection.6.6.4}% 168
\BOOKMARK [3][-]{subsubsection.6.6.4.5}{\376\377\0006\000.\0006\000.\0004\000.\0005\000\040\000s\000t\000e\000p}{subsection.6.6.4}% 169
\BOOKMARK [3][-]{subsubsection.6.6.4.6}{\376\377\0006\000.\0006\000.\0004\000.\0006\000\040\000s\000t\000i\000f\000f\000n\000e\000s\000s}{subsection.6.6.4}% 170
\BOOKMARK [3][-]{subsubsection.6.6.4.7}{\376\377\0006\000.\0006\000.\0004\000.\0007\000\040\000w\000e\000a\000k\000\137\000s\000t\000i\000f\000f}{subsection.6.6.4}% 171
\BOOKMARK [1][-]{section.6.7}{\376\377\0006\000.\0007\000\040\000s\000t\000d\000:\000:\000S\000i\000m\000u\000l\000a\000t\000i\000o\000n\000\040\000C\000l\000a\000s\000s\000\040\000R\000e\000f\000e\000r\000e\000n\000c\000e}{chapter.6}% 172
\BOOKMARK [2][-]{subsection.6.7.1}{\376\377\0006\000.\0007\000.\0001\000\040\000D\000e\000t\000a\000i\000l\000e\000d\000\040\000D\000e\000s\000c\000r\000i\000p\000t\000i\000o\000n}{section.6.7}% 173
\BOOKMARK [2][-]{subsection.6.7.2}{\376\377\0006\000.\0007\000.\0002\000\040\000M\000e\000m\000b\000e\000r\000\040\000E\000n\000u\000m\000e\000r\000a\000t\000i\000o\000n\000\040\000D\000o\000c\000u\000m\000e\000n\000t\000a\000t\000i\000o\000n}{section.6.7}% 174
\BOOKMARK [3][-]{subsubsection.6.7.2.1}{\376\377\0006\000.\0007\000.\0002\000.\0001\000\040\000M\000e\000t\000h\000o\000d}{subsection.6.7.2}% 175
\BOOKMARK [2][-]{subsection.6.7.3}{\376\377\0006\000.\0007\000.\0003\000\040\000M\000e\000m\000b\000e\000r\000\040\000F\000u\000n\000c\000t\000i\000o\000n\000\040\000D\000o\000c\000u\000m\000e\000n\000t\000a\000t\000i\000o\000n}{section.6.7}% 176
\BOOKMARK [3][-]{subsubsection.6.7.3.1}{\376\377\0006\000.\0007\000.\0003\000.\0001\000\040\000s\000t\000e\000p}{subsection.6.7.3}% 177
\BOOKMARK [1][-]{section.6.8}{\376\377\0006\000.\0008\000\040\000S\000p\000r\000i\000n\000g\000\040\000C\000l\000a\000s\000s\000\040\000R\000e\000f\000e\000r\000e\000n\000c\000e}{chapter.6}% 178
\BOOKMARK [2][-]{subsection.6.8.1}{\376\377\0006\000.\0008\000.\0001\000\040\000D\000e\000t\000a\000i\000l\000e\000d\000\040\000D\000e\000s\000c\000r\000i\000p\000t\000i\000o\000n}{section.6.8}% 179
\BOOKMARK [2][-]{subsection.6.8.2}{\376\377\0006\000.\0008\000.\0002\000\040\000C\000o\000n\000s\000t\000r\000u\000c\000t\000o\000r\000\040\000\046\000\040\000D\000e\000s\000t\000r\000u\000c\000t\000o\000r\000\040\000D\000o\000c\000u\000m\000e\000n\000t\000a\000t\000i\000o\000n}{section.6.8}% 180
\BOOKMARK [3][-]{subsubsection.6.8.2.1}{\376\377\0006\000.\0008\000.\0002\000.\0001\000\040\000S\000p\000r\000i\000n\000g}{subsection.6.8.2}% 181
\BOOKMARK [3][-]{subsubsection.6.8.2.2}{\376\377\0006\000.\0008\000.\0002\000.\0002\000\040\000S\000p\000r\000i\000n\000g}{subsection.6.8.2}% 182
\BOOKMARK [3][-]{subsubsection.6.8.2.3}{\376\377\0006\000.\0008\000.\0002\000.\0003\000\040\000S\000p\000r\000i\000n\000g}{subsection.6.8.2}% 183
\BOOKMARK [3][-]{subsubsection.6.8.2.4}{\376\377\0006\000.\0008\000.\0002\000.\0004\000\040\000S\000p\000r\000i\000n\000g}{subsection.6.8.2}% 184
\BOOKMARK [3][-]{subsubsection.6.8.2.5}{\376\377\0006\000.\0008\000.\0002\000.\0005\000\040\000S\000p\000r\000i\000n\000g}{subsection.6.8.2}% 185
\BOOKMARK [2][-]{subsection.6.8.3}{\376\377\0006\000.\0008\000.\0003\000\040\000M\000e\000m\000b\000e\000r\000\040\000F\000u\000n\000c\000t\000i\000o\000n\000\040\000D\000o\000c\000u\000m\000e\000n\000t\000a\000t\000i\000o\000n}{section.6.8}% 186
\BOOKMARK [3][-]{subsubsection.6.8.3.1}{\376\377\0006\000.\0008\000.\0003\000.\0001\000\040\000g\000e\000t\000M\000a\000s\000s}{subsection.6.8.3}% 187
\BOOKMARK [3][-]{subsubsection.6.8.3.2}{\376\377\0006\000.\0008\000.\0003\000.\0002\000\040\000i\000n\000i\000t}{subsection.6.8.3}% 188
\BOOKMARK [2][-]{subsection.6.8.4}{\376\377\0006\000.\0008\000.\0004\000\040\000M\000e\000m\000b\000e\000r\000\040\000D\000a\000t\000a\000\040\000D\000o\000c\000u\000m\000e\000n\000t\000a\000t\000i\000o\000n}{section.6.8}% 189
\BOOKMARK [3][-]{subsubsection.6.8.4.1}{\376\377\0006\000.\0008\000.\0004\000.\0001\000\040\000m\0000}{subsection.6.8.4}% 190
\BOOKMARK [3][-]{subsubsection.6.8.4.2}{\376\377\0006\000.\0008\000.\0004\000.\0002\000\040\000m\0001}{subsection.6.8.4}% 191
\BOOKMARK [3][-]{subsubsection.6.8.4.3}{\376\377\0006\000.\0008\000.\0004\000.\0003\000\040\000r\000e\000s\000t\000L\000e\000n\000g\000t\000h}{subsection.6.8.4}% 192
\BOOKMARK [3][-]{subsubsection.6.8.4.4}{\376\377\0006\000.\0008\000.\0004\000.\0004\000\040\000s\000t\000i\000f\000f\000n\000e\000s\000s}{subsection.6.8.4}% 193
\BOOKMARK [0][-]{chapter.7}{\376\377\0007\000\040\000F\000i\000l\000e\000\040\000D\000o\000c\000u\000m\000e\000n\000t\000a\000t\000i\000o\000n}{}% 194
\BOOKMARK [1][-]{section.7.1}{\376\377\0007\000.\0001\000\040\000s\000r\000c\000/\000A\000c\000c\000e\000l\000e\000r\000o\000m\000e\000t\000e\000r\000.\000c\000p\000p\000\040\000F\000i\000l\000e\000\040\000R\000e\000f\000e\000r\000e\000n\000c\000e}{chapter.7}% 195
\BOOKMARK [2][-]{subsection.7.1.1}{\376\377\0007\000.\0001\000.\0001\000\040\000M\000a\000c\000r\000o\000\040\000D\000e\000f\000i\000n\000i\000t\000i\000o\000n\000\040\000D\000o\000c\000u\000m\000e\000n\000t\000a\000t\000i\000o\000n}{section.7.1}% 196
\BOOKMARK [3][-]{subsubsection.7.1.1.1}{\376\377\0007\000.\0001\000.\0001\000.\0001\000\040\000\137\000P\000R\000I\000V\000\137\000L\000I\000N\000E\000\137\000L\000E\000N}{subsection.7.1.1}% 197
\BOOKMARK [1][-]{section.7.2}{\376\377\0007\000.\0002\000\040\000s\000r\000c\000/\000A\000c\000c\000e\000l\000e\000r\000o\000m\000e\000t\000e\000r\000.\000h\000\040\000F\000i\000l\000e\000\040\000R\000e\000f\000e\000r\000e\000n\000c\000e}{chapter.7}% 198
\BOOKMARK [2][-]{subsection.7.2.1}{\376\377\0007\000.\0002\000.\0001\000\040\000M\000a\000c\000r\000o\000\040\000D\000e\000f\000i\000n\000i\000t\000i\000o\000n\000\040\000D\000o\000c\000u\000m\000e\000n\000t\000a\000t\000i\000o\000n}{section.7.2}% 199
\BOOKMARK [3][-]{subsubsection.7.2.1.1}{\376\377\0007\000.\0002\000.\0001\000.\0001\000\040\000C\000F\000G\000\137\000F\000I\000L\000E\000N\000A\000M\000E}{subsection.7.2.1}% 200
\BOOKMARK [1][-]{section.7.3}{\376\377\0007\000.\0003\000\040\000s\000r\000c\000/\000C\000o\000l\000l\000i\000s\000i\000o\000n\000.\000c\000p\000p\000\040\000F\000i\000l\000e\000\040\000R\000e\000f\000e\000r\000e\000n\000c\000e}{chapter.7}% 201
\BOOKMARK [1][-]{section.7.4}{\376\377\0007\000.\0004\000\040\000s\000r\000c\000/\000C\000o\000l\000l\000i\000s\000i\000o\000n\000.\000h\000\040\000F\000i\000l\000e\000\040\000R\000e\000f\000e\000r\000e\000n\000c\000e}{chapter.7}% 202
\BOOKMARK [2][-]{subsection.7.4.1}{\376\377\0007\000.\0004\000.\0001\000\040\000D\000e\000t\000a\000i\000l\000e\000d\000\040\000D\000e\000s\000c\000r\000i\000p\000t\000i\000o\000n}{section.7.4}% 203
\BOOKMARK [1][-]{section.7.5}{\376\377\0007\000.\0005\000\040\000s\000r\000c\000/\000d\000i\000c\000e\000.\000c\000\040\000F\000i\000l\000e\000\040\000R\000e\000f\000e\000r\000e\000n\000c\000e}{chapter.7}% 204
\BOOKMARK [2][-]{subsection.7.5.1}{\376\377\0007\000.\0005\000.\0001\000\040\000D\000e\000t\000a\000i\000l\000e\000d\000\040\000D\000e\000s\000c\000r\000i\000p\000t\000i\000o\000n}{section.7.5}% 205
\BOOKMARK [2][-]{subsection.7.5.2}{\376\377\0007\000.\0005\000.\0002\000\040\000V\000a\000r\000i\000a\000b\000l\000e\000\040\000D\000o\000c\000u\000m\000e\000n\000t\000a\000t\000i\000o\000n}{section.7.5}% 206
\BOOKMARK [3][-]{subsubsection.7.5.2.1}{\376\377\0007\000.\0005\000.\0002\000.\0001\000\040\000d\000i\000c\000e\000F\000w\000d\000I\000n\000d\000e\000x}{subsection.7.5.2}% 207
\BOOKMARK [3][-]{subsubsection.7.5.2.2}{\376\377\0007\000.\0005\000.\0002\000.\0002\000\040\000d\000i\000c\000e\000F\000w\000d\000I\000n\000d\000e\000x\000I}{subsection.7.5.2}% 208
\BOOKMARK [3][-]{subsubsection.7.5.2.3}{\376\377\0007\000.\0005\000.\0002\000.\0003\000\040\000d\000i\000c\000e\000F\000w\000d\000I\000n\000d\000e\000x\000L\000e\000n\000g\000t\000h}{subsection.7.5.2}% 209
\BOOKMARK [3][-]{subsubsection.7.5.2.4}{\376\377\0007\000.\0005\000.\0002\000.\0004\000\040\000d\000i\000c\000e\000M\000a\000s\000s\000e\000s}{subsection.7.5.2}% 210
\BOOKMARK [3][-]{subsubsection.7.5.2.5}{\376\377\0007\000.\0005\000.\0002\000.\0005\000\040\000d\000i\000c\000e\000M\000a\000s\000s\000F\000w\000d\000O\000f\000f\000s}{subsection.7.5.2}% 211
\BOOKMARK [3][-]{subsubsection.7.5.2.6}{\376\377\0007\000.\0005\000.\0002\000.\0006\000\040\000d\000i\000c\000e\000M\000a\000s\000s\000R\000e\000v\000O\000f\000f\000s}{subsection.7.5.2}% 212
\BOOKMARK [3][-]{subsubsection.7.5.2.7}{\376\377\0007\000.\0005\000.\0002\000.\0007\000\040\000d\000i\000c\000e\000M\000a\000s\000s\000R\000e\000v\000O\000f\000f\000s\000O\000r\000i\000g}{subsection.7.5.2}% 213
\BOOKMARK [3][-]{subsubsection.7.5.2.8}{\376\377\0007\000.\0005\000.\0002\000.\0008\000\040\000d\000i\000c\000e\000M\000a\000s\000s\000V\000e\000r\000t\000i\000c\000e\000s}{subsection.7.5.2}% 214
\BOOKMARK [3][-]{subsubsection.7.5.2.9}{\376\377\0007\000.\0005\000.\0002\000.\0009\000\040\000d\000i\000c\000e\000N\000o\000r\000m\000a\000l\000s}{subsection.7.5.2}% 215
\BOOKMARK [3][-]{subsubsection.7.5.2.10}{\376\377\0007\000.\0005\000.\0002\000.\0001\0000\000\040\000d\000i\000c\000e\000O\000b\000j\000e\000c\000t\000L\000e\000n\000g\000t\000h}{subsection.7.5.2}% 216
\BOOKMARK [3][-]{subsubsection.7.5.2.11}{\376\377\0007\000.\0005\000.\0002\000.\0001\0001\000\040\000d\000i\000c\000e\000O\000b\000j\000e\000c\000t\000N\000a\000m\000e\000s}{subsection.7.5.2}% 217
\BOOKMARK [3][-]{subsubsection.7.5.2.12}{\376\377\0007\000.\0005\000.\0002\000.\0001\0002\000\040\000d\000i\000c\000e\000O\000b\000j\000e\000c\000t\000N\000a\000m\000e\000s\000S\000t\000r\000i\000n\000g}{subsection.7.5.2}% 218
\BOOKMARK [3][-]{subsubsection.7.5.2.13}{\376\377\0007\000.\0005\000.\0002\000.\0001\0003\000\040\000d\000i\000c\000e\000O\000b\000j\000e\000c\000t\000O\000f\000f\000s\000e\000t}{subsection.7.5.2}% 219
\BOOKMARK [3][-]{subsubsection.7.5.2.14}{\376\377\0007\000.\0005\000.\0002\000.\0001\0004\000\040\000d\000i\000c\000e\000O\000b\000j\000e\000c\000t\000s}{subsection.7.5.2}% 220
\BOOKMARK [3][-]{subsubsection.7.5.2.15}{\376\377\0007\000.\0005\000.\0002\000.\0001\0005\000\040\000d\000i\000c\000e\000O\000b\000j\000e\000c\000t\000s\000W\000i\000t\000h\000M\000a\000s\000s}{subsection.7.5.2}% 221
\BOOKMARK [3][-]{subsubsection.7.5.2.16}{\376\377\0007\000.\0005\000.\0002\000.\0001\0006\000\040\000d\000i\000c\000e\000P\000o\000s\000i\000t\000i\000o\000n\000s}{subsection.7.5.2}% 222
\BOOKMARK [3][-]{subsubsection.7.5.2.17}{\376\377\0007\000.\0005\000.\0002\000.\0001\0007\000\040\000d\000i\000c\000e\000R\000e\000v\000I\000n\000d\000e\000x}{subsection.7.5.2}% 223
\BOOKMARK [3][-]{subsubsection.7.5.2.18}{\376\377\0007\000.\0005\000.\0002\000.\0001\0008\000\040\000d\000i\000c\000e\000T\000e\000x\000e\000l\000s}{subsection.7.5.2}% 224
\BOOKMARK [3][-]{subsubsection.7.5.2.19}{\376\377\0007\000.\0005\000.\0002\000.\0001\0009\000\040\000d\000i\000c\000e\000T\000e\000x\000t\000u\000r\000e\000F\000i\000l\000e\000P\000a\000t\000h}{subsection.7.5.2}% 225
\BOOKMARK [3][-]{subsubsection.7.5.2.20}{\376\377\0007\000.\0005\000.\0002\000.\0002\0000\000\040\000d\000i\000c\000e\000V\000e\000r\000t\000i\000c\000e\000s}{subsection.7.5.2}% 226
\BOOKMARK [1][-]{section.7.6}{\376\377\0007\000.\0006\000\040\000s\000r\000c\000/\000d\000i\000c\000e\000.\000h\000\040\000F\000i\000l\000e\000\040\000R\000e\000f\000e\000r\000e\000n\000c\000e}{chapter.7}% 227
\BOOKMARK [2][-]{subsection.7.6.1}{\376\377\0007\000.\0006\000.\0001\000\040\000D\000e\000t\000a\000i\000l\000e\000d\000\040\000D\000e\000s\000c\000r\000i\000p\000t\000i\000o\000n}{section.7.6}% 228
\BOOKMARK [2][-]{subsection.7.6.2}{\376\377\0007\000.\0006\000.\0002\000\040\000V\000a\000r\000i\000a\000b\000l\000e\000\040\000D\000o\000c\000u\000m\000e\000n\000t\000a\000t\000i\000o\000n}{section.7.6}% 229
\BOOKMARK [3][-]{subsubsection.7.6.2.1}{\376\377\0007\000.\0006\000.\0002\000.\0001\000\040\000d\000i\000c\000e\000F\000w\000d\000I\000n\000d\000e\000x}{subsection.7.6.2}% 230
\BOOKMARK [3][-]{subsubsection.7.6.2.2}{\376\377\0007\000.\0006\000.\0002\000.\0002\000\040\000d\000i\000c\000e\000F\000w\000d\000I\000n\000d\000e\000x\000I}{subsection.7.6.2}% 231
\BOOKMARK [3][-]{subsubsection.7.6.2.3}{\376\377\0007\000.\0006\000.\0002\000.\0003\000\040\000d\000i\000c\000e\000F\000w\000d\000I\000n\000d\000e\000x\000L\000e\000n\000g\000t\000h}{subsection.7.6.2}% 232
\BOOKMARK [3][-]{subsubsection.7.6.2.4}{\376\377\0007\000.\0006\000.\0002\000.\0004\000\040\000d\000i\000c\000e\000M\000a\000s\000s\000e\000s}{subsection.7.6.2}% 233
\BOOKMARK [3][-]{subsubsection.7.6.2.5}{\376\377\0007\000.\0006\000.\0002\000.\0005\000\040\000d\000i\000c\000e\000M\000a\000s\000s\000F\000w\000d\000O\000f\000f\000s}{subsection.7.6.2}% 234
\BOOKMARK [3][-]{subsubsection.7.6.2.6}{\376\377\0007\000.\0006\000.\0002\000.\0006\000\040\000d\000i\000c\000e\000M\000a\000s\000s\000R\000e\000v\000O\000f\000f\000s}{subsection.7.6.2}% 235
\BOOKMARK [3][-]{subsubsection.7.6.2.7}{\376\377\0007\000.\0006\000.\0002\000.\0007\000\040\000d\000i\000c\000e\000M\000a\000s\000s\000R\000e\000v\000O\000f\000f\000s\000O\000r\000i\000g}{subsection.7.6.2}% 236
\BOOKMARK [3][-]{subsubsection.7.6.2.8}{\376\377\0007\000.\0006\000.\0002\000.\0008\000\040\000d\000i\000c\000e\000M\000a\000s\000s\000V\000e\000r\000t\000i\000c\000e\000s}{subsection.7.6.2}% 237
\BOOKMARK [3][-]{subsubsection.7.6.2.9}{\376\377\0007\000.\0006\000.\0002\000.\0009\000\040\000d\000i\000c\000e\000N\000o\000r\000m\000a\000l\000s}{subsection.7.6.2}% 238
\BOOKMARK [3][-]{subsubsection.7.6.2.10}{\376\377\0007\000.\0006\000.\0002\000.\0001\0000\000\040\000d\000i\000c\000e\000O\000b\000j\000e\000c\000t\000L\000e\000n\000g\000t\000h}{subsection.7.6.2}% 239
\BOOKMARK [3][-]{subsubsection.7.6.2.11}{\376\377\0007\000.\0006\000.\0002\000.\0001\0001\000\040\000d\000i\000c\000e\000O\000b\000j\000e\000c\000t\000N\000a\000m\000e\000s}{subsection.7.6.2}% 240
\BOOKMARK [3][-]{subsubsection.7.6.2.12}{\376\377\0007\000.\0006\000.\0002\000.\0001\0002\000\040\000d\000i\000c\000e\000O\000b\000j\000e\000c\000t\000N\000a\000m\000e\000s\000S\000t\000r\000i\000n\000g}{subsection.7.6.2}% 241
\BOOKMARK [3][-]{subsubsection.7.6.2.13}{\376\377\0007\000.\0006\000.\0002\000.\0001\0003\000\040\000d\000i\000c\000e\000O\000b\000j\000e\000c\000t\000O\000f\000f\000s\000e\000t}{subsection.7.6.2}% 242
\BOOKMARK [3][-]{subsubsection.7.6.2.14}{\376\377\0007\000.\0006\000.\0002\000.\0001\0004\000\040\000d\000i\000c\000e\000O\000b\000j\000e\000c\000t\000s}{subsection.7.6.2}% 243
\BOOKMARK [3][-]{subsubsection.7.6.2.15}{\376\377\0007\000.\0006\000.\0002\000.\0001\0005\000\040\000d\000i\000c\000e\000O\000b\000j\000e\000c\000t\000s\000W\000i\000t\000h\000M\000a\000s\000s}{subsection.7.6.2}% 244
\BOOKMARK [3][-]{subsubsection.7.6.2.16}{\376\377\0007\000.\0006\000.\0002\000.\0001\0006\000\040\000d\000i\000c\000e\000P\000o\000s\000i\000t\000i\000o\000n\000s}{subsection.7.6.2}% 245
\BOOKMARK [3][-]{subsubsection.7.6.2.17}{\376\377\0007\000.\0006\000.\0002\000.\0001\0007\000\040\000d\000i\000c\000e\000R\000e\000v\000I\000n\000d\000e\000x}{subsection.7.6.2}% 246
\BOOKMARK [3][-]{subsubsection.7.6.2.18}{\376\377\0007\000.\0006\000.\0002\000.\0001\0008\000\040\000d\000i\000c\000e\000T\000e\000x\000e\000l\000s}{subsection.7.6.2}% 247
\BOOKMARK [3][-]{subsubsection.7.6.2.19}{\376\377\0007\000.\0006\000.\0002\000.\0001\0009\000\040\000d\000i\000c\000e\000T\000e\000x\000t\000u\000r\000e\000F\000i\000l\000e\000P\000a\000t\000h}{subsection.7.6.2}% 248
\BOOKMARK [3][-]{subsubsection.7.6.2.20}{\376\377\0007\000.\0006\000.\0002\000.\0002\0000\000\040\000d\000i\000c\000e\000V\000e\000r\000t\000i\000c\000e\000s}{subsection.7.6.2}% 249
\BOOKMARK [1][-]{section.7.7}{\376\377\0007\000.\0007\000\040\000s\000r\000c\000/\000m\000a\000i\000n\000.\000c\000p\000p\000\040\000F\000i\000l\000e\000\040\000R\000e\000f\000e\000r\000e\000n\000c\000e}{chapter.7}% 250
\BOOKMARK [2][-]{subsection.7.7.1}{\376\377\0007\000.\0007\000.\0001\000\040\000F\000u\000n\000c\000t\000i\000o\000n\000\040\000D\000o\000c\000u\000m\000e\000n\000t\000a\000t\000i\000o\000n}{section.7.7}% 251
\BOOKMARK [3][-]{subsubsection.7.7.1.1}{\376\377\0007\000.\0007\000.\0001\000.\0001\000\040\000d\000i\000s\000p\000l\000a\000y\000C\000a\000l\000l\000b\000a\000c\000k}{subsection.7.7.1}% 252
\BOOKMARK [3][-]{subsubsection.7.7.1.2}{\376\377\0007\000.\0007\000.\0001\000.\0002\000\040\000g\000e\000t\000T\000i\000m\000e}{subsection.7.7.1}% 253
\BOOKMARK [3][-]{subsubsection.7.7.1.3}{\376\377\0007\000.\0007\000.\0001\000.\0003\000\040\000i\000d\000l\000e\000C\000a\000l\000l\000b\000a\000c\000k}{subsection.7.7.1}% 254
\BOOKMARK [3][-]{subsubsection.7.7.1.4}{\376\377\0007\000.\0007\000.\0001\000.\0004\000\040\000i\000n\000i\000t\000i\000a\000l\000i\000z\000e}{subsection.7.7.1}% 255
\BOOKMARK [3][-]{subsubsection.7.7.1.5}{\376\377\0007\000.\0007\000.\0001\000.\0005\000\040\000k\000e\000y\000b\000o\000a\000r\000d\000C\000a\000l\000l\000b\000a\000c\000k}{subsection.7.7.1}% 256
\BOOKMARK [3][-]{subsubsection.7.7.1.6}{\376\377\0007\000.\0007\000.\0001\000.\0006\000\040\000m\000a\000i\000n}{subsection.7.7.1}% 257
\BOOKMARK [3][-]{subsubsection.7.7.1.7}{\376\377\0007\000.\0007\000.\0001\000.\0007\000\040\000m\000o\000t\000i\000o\000n\000C\000a\000l\000l\000b\000a\000c\000k}{subsection.7.7.1}% 258
\BOOKMARK [3][-]{subsubsection.7.7.1.8}{\376\377\0007\000.\0007\000.\0001\000.\0008\000\040\000m\000o\000u\000s\000e\000C\000a\000l\000l\000b\000a\000c\000k}{subsection.7.7.1}% 259
\BOOKMARK [3][-]{subsubsection.7.7.1.9}{\376\377\0007\000.\0007\000.\0001\000.\0009\000\040\000r\000e\000s\000h\000a\000p\000e\000C\000a\000l\000l\000b\000a\000c\000k}{subsection.7.7.1}% 260
\BOOKMARK [3][-]{subsubsection.7.7.1.10}{\376\377\0007\000.\0007\000.\0001\000.\0001\0000\000\040\000u\000p\000d\000a\000t\000e\000S\000i\000m\000u\000l\000a\000t\000i\000o\000n}{subsection.7.7.1}% 261
\BOOKMARK [2][-]{subsection.7.7.2}{\376\377\0007\000.\0007\000.\0002\000\040\000V\000a\000r\000i\000a\000b\000l\000e\000\040\000D\000o\000c\000u\000m\000e\000n\000t\000a\000t\000i\000o\000n}{section.7.7}% 262
\BOOKMARK [3][-]{subsubsection.7.7.2.1}{\376\377\0007\000.\0007\000.\0002\000.\0001\000\040\000M\000A\000X\000\137\000U\000P\000D\000A\000T\000E\000\137\000T\000I\000M\000E}{subsection.7.7.2}% 263
\BOOKMARK [3][-]{subsubsection.7.7.2.2}{\376\377\0007\000.\0007\000.\0002\000.\0002\000\040\000s\000c\000e\000n\000e}{subsection.7.7.2}% 264
\BOOKMARK [1][-]{section.7.8}{\376\377\0007\000.\0008\000\040\000s\000r\000c\000/\000M\000a\000s\000s\000.\000c\000p\000p\000\040\000F\000i\000l\000e\000\040\000R\000e\000f\000e\000r\000e\000n\000c\000e}{chapter.7}% 265
\BOOKMARK [2][-]{subsection.7.8.1}{\376\377\0007\000.\0008\000.\0001\000\040\000M\000a\000c\000r\000o\000\040\000D\000e\000f\000i\000n\000i\000t\000i\000o\000n\000\040\000D\000o\000c\000u\000m\000e\000n\000t\000a\000t\000i\000o\000n}{section.7.8}% 266
\BOOKMARK [3][-]{subsubsection.7.8.1.1}{\376\377\0007\000.\0008\000.\0001\000.\0001\000\040\000\137\000D\000E\000B\000U\000G\000\137\000M\000S\000G}{subsection.7.8.1}% 267
\BOOKMARK [3][-]{subsubsection.7.8.1.2}{\376\377\0007\000.\0008\000.\0001\000.\0002\000\040\000\137\000D\000E\000B\000U\000G\000\137\000M\000S\000G\000\137\000C}{subsection.7.8.1}% 268
\BOOKMARK [1][-]{section.7.9}{\376\377\0007\000.\0009\000\040\000s\000r\000c\000/\000M\000a\000s\000s\000.\000h\000\040\000F\000i\000l\000e\000\040\000R\000e\000f\000e\000r\000e\000n\000c\000e}{chapter.7}% 269
\BOOKMARK [1][-]{section.7.10}{\376\377\0007\000.\0001\0000\000\040\000s\000r\000c\000/\000M\000i\000p\000M\000a\000p\000.\000c\000p\000p\000\040\000F\000i\000l\000e\000\040\000R\000e\000f\000e\000r\000e\000n\000c\000e}{chapter.7}% 270
\BOOKMARK [1][-]{section.7.11}{\376\377\0007\000.\0001\0001\000\040\000s\000r\000c\000/\000M\000i\000p\000M\000a\000p\000.\000h\000\040\000F\000i\000l\000e\000\040\000R\000e\000f\000e\000r\000e\000n\000c\000e}{chapter.7}% 271
\BOOKMARK [1][-]{section.7.12}{\376\377\0007\000.\0001\0002\000\040\000s\000r\000c\000/\000m\000o\000d\000e\000l\000\137\000m\000a\000p\000p\000i\000n\000g\000.\000c\000p\000p\000\040\000F\000i\000l\000e\000\040\000R\000e\000f\000e\000r\000e\000n\000c\000e}{chapter.7}% 272
\BOOKMARK [2][-]{subsection.7.12.1}{\376\377\0007\000.\0001\0002\000.\0001\000\040\000D\000e\000t\000a\000i\000l\000e\000d\000\040\000D\000e\000s\000c\000r\000i\000p\000t\000i\000o\000n}{section.7.12}% 273
\BOOKMARK [2][-]{subsection.7.12.2}{\376\377\0007\000.\0001\0002\000.\0002\000\040\000M\000a\000c\000r\000o\000\040\000D\000e\000f\000i\000n\000i\000t\000i\000o\000n\000\040\000D\000o\000c\000u\000m\000e\000n\000t\000a\000t\000i\000o\000n}{section.7.12}% 274
\BOOKMARK [3][-]{subsubsection.7.12.2.1}{\376\377\0007\000.\0001\0002\000.\0002\000.\0001\000\040\000M\000O\000D\000E\000L}{subsection.7.12.2}% 275
\BOOKMARK [1][-]{section.7.13}{\376\377\0007\000.\0001\0003\000\040\000s\000r\000c\000/\000m\000o\000d\000e\000l\000\137\000m\000a\000p\000p\000i\000n\000g\000.\000h\000\040\000F\000i\000l\000e\000\040\000R\000e\000f\000e\000r\000e\000n\000c\000e}{chapter.7}% 276
\BOOKMARK [2][-]{subsection.7.13.1}{\376\377\0007\000.\0001\0003\000.\0001\000\040\000D\000e\000t\000a\000i\000l\000e\000d\000\040\000D\000e\000s\000c\000r\000i\000p\000t\000i\000o\000n}{section.7.13}% 277
\BOOKMARK [1][-]{section.7.14}{\376\377\0007\000.\0001\0004\000\040\000s\000r\000c\000/\000R\000e\000s\000o\000u\000r\000c\000e\000P\000a\000t\000h\000.\000h\000\040\000F\000i\000l\000e\000\040\000R\000e\000f\000e\000r\000e\000n\000c\000e}{chapter.7}% 278
\BOOKMARK [2][-]{subsection.7.14.1}{\376\377\0007\000.\0001\0004\000.\0001\000\040\000F\000u\000n\000c\000t\000i\000o\000n\000\040\000D\000o\000c\000u\000m\000e\000n\000t\000a\000t\000i\000o\000n}{section.7.14}% 279
\BOOKMARK [3][-]{subsubsection.7.14.1.1}{\376\377\0007\000.\0001\0004\000.\0001\000.\0001\000\040\000g\000e\000t\000B\000a\000s\000e\000P\000a\000t\000h}{subsection.7.14.1}% 280
\BOOKMARK [3][-]{subsubsection.7.14.1.2}{\376\377\0007\000.\0001\0004\000.\0001\000.\0002\000\040\000g\000e\000t\000R\000e\000s\000o\000u\000r\000c\000e\000P\000a\000t\000h}{subsection.7.14.1}% 281
\BOOKMARK [1][-]{section.7.15}{\376\377\0007\000.\0001\0005\000\040\000s\000r\000c\000/\000S\000c\000e\000n\000e\000.\000c\000p\000p\000\040\000F\000i\000l\000e\000\040\000R\000e\000f\000e\000r\000e\000n\000c\000e}{chapter.7}% 282
\BOOKMARK [1][-]{section.7.16}{\376\377\0007\000.\0001\0006\000\040\000s\000r\000c\000/\000S\000c\000e\000n\000e\000.\000h\000\040\000F\000i\000l\000e\000\040\000R\000e\000f\000e\000r\000e\000n\000c\000e}{chapter.7}% 283
\BOOKMARK [1][-]{section.7.17}{\376\377\0007\000.\0001\0007\000\040\000s\000r\000c\000/\000S\000G\000I\000i\000m\000a\000g\000e\000.\000c\000\040\000F\000i\000l\000e\000\040\000R\000e\000f\000e\000r\000e\000n\000c\000e}{chapter.7}% 284
\BOOKMARK [2][-]{subsection.7.17.1}{\376\377\0007\000.\0001\0007\000.\0001\000\040\000M\000a\000c\000r\000o\000\040\000D\000e\000f\000i\000n\000i\000t\000i\000o\000n\000\040\000D\000o\000c\000u\000m\000e\000n\000t\000a\000t\000i\000o\000n}{section.7.17}% 285
\BOOKMARK [3][-]{subsubsection.7.17.1.1}{\376\377\0007\000.\0001\0007\000.\0001\000.\0001\000\040\000I\000M\000A\000G\000I\000C}{subsection.7.17.1}% 286
\BOOKMARK [3][-]{subsubsection.7.17.1.2}{\376\377\0007\000.\0001\0007\000.\0001\000.\0002\000\040\000I\000M\000A\000G\000I\000C\000\137\000S\000W\000A\000P}{subsection.7.17.1}% 287
\BOOKMARK [3][-]{subsubsection.7.17.1.3}{\376\377\0007\000.\0001\0007\000.\0001\000.\0003\000\040\000S\000W\000A\000P\000\137\000L\000O\000N\000G\000\137\000B\000Y\000T\000E\000S}{subsection.7.17.1}% 288
\BOOKMARK [3][-]{subsubsection.7.17.1.4}{\376\377\0007\000.\0001\0007\000.\0001\000.\0004\000\040\000S\000W\000A\000P\000\137\000S\000H\000O\000R\000T\000\137\000B\000Y\000T\000E\000S}{subsection.7.17.1}% 289
\BOOKMARK [2][-]{subsection.7.17.2}{\376\377\0007\000.\0001\0007\000.\0002\000\040\000F\000u\000n\000c\000t\000i\000o\000n\000\040\000D\000o\000c\000u\000m\000e\000n\000t\000a\000t\000i\000o\000n}{section.7.17}% 290
\BOOKMARK [3][-]{subsubsection.7.17.2.1}{\376\377\0007\000.\0001\0007\000.\0002\000.\0001\000\040\000I\000m\000a\000g\000e\000C\000l\000o\000s\000e}{subsection.7.17.2}% 291
\BOOKMARK [3][-]{subsubsection.7.17.2.2}{\376\377\0007\000.\0001\0007\000.\0002\000.\0002\000\040\000I\000m\000a\000g\000e\000G\000e\000t\000R\000a\000w\000D\000a\000t\000a}{subsection.7.17.2}% 292
\BOOKMARK [3][-]{subsubsection.7.17.2.3}{\376\377\0007\000.\0001\0007\000.\0002\000.\0003\000\040\000I\000m\000a\000g\000e\000G\000e\000t\000R\000o\000w}{subsection.7.17.2}% 293
\BOOKMARK [3][-]{subsubsection.7.17.2.4}{\376\377\0007\000.\0001\0007\000.\0002\000.\0004\000\040\000I\000m\000a\000g\000e\000L\000o\000a\000d}{subsection.7.17.2}% 294
\BOOKMARK [3][-]{subsubsection.7.17.2.5}{\376\377\0007\000.\0001\0007\000.\0002\000.\0005\000\040\000I\000m\000a\000g\000e\000O\000p\000e\000n}{subsection.7.17.2}% 295
\BOOKMARK [1][-]{section.7.18}{\376\377\0007\000.\0001\0008\000\040\000s\000r\000c\000/\000S\000G\000I\000i\000m\000a\000g\000e\000.\000h\000\040\000F\000i\000l\000e\000\040\000R\000e\000f\000e\000r\000e\000n\000c\000e}{chapter.7}% 296
\BOOKMARK [2][-]{subsection.7.18.1}{\376\377\0007\000.\0001\0008\000.\0001\000\040\000F\000u\000n\000c\000t\000i\000o\000n\000\040\000D\000o\000c\000u\000m\000e\000n\000t\000a\000t\000i\000o\000n}{section.7.18}% 297
\BOOKMARK [3][-]{subsubsection.7.18.1.1}{\376\377\0007\000.\0001\0008\000.\0001\000.\0001\000\040\000I\000m\000a\000g\000e\000L\000o\000a\000d}{subsection.7.18.1}% 298
\BOOKMARK [1][-]{section.7.19}{\376\377\0007\000.\0001\0009\000\040\000s\000r\000c\000/\000S\000i\000m\000u\000l\000a\000t\000i\000o\000n\000.\000c\000p\000p\000\040\000F\000i\000l\000e\000\040\000R\000e\000f\000e\000r\000e\000n\000c\000e}{chapter.7}% 299
\BOOKMARK [1][-]{section.7.20}{\376\377\0007\000.\0002\0000\000\040\000s\000r\000c\000/\000S\000i\000m\000u\000l\000a\000t\000i\000o\000n\000.\000h\000\040\000F\000i\000l\000e\000\040\000R\000e\000f\000e\000r\000e\000n\000c\000e}{chapter.7}% 300
\BOOKMARK [1][-]{section.7.21}{\376\377\0007\000.\0002\0001\000\040\000s\000r\000c\000/\000s\000k\000i\000r\000t\000\137\000s\000p\000h\000e\000r\000e\000.\000c\000\040\000F\000i\000l\000e\000\040\000R\000e\000f\000e\000r\000e\000n\000c\000e}{chapter.7}% 301
\BOOKMARK [2][-]{subsection.7.21.1}{\376\377\0007\000.\0002\0001\000.\0001\000\040\000D\000e\000t\000a\000i\000l\000e\000d\000\040\000D\000e\000s\000c\000r\000i\000p\000t\000i\000o\000n}{section.7.21}% 302
\BOOKMARK [2][-]{subsection.7.21.2}{\376\377\0007\000.\0002\0001\000.\0002\000\040\000V\000a\000r\000i\000a\000b\000l\000e\000\040\000D\000o\000c\000u\000m\000e\000n\000t\000a\000t\000i\000o\000n}{section.7.21}% 303
\BOOKMARK [3][-]{subsubsection.7.21.2.1}{\376\377\0007\000.\0002\0001\000.\0002\000.\0001\000\040\000s\000k\000i\000r\000t\000\137\000s\000p\000h\000e\000r\000e\000F\000w\000d\000I\000n\000d\000e\000x}{subsection.7.21.2}% 304
\BOOKMARK [3][-]{subsubsection.7.21.2.2}{\376\377\0007\000.\0002\0001\000.\0002\000.\0002\000\040\000s\000k\000i\000r\000t\000\137\000s\000p\000h\000e\000r\000e\000F\000w\000d\000I\000n\000d\000e\000x\000I}{subsection.7.21.2}% 305
\BOOKMARK [3][-]{subsubsection.7.21.2.3}{\376\377\0007\000.\0002\0001\000.\0002\000.\0003\000\040\000s\000k\000i\000r\000t\000\137\000s\000p\000h\000e\000r\000e\000F\000w\000d\000I\000n\000d\000e\000x\000L\000e\000n\000g\000t\000h}{subsection.7.21.2}% 306
\BOOKMARK [3][-]{subsubsection.7.21.2.4}{\376\377\0007\000.\0002\0001\000.\0002\000.\0004\000\040\000s\000k\000i\000r\000t\000\137\000s\000p\000h\000e\000r\000e\000M\000a\000s\000s\000e\000s}{subsection.7.21.2}% 307
\BOOKMARK [3][-]{subsubsection.7.21.2.5}{\376\377\0007\000.\0002\0001\000.\0002\000.\0005\000\040\000s\000k\000i\000r\000t\000\137\000s\000p\000h\000e\000r\000e\000M\000a\000s\000s\000F\000w\000d\000O\000f\000f\000s}{subsection.7.21.2}% 308
\BOOKMARK [3][-]{subsubsection.7.21.2.6}{\376\377\0007\000.\0002\0001\000.\0002\000.\0006\000\040\000s\000k\000i\000r\000t\000\137\000s\000p\000h\000e\000r\000e\000M\000a\000s\000s\000R\000e\000v\000O\000f\000f\000s}{subsection.7.21.2}% 309
\BOOKMARK [3][-]{subsubsection.7.21.2.7}{\376\377\0007\000.\0002\0001\000.\0002\000.\0007\000\040\000s\000k\000i\000r\000t\000\137\000s\000p\000h\000e\000r\000e\000M\000a\000s\000s\000R\000e\000v\000O\000f\000f\000s\000O\000r\000i\000g}{subsection.7.21.2}% 310
\BOOKMARK [3][-]{subsubsection.7.21.2.8}{\376\377\0007\000.\0002\0001\000.\0002\000.\0008\000\040\000s\000k\000i\000r\000t\000\137\000s\000p\000h\000e\000r\000e\000M\000a\000s\000s\000V\000e\000r\000t\000i\000c\000e\000s}{subsection.7.21.2}% 311
\BOOKMARK [3][-]{subsubsection.7.21.2.9}{\376\377\0007\000.\0002\0001\000.\0002\000.\0009\000\040\000s\000k\000i\000r\000t\000\137\000s\000p\000h\000e\000r\000e\000N\000o\000r\000m\000a\000l\000s}{subsection.7.21.2}% 312
\BOOKMARK [3][-]{subsubsection.7.21.2.10}{\376\377\0007\000.\0002\0001\000.\0002\000.\0001\0000\000\040\000s\000k\000i\000r\000t\000\137\000s\000p\000h\000e\000r\000e\000O\000b\000j\000e\000c\000t\000L\000e\000n\000g\000t\000h}{subsection.7.21.2}% 313
\BOOKMARK [3][-]{subsubsection.7.21.2.11}{\376\377\0007\000.\0002\0001\000.\0002\000.\0001\0001\000\040\000s\000k\000i\000r\000t\000\137\000s\000p\000h\000e\000r\000e\000O\000b\000j\000e\000c\000t\000N\000a\000m\000e\000s}{subsection.7.21.2}% 314
\BOOKMARK [3][-]{subsubsection.7.21.2.12}{\376\377\0007\000.\0002\0001\000.\0002\000.\0001\0002\000\040\000s\000k\000i\000r\000t\000\137\000s\000p\000h\000e\000r\000e\000O\000b\000j\000e\000c\000t\000N\000a\000m\000e\000s\000S\000t\000r\000i\000n\000g}{subsection.7.21.2}% 315
\BOOKMARK [3][-]{subsubsection.7.21.2.13}{\376\377\0007\000.\0002\0001\000.\0002\000.\0001\0003\000\040\000s\000k\000i\000r\000t\000\137\000s\000p\000h\000e\000r\000e\000O\000b\000j\000e\000c\000t\000O\000f\000f\000s\000e\000t}{subsection.7.21.2}% 316
\BOOKMARK [3][-]{subsubsection.7.21.2.14}{\376\377\0007\000.\0002\0001\000.\0002\000.\0001\0004\000\040\000s\000k\000i\000r\000t\000\137\000s\000p\000h\000e\000r\000e\000O\000b\000j\000e\000c\000t\000s}{subsection.7.21.2}% 317
\BOOKMARK [3][-]{subsubsection.7.21.2.15}{\376\377\0007\000.\0002\0001\000.\0002\000.\0001\0005\000\040\000s\000k\000i\000r\000t\000\137\000s\000p\000h\000e\000r\000e\000O\000b\000j\000e\000c\000t\000s\000W\000i\000t\000h\000M\000a\000s\000s}{subsection.7.21.2}% 318
\BOOKMARK [3][-]{subsubsection.7.21.2.16}{\376\377\0007\000.\0002\0001\000.\0002\000.\0001\0006\000\040\000s\000k\000i\000r\000t\000\137\000s\000p\000h\000e\000r\000e\000P\000o\000s\000i\000t\000i\000o\000n\000s}{subsection.7.21.2}% 319
\BOOKMARK [3][-]{subsubsection.7.21.2.17}{\376\377\0007\000.\0002\0001\000.\0002\000.\0001\0007\000\040\000s\000k\000i\000r\000t\000\137\000s\000p\000h\000e\000r\000e\000R\000e\000v\000I\000n\000d\000e\000x}{subsection.7.21.2}% 320
\BOOKMARK [3][-]{subsubsection.7.21.2.18}{\376\377\0007\000.\0002\0001\000.\0002\000.\0001\0008\000\040\000s\000k\000i\000r\000t\000\137\000s\000p\000h\000e\000r\000e\000T\000e\000x\000e\000l\000s}{subsection.7.21.2}% 321
\BOOKMARK [3][-]{subsubsection.7.21.2.19}{\376\377\0007\000.\0002\0001\000.\0002\000.\0001\0009\000\040\000s\000k\000i\000r\000t\000\137\000s\000p\000h\000e\000r\000e\000T\000e\000x\000t\000u\000r\000e\000F\000i\000l\000e\000P\000a\000t\000h}{subsection.7.21.2}% 322
\BOOKMARK [3][-]{subsubsection.7.21.2.20}{\376\377\0007\000.\0002\0001\000.\0002\000.\0002\0000\000\040\000s\000k\000i\000r\000t\000\137\000s\000p\000h\000e\000r\000e\000V\000e\000r\000t\000i\000c\000e\000s}{subsection.7.21.2}% 323
\BOOKMARK [1][-]{section.7.22}{\376\377\0007\000.\0002\0002\000\040\000s\000r\000c\000/\000s\000k\000i\000r\000t\000\137\000s\000p\000h\000e\000r\000e\000.\000h\000\040\000F\000i\000l\000e\000\040\000R\000e\000f\000e\000r\000e\000n\000c\000e}{chapter.7}% 324
\BOOKMARK [2][-]{subsection.7.22.1}{\376\377\0007\000.\0002\0002\000.\0001\000\040\000D\000e\000t\000a\000i\000l\000e\000d\000\040\000D\000e\000s\000c\000r\000i\000p\000t\000i\000o\000n}{section.7.22}% 325
\BOOKMARK [2][-]{subsection.7.22.2}{\376\377\0007\000.\0002\0002\000.\0002\000\040\000V\000a\000r\000i\000a\000b\000l\000e\000\040\000D\000o\000c\000u\000m\000e\000n\000t\000a\000t\000i\000o\000n}{section.7.22}% 326
\BOOKMARK [3][-]{subsubsection.7.22.2.1}{\376\377\0007\000.\0002\0002\000.\0002\000.\0001\000\040\000s\000k\000i\000r\000t\000\137\000s\000p\000h\000e\000r\000e\000F\000w\000d\000I\000n\000d\000e\000x}{subsection.7.22.2}% 327
\BOOKMARK [3][-]{subsubsection.7.22.2.2}{\376\377\0007\000.\0002\0002\000.\0002\000.\0002\000\040\000s\000k\000i\000r\000t\000\137\000s\000p\000h\000e\000r\000e\000F\000w\000d\000I\000n\000d\000e\000x\000I}{subsection.7.22.2}% 328
\BOOKMARK [3][-]{subsubsection.7.22.2.3}{\376\377\0007\000.\0002\0002\000.\0002\000.\0003\000\040\000s\000k\000i\000r\000t\000\137\000s\000p\000h\000e\000r\000e\000F\000w\000d\000I\000n\000d\000e\000x\000L\000e\000n\000g\000t\000h}{subsection.7.22.2}% 329
\BOOKMARK [3][-]{subsubsection.7.22.2.4}{\376\377\0007\000.\0002\0002\000.\0002\000.\0004\000\040\000s\000k\000i\000r\000t\000\137\000s\000p\000h\000e\000r\000e\000M\000a\000s\000s\000e\000s}{subsection.7.22.2}% 330
\BOOKMARK [3][-]{subsubsection.7.22.2.5}{\376\377\0007\000.\0002\0002\000.\0002\000.\0005\000\040\000s\000k\000i\000r\000t\000\137\000s\000p\000h\000e\000r\000e\000M\000a\000s\000s\000F\000w\000d\000O\000f\000f\000s}{subsection.7.22.2}% 331
\BOOKMARK [3][-]{subsubsection.7.22.2.6}{\376\377\0007\000.\0002\0002\000.\0002\000.\0006\000\040\000s\000k\000i\000r\000t\000\137\000s\000p\000h\000e\000r\000e\000M\000a\000s\000s\000R\000e\000v\000O\000f\000f\000s}{subsection.7.22.2}% 332
\BOOKMARK [3][-]{subsubsection.7.22.2.7}{\376\377\0007\000.\0002\0002\000.\0002\000.\0007\000\040\000s\000k\000i\000r\000t\000\137\000s\000p\000h\000e\000r\000e\000M\000a\000s\000s\000R\000e\000v\000O\000f\000f\000s\000O\000r\000i\000g}{subsection.7.22.2}% 333
\BOOKMARK [3][-]{subsubsection.7.22.2.8}{\376\377\0007\000.\0002\0002\000.\0002\000.\0008\000\040\000s\000k\000i\000r\000t\000\137\000s\000p\000h\000e\000r\000e\000M\000a\000s\000s\000V\000e\000r\000t\000i\000c\000e\000s}{subsection.7.22.2}% 334
\BOOKMARK [3][-]{subsubsection.7.22.2.9}{\376\377\0007\000.\0002\0002\000.\0002\000.\0009\000\040\000s\000k\000i\000r\000t\000\137\000s\000p\000h\000e\000r\000e\000N\000o\000r\000m\000a\000l\000s}{subsection.7.22.2}% 335
\BOOKMARK [3][-]{subsubsection.7.22.2.10}{\376\377\0007\000.\0002\0002\000.\0002\000.\0001\0000\000\040\000s\000k\000i\000r\000t\000\137\000s\000p\000h\000e\000r\000e\000O\000b\000j\000e\000c\000t\000L\000e\000n\000g\000t\000h}{subsection.7.22.2}% 336
\BOOKMARK [3][-]{subsubsection.7.22.2.11}{\376\377\0007\000.\0002\0002\000.\0002\000.\0001\0001\000\040\000s\000k\000i\000r\000t\000\137\000s\000p\000h\000e\000r\000e\000O\000b\000j\000e\000c\000t\000N\000a\000m\000e\000s}{subsection.7.22.2}% 337
\BOOKMARK [3][-]{subsubsection.7.22.2.12}{\376\377\0007\000.\0002\0002\000.\0002\000.\0001\0002\000\040\000s\000k\000i\000r\000t\000\137\000s\000p\000h\000e\000r\000e\000O\000b\000j\000e\000c\000t\000N\000a\000m\000e\000s\000S\000t\000r\000i\000n\000g}{subsection.7.22.2}% 338
\BOOKMARK [3][-]{subsubsection.7.22.2.13}{\376\377\0007\000.\0002\0002\000.\0002\000.\0001\0003\000\040\000s\000k\000i\000r\000t\000\137\000s\000p\000h\000e\000r\000e\000O\000b\000j\000e\000c\000t\000O\000f\000f\000s\000e\000t}{subsection.7.22.2}% 339
\BOOKMARK [3][-]{subsubsection.7.22.2.14}{\376\377\0007\000.\0002\0002\000.\0002\000.\0001\0004\000\040\000s\000k\000i\000r\000t\000\137\000s\000p\000h\000e\000r\000e\000O\000b\000j\000e\000c\000t\000s}{subsection.7.22.2}% 340
\BOOKMARK [3][-]{subsubsection.7.22.2.15}{\376\377\0007\000.\0002\0002\000.\0002\000.\0001\0005\000\040\000s\000k\000i\000r\000t\000\137\000s\000p\000h\000e\000r\000e\000O\000b\000j\000e\000c\000t\000s\000W\000i\000t\000h\000M\000a\000s\000s}{subsection.7.22.2}% 341
\BOOKMARK [3][-]{subsubsection.7.22.2.16}{\376\377\0007\000.\0002\0002\000.\0002\000.\0001\0006\000\040\000s\000k\000i\000r\000t\000\137\000s\000p\000h\000e\000r\000e\000P\000o\000s\000i\000t\000i\000o\000n\000s}{subsection.7.22.2}% 342
\BOOKMARK [3][-]{subsubsection.7.22.2.17}{\376\377\0007\000.\0002\0002\000.\0002\000.\0001\0007\000\040\000s\000k\000i\000r\000t\000\137\000s\000p\000h\000e\000r\000e\000R\000e\000v\000I\000n\000d\000e\000x}{subsection.7.22.2}% 343
\BOOKMARK [3][-]{subsubsection.7.22.2.18}{\376\377\0007\000.\0002\0002\000.\0002\000.\0001\0008\000\040\000s\000k\000i\000r\000t\000\137\000s\000p\000h\000e\000r\000e\000T\000e\000x\000e\000l\000s}{subsection.7.22.2}% 344
\BOOKMARK [3][-]{subsubsection.7.22.2.19}{\376\377\0007\000.\0002\0002\000.\0002\000.\0001\0009\000\040\000s\000k\000i\000r\000t\000\137\000s\000p\000h\000e\000r\000e\000T\000e\000x\000t\000u\000r\000e\000F\000i\000l\000e\000P\000a\000t\000h}{subsection.7.22.2}% 345
\BOOKMARK [3][-]{subsubsection.7.22.2.20}{\376\377\0007\000.\0002\0002\000.\0002\000.\0002\0000\000\040\000s\000k\000i\000r\000t\000\137\000s\000p\000h\000e\000r\000e\000V\000e\000r\000t\000i\000c\000e\000s}{subsection.7.22.2}% 346
\BOOKMARK [1][-]{section.7.23}{\376\377\0007\000.\0002\0003\000\040\000s\000r\000c\000/\000S\000p\000r\000i\000n\000g\000.\000c\000p\000p\000\040\000F\000i\000l\000e\000\040\000R\000e\000f\000e\000r\000e\000n\000c\000e}{chapter.7}% 347
\BOOKMARK [2][-]{subsection.7.23.1}{\376\377\0007\000.\0002\0003\000.\0001\000\040\000M\000a\000c\000r\000o\000\040\000D\000e\000f\000i\000n\000i\000t\000i\000o\000n\000\040\000D\000o\000c\000u\000m\000e\000n\000t\000a\000t\000i\000o\000n}{section.7.23}% 348
\BOOKMARK [3][-]{subsubsection.7.23.1.1}{\376\377\0007\000.\0002\0003\000.\0001\000.\0001\000\040\000\137\000D\000E\000B\000U\000G\000\137\000M\000S\000G}{subsection.7.23.1}% 349
\BOOKMARK [3][-]{subsubsection.7.23.1.2}{\376\377\0007\000.\0002\0003\000.\0001\000.\0002\000\040\000\137\000D\000E\000B\000U\000G\000\137\000M\000S\000G\000\137\000C}{subsection.7.23.1}% 350
\BOOKMARK [1][-]{section.7.24}{\376\377\0007\000.\0002\0004\000\040\000s\000r\000c\000/\000S\000p\000r\000i\000n\000g\000.\000h\000\040\000F\000i\000l\000e\000\040\000R\000e\000f\000e\000r\000e\000n\000c\000e}{chapter.7}% 351
